[ 2015-09-11T18:54:13+08:00 ] ::1 /ke361/index.php?s=/Admin/CategoryGoods/index/id/3.html
SQL: SHOW COLUMNS FROM `wu_menu` [ RunTime:0.063004s ]
SQL: SELECT * FROM `wu_menu` WHERE ( `pid` = 0 ) AND ( `hide` = 0 ) ORDER BY sort asc  [ RunTime:0.068004s ]
SQL: SELECT `id` FROM `wu_menu` WHERE ( url like '%CategoryGoods/index%' ) LIMIT 1   [ RunTime:0.006000s ]
SQL: SHOW COLUMNS FROM `wu_menu` [ RunTime:0.003000s ]
SQL: SELECT `id`,`pid`,`title` FROM `wu_menu` WHERE ( id=135 ) LIMIT 1   [ RunTime:0.000000s ]
SQL: SELECT `id`,`pid`,`title` FROM `wu_menu` WHERE ( id=131 ) LIMIT 1   [ RunTime:0.000000s ]
SQL: SELECT DISTINCT  `group` FROM `wu_menu` WHERE ( pid = 131 )  [ RunTime:0.016001s ]
SQL: SELECT `id`,`url` FROM `wu_menu` WHERE ( `pid` = 131 ) AND ( `hide` = 0 )  [ RunTime:0.001000s ]
SQL: SELECT `id`,`pid`,`title`,`url`,`tip` FROM `wu_menu` WHERE ( `group` = '商品' ) AND ( `pid` = 131 ) AND ( `hide` = 0 ) ORDER BY sort asc  [ RunTime:0.000000s ]
SQL: SELECT `id`,`pid`,`title`,`url`,`tip` FROM `wu_menu` WHERE ( `group` = '采集' ) AND ( `pid` = 131 ) AND ( `hide` = 0 ) ORDER BY sort asc  [ RunTime:0.001000s ]
SQL: SELECT `id`,`pid`,`title`,`url`,`tip` FROM `wu_menu` WHERE ( `group` = '分类' ) AND ( `pid` = 131 ) AND ( `hide` = 0 ) ORDER BY sort asc  [ RunTime:0.000000s ]
SQL: SELECT `id`,`pid`,`title`,`url`,`tip` FROM `wu_menu` WHERE ( `group` = '专题' ) AND ( `pid` = 131 ) AND ( `hide` = 0 ) ORDER BY sort asc  [ RunTime:0.000000s ]
SQL: SHOW COLUMNS FROM `wu_category_goods` [ RunTime:0.005001s ]
SQL: SELECT * FROM `wu_category_goods` WHERE ( `p_id` = 3 ) ORDER BY `sort` desc,id desc  [ RunTime:0.008000s ]
INFO: [ view_parse ] --START--
INFO: [ template_filter ] --START--
INFO: Run Behavior\ContentReplace [ RunTime:0.001000s ]
INFO: [ template_filter ] --END-- [ RunTime:0.001000s ]
NOTIC: [8] Undefined variable: meta_title D:\xampp\htdocs\KE361\Runtime\Cache\Admin\74b89b1c5260d3f6e7b43b8778381a58.php 第 5 行.
NOTIC: [8] Undefined index: sort_id D:\xampp\htdocs\KE361\Runtime\Cache\Admin\74b89b1c5260d3f6e7b43b8778381a58.php 第 126 行.
INFO: Run Behavior\ParseTemplate [ RunTime:0.248014s ]
INFO: [ view_parse ] --END-- [ RunTime:0.248014s ]
INFO: [ view_filter ] --START--
INFO: Run Behavior\WriteHtmlCache [ RunTime:0.029002s ]
INFO: [ view_filter ] --END-- [ RunTime:0.029002s ]
INFO: [ app_end ] --START--
INFO: Run Behavior\ShowPageTrace [ RunTime:0.003000s ]
INFO: [ app_end ] --END-- [ RunTime:0.003000s ]

[ 2015-09-11T18:54:14+08:00 ] ::1 /ke361/index.php?s=/Home/goods/cate/id/2.html
NOTIC: [8] Use of undefined constant UID - assumed 'UID' D:\xampp\htdocs\KE361\Application\Home\Controller\HomeController.class.php 第 30 行.
SQL: SHOW COLUMNS FROM `wu_member` [ RunTime:0.003001s ]
SQL: SELECT `uid`,um.username,wu_member.last_login_time,wu_member.last_login_ip,wu_member.reg_time,`mobile`,`email`,`score`,`avatar` FROM `wu_member` LEFT JOIN wu_ucenter_member as um ON wu_member.uid = um.id  WHERE ( `uid` = '4' ) LIMIT 1   [ RunTime:0.208012s ]
SQL: SHOW COLUMNS FROM `wu_nav` [ RunTime:0.003000s ]
SQL: SELECT * FROM `wu_nav` ORDER BY sort ASC LIMIT 9   [ RunTime:0.042003s ]
SQL: SHOW COLUMNS FROM `wu_friendlink` [ RunTime:0.003000s ]
SQL: SELECT * FROM `wu_friendlink` WHERE ( `state` = 1 ) ORDER BY sort ASC LIMIT 9   [ RunTime:0.018001s ]
SQL: SHOW COLUMNS FROM `wu_category` [ RunTime:0.005000s ]
SQL: SELECT * FROM `wu_category` WHERE ( `status` = 1 ) AND ( `type` = 2 ) ORDER BY `sort` DESC,cate_id DESC LIMIT 8   [ RunTime:0.000000s ]
ERR: 1054:Unknown column 'cate_id' in 'order clause'
 [ SQL语句 ] : SELECT * FROM `wu_category` WHERE ( `status` = 1 ) AND ( `type` = 2 ) ORDER BY `sort` DESC,cate_id DESC LIMIT 8  
NOTIC: [2] Invalid argument supplied for foreach() D:\xampp\htdocs\KE361\Application\Home\Controller\HomeController.class.php 第 133 行.
NOTIC: [8] Undefined variable: article D:\xampp\htdocs\KE361\Application\Home\Controller\HomeController.class.php 第 138 行.
SQL: SHOW COLUMNS FROM `wu_category_goods` [ RunTime:0.003000s ]
SQL: SELECT * FROM `wu_category_goods` WHERE ( `id` = 2 ) LIMIT 1   [ RunTime:0.001000s ]
SQL: SHOW COLUMNS FROM `wu_search_keyword` [ RunTime:0.003001s ]
SQL: SELECT * FROM `wu_search_keyword` WHERE ( `isshow` = 1 ) ORDER BY times desc  [ RunTime:0.018001s ]
SQL: SHOW COLUMNS FROM `wu_support` [ RunTime:0.003000s ]
SQL: SELECT * FROM `wu_support` WHERE ( `status` = 1 ) ORDER BY sort desc  [ RunTime:0.025001s ]
SQL: SHOW COLUMNS FROM `wu_category_goods` [ RunTime:0.004000s ]
SQL: SELECT * FROM `wu_category_goods` WHERE ( `id` = 2 ) LIMIT 1   [ RunTime:0.001000s ]
SQL: SELECT * FROM `wu_category_goods` WHERE ( `p_id` = 2 )  [ RunTime:0.001001s ]
SQL: SHOW COLUMNS FROM `wu_goods` [ RunTime:0.009000s ]
SQL: SHOW COLUMNS FROM `wu_goods` [ RunTime:0.004000s ]
SQL: SELECT COUNT(*) AS tp_count FROM `wu_goods` WHERE ( `cate_id` = 2 ) AND ( `status` = 1 ) LIMIT 1   [ RunTime:0.086005s ]
SQL: SHOW COLUMNS FROM `wu_goods` [ RunTime:0.003000s ]
SQL: SELECT * FROM `wu_goods` WHERE ( `cate_id` = 2 ) AND ( `status` = 1 ) ORDER BY `sort` DESC,goods_id DESC LIMIT 0,10   [ RunTime:0.001000s ]
SQL: SELECT * FROM `wu_category_goods` WHERE ( `p_id` = 0 ) AND ( `status` = 1 ) ORDER BY sort ASC  [ RunTime:0.001000s ]
SQL: SELECT * FROM `wu_category_goods` WHERE ( `p_id` = 1 ) AND ( `status` = 1 ) ORDER BY sort ASC  [ RunTime:0.000000s ]
NOTIC: [2] Invalid argument supplied for foreach() D:\xampp\htdocs\KE361\Application\Home\Model\CategoryGoodsModel.class.php 第 40 行.
SQL: SELECT * FROM `wu_category_goods` WHERE ( `p_id` = 3 ) AND ( `status` = 1 ) ORDER BY sort ASC  [ RunTime:0.000000s ]
SQL: SELECT * FROM `wu_category_goods` WHERE ( `p_id` = 14 ) AND ( `status` = 1 ) ORDER BY sort ASC  [ RunTime:0.000000s ]
NOTIC: [2] Invalid argument supplied for foreach() D:\xampp\htdocs\KE361\Application\Home\Model\CategoryGoodsModel.class.php 第 40 行.
SQL: SELECT * FROM `wu_category_goods` WHERE ( `p_id` = 4 ) AND ( `status` = 1 ) ORDER BY sort ASC  [ RunTime:0.000000s ]
SQL: SELECT * FROM `wu_category_goods` WHERE ( `p_id` = 9 ) AND ( `status` = 1 ) ORDER BY sort ASC  [ RunTime:0.000000s ]
NOTIC: [2] Invalid argument supplied for foreach() D:\xampp\htdocs\KE361\Application\Home\Model\CategoryGoodsModel.class.php 第 40 行.
SQL: SELECT * FROM `wu_category_goods` WHERE ( `p_id` = 10 ) AND ( `status` = 1 ) ORDER BY sort ASC  [ RunTime:0.001000s ]
SQL: SELECT * FROM `wu_category_goods` WHERE ( `p_id` = 11 ) AND ( `status` = 1 ) ORDER BY sort ASC  [ RunTime:0.000000s ]
NOTIC: [2] Invalid argument supplied for foreach() D:\xampp\htdocs\KE361\Application\Home\Model\CategoryGoodsModel.class.php 第 40 行.
SQL: SELECT * FROM `wu_category_goods` WHERE ( `p_id` = 12 ) AND ( `status` = 1 ) ORDER BY sort ASC  [ RunTime:0.000000s ]
SQL: SELECT * FROM `wu_category_goods` WHERE ( `p_id` = 13 ) AND ( `status` = 1 ) ORDER BY sort ASC  [ RunTime:0.000000s ]
NOTIC: [2] Invalid argument supplied for foreach() D:\xampp\htdocs\KE361\Application\Home\Model\CategoryGoodsModel.class.php 第 40 行.
SQL: SELECT * FROM `wu_category_goods` WHERE ( `p_id` = 2 ) AND ( `status` = 1 ) ORDER BY sort ASC  [ RunTime:0.000000s ]
NOTIC: [2] Invalid argument supplied for foreach() D:\xampp\htdocs\KE361\Application\Home\Model\CategoryGoodsModel.class.php 第 40 行.
INFO: [ view_parse ] --START--
INFO: [ template_filter ] --START--
INFO: Run Behavior\ContentReplace [ RunTime:0.000000s ]
INFO: [ template_filter ] --END-- [ RunTime:0.000000s ]
NOTIC: [8] Undefined variable: ishome D:\xampp\htdocs\KE361\Runtime\Cache\Home\9f00623dc302491bce4d14bef939d347.php 第 183 行.
NOTIC: [2] Illegal string offset 'pid' D:\xampp\htdocs\KE361\Runtime\Cache\Home\9f00623dc302491bce4d14bef939d347.php 第 399 行.
NOTIC: [2] Illegal string offset 'pid' D:\xampp\htdocs\KE361\Runtime\Cache\Home\9f00623dc302491bce4d14bef939d347.php 第 399 行.
NOTIC: [2] Illegal string offset 'foot' D:\xampp\htdocs\KE361\Runtime\Cache\Home\9f00623dc302491bce4d14bef939d347.php 第 399 行.
NOTIC: [2] Illegal string offset 'pid' D:\xampp\htdocs\KE361\Runtime\Cache\Home\9f00623dc302491bce4d14bef939d347.php 第 399 行.
NOTIC: [2] Illegal string offset 'foot' D:\xampp\htdocs\KE361\Runtime\Cache\Home\9f00623dc302491bce4d14bef939d347.php 第 399 行.
NOTIC: [2] Illegal string offset 'pid' D:\xampp\htdocs\KE361\Runtime\Cache\Home\9f00623dc302491bce4d14bef939d347.php 第 399 行.
NOTIC: [2] Illegal string offset 'foot' D:\xampp\htdocs\KE361\Runtime\Cache\Home\9f00623dc302491bce4d14bef939d347.php 第 399 行.
NOTIC: [2] Illegal string offset 'pid' D:\xampp\htdocs\KE361\Runtime\Cache\Home\9f00623dc302491bce4d14bef939d347.php 第 399 行.
NOTIC: [2] Illegal string offset 'pid' D:\xampp\htdocs\KE361\Runtime\Cache\Home\9f00623dc302491bce4d14bef939d347.php 第 399 行.
NOTIC: [2] Illegal string offset 'pid' D:\xampp\htdocs\KE361\Runtime\Cache\Home\9f00623dc302491bce4d14bef939d347.php 第 399 行.
NOTIC: [2] Illegal string offset 'pid' D:\xampp\htdocs\KE361\Runtime\Cache\Home\9f00623dc302491bce4d14bef939d347.php 第 399 行.
NOTIC: [2] Illegal string offset 'pid' D:\xampp\htdocs\KE361\Runtime\Cache\Home\9f00623dc302491bce4d14bef939d347.php 第 399 行.
NOTIC: [2] Illegal string offset 'foot' D:\xampp\htdocs\KE361\Runtime\Cache\Home\9f00623dc302491bce4d14bef939d347.php 第 399 行.
NOTIC: [2] Illegal string offset 'pid' D:\xampp\htdocs\KE361\Runtime\Cache\Home\9f00623dc302491bce4d14bef939d347.php 第 399 行.
NOTIC: [2] Illegal string offset 'pid' D:\xampp\htdocs\KE361\Runtime\Cache\Home\9f00623dc302491bce4d14bef939d347.php 第 399 行.
NOTIC: [2] Illegal string offset 'pid' D:\xampp\htdocs\KE361\Runtime\Cache\Home\9f00623dc302491bce4d14bef939d347.php 第 399 行.
NOTIC: [8] Undefined variable: articleSort D:\xampp\htdocs\KE361\Runtime\Cache\Home\9f00623dc302491bce4d14bef939d347.php 第 407 行.
NOTIC: [8] Undefined variable: articleSort D:\xampp\htdocs\KE361\Runtime\Cache\Home\9f00623dc302491bce4d14bef939d347.php 第 408 行.
NOTIC: [8] Undefined variable: articleSort D:\xampp\htdocs\KE361\Runtime\Cache\Home\9f00623dc302491bce4d14bef939d347.php 第 412 行.
NOTIC: [8] Undefined variable: articleSort D:\xampp\htdocs\KE361\Runtime\Cache\Home\9f00623dc302491bce4d14bef939d347.php 第 413 行.
NOTIC: [8] Undefined variable: articleSort D:\xampp\htdocs\KE361\Runtime\Cache\Home\9f00623dc302491bce4d14bef939d347.php 第 417 行.
NOTIC: [8] Undefined variable: articleSort D:\xampp\htdocs\KE361\Runtime\Cache\Home\9f00623dc302491bce4d14bef939d347.php 第 418 行.
NOTIC: [8] Undefined variable: articleSort D:\xampp\htdocs\KE361\Runtime\Cache\Home\9f00623dc302491bce4d14bef939d347.php 第 422 行.
NOTIC: [8] Undefined variable: articleSort D:\xampp\htdocs\KE361\Runtime\Cache\Home\9f00623dc302491bce4d14bef939d347.php 第 423 行.
INFO: Run Behavior\ParseTemplate [ RunTime:0.379022s ]
INFO: [ view_parse ] --END-- [ RunTime:0.379022s ]
INFO: [ view_filter ] --START--
INFO: Run Behavior\WriteHtmlCache [ RunTime:0.004000s ]
INFO: [ view_filter ] --END-- [ RunTime:0.004000s ]
INFO: [ app_end ] --START--
INFO: Run Behavior\ShowPageTrace [ RunTime:0.002000s ]
INFO: [ app_end ] --END-- [ RunTime:0.002000s ]

[ 2015-09-11T18:54:15+08:00 ] ::1 /ke361/index.php?s=/Admin/Category/edit/id/40/pid/0.html
SQL: SHOW COLUMNS FROM `wu_menu` [ RunTime:0.006000s ]
SQL: SELECT * FROM `wu_menu` WHERE ( `pid` = 0 ) AND ( `hide` = 0 ) ORDER BY sort asc  [ RunTime:0.001000s ]
SQL: SELECT `id` FROM `wu_menu` WHERE ( url like '%Category/edit%' ) LIMIT 1   [ RunTime:0.000000s ]
SQL: SHOW COLUMNS FROM `wu_menu` [ RunTime:0.006001s ]
SQL: SELECT `id`,`pid`,`title` FROM `wu_menu` WHERE ( id=81 ) LIMIT 1   [ RunTime:0.002000s ]
SQL: SELECT `id`,`pid`,`title` FROM `wu_menu` WHERE ( id=80 ) LIMIT 1   [ RunTime:0.000000s ]
SQL: SELECT `id`,`pid`,`title` FROM `wu_menu` WHERE ( id=68 ) LIMIT 1   [ RunTime:0.000000s ]
SQL: SELECT DISTINCT  `group` FROM `wu_menu` WHERE ( pid = 68 )  [ RunTime:0.003000s ]
SQL: SELECT `id`,`url` FROM `wu_menu` WHERE ( `pid` = 68 ) AND ( `hide` = 0 )  [ RunTime:0.001000s ]
SQL: SELECT `id`,`pid`,`title`,`url`,`tip` FROM `wu_menu` WHERE ( `group` = '系统设置' ) AND ( `pid` = 68 ) AND ( `hide` = 0 ) ORDER BY sort asc  [ RunTime:0.000000s ]
SQL: SELECT `id`,`pid`,`title`,`url`,`tip` FROM `wu_menu` WHERE ( `group` = '' ) AND ( `pid` = 68 ) AND ( `hide` = 0 ) ORDER BY sort asc  [ RunTime:0.000000s ]
SQL: SELECT `id`,`pid`,`title`,`url`,`tip` FROM `wu_menu` WHERE ( `group` = '数据备份' ) AND ( `pid` = 68 ) AND ( `hide` = 0 ) ORDER BY sort asc  [ RunTime:0.000000s ]
SQL: SHOW COLUMNS FROM `wu_category` [ RunTime:0.005000s ]
SQL: SELECT `id`,`name`,`title`,`pid`,`ishome`,`sort`,`list_row`,`meta_title`,`keywords`,`description`,`template_index`,`template_lists`,`template_detail`,`template_edit`,`model`,`type`,`link_id`,`allow_publish`,`display`,`reply`,`check`,`reply_model`,`extend`,`create_time`,`update_time`,`status`,`icon` FROM `wu_category` WHERE ( `id` = 40 ) LIMIT 1   [ RunTime:0.036002s ]
INFO: [ view_parse ] --START--
INFO: [ template_filter ] --START--
INFO: Run Behavior\ContentReplace [ RunTime:0.001000s ]
INFO: [ template_filter ] --END-- [ RunTime:0.001000s ]
SQL: SHOW COLUMNS FROM `wu_picture` [ RunTime:0.005001s ]
SQL: SELECT * FROM `wu_picture` WHERE ( `id` = 49 ) LIMIT 1   [ RunTime:0.035002s ]
INFO: Run Behavior\ParseTemplate [ RunTime:0.170010s ]
INFO: [ view_parse ] --END-- [ RunTime:0.170010s ]
INFO: [ view_filter ] --START--
INFO: Run Behavior\WriteHtmlCache [ RunTime:0.001000s ]
INFO: [ view_filter ] --END-- [ RunTime:0.001000s ]
INFO: [ app_end ] --START--
INFO: Run Behavior\ShowPageTrace [ RunTime:0.000000s ]
INFO: [ app_end ] --END-- [ RunTime:0.000000s ]

[ 2015-09-11T18:54:15+08:00 ] ::1 /ke361/index.php?s=/Admin/Article/index/cate_id/42.html
SQL: SHOW COLUMNS FROM `wu_menu` [ RunTime:0.004000s ]
SQL: SELECT * FROM `wu_menu` WHERE ( `pid` = 0 ) AND ( `hide` = 0 ) ORDER BY sort asc  [ RunTime:0.001000s ]
SQL: SELECT `id` FROM `wu_menu` WHERE ( url like '%Article/index%' ) LIMIT 1   [ RunTime:0.000000s ]
SQL: SHOW COLUMNS FROM `wu_menu` [ RunTime:0.002000s ]
SQL: SELECT `id`,`pid`,`title` FROM `wu_menu` WHERE ( id=3 ) LIMIT 1   [ RunTime:0.000000s ]
SQL: SELECT `id`,`pid`,`title` FROM `wu_menu` WHERE ( id=2 ) LIMIT 1   [ RunTime:0.001000s ]
SQL: SELECT DISTINCT  `group` FROM `wu_menu` WHERE ( pid = 2 )  [ RunTime:0.000000s ]
SQL: SELECT `id`,`url` FROM `wu_menu` WHERE ( `pid` = 2 ) AND ( `hide` = 0 )  [ RunTime:0.000000s ]
SQL: SELECT `id`,`pid`,`title`,`url`,`tip` FROM `wu_menu` WHERE ( `group` = '内容' ) AND ( `pid` = 2 ) AND ( `hide` = 0 ) ORDER BY sort asc  [ RunTime:0.001000s ]
SQL: SHOW COLUMNS FROM `wu_auth_group_access` [ RunTime:0.006001s ]
SQL: SELECT `extend_id` FROM wu_auth_group_access g INNER JOIN wu_auth_extend c on g.group_id=c.group_id  WHERE ( g.uid='1' and c.type='1' and !isnull(extend_id) )  [ RunTime:0.082004s ]
SQL: SHOW COLUMNS FROM `wu_category` [ RunTime:0.003001s ]
SQL: SELECT `id`,`title`,`pid`,`allow_publish` FROM `wu_category` WHERE ( `status` = 1 ) ORDER BY pid,sort  [ RunTime:0.001000s ]
SQL: SELECT `id`,`title`,`pid` FROM `wu_category` WHERE ( `status` = 1 ) ORDER BY sort  [ RunTime:0.000000s ]
SQL: SELECT * FROM `wu_category` WHERE ( `id` = 42 ) LIMIT 1   [ RunTime:0.001000s ]
SQL: SHOW COLUMNS FROM `wu_model` [ RunTime:0.004001s ]
SQL: SELECT * FROM `wu_model` WHERE ( `name` = 'document' ) LIMIT 1   [ RunTime:0.014000s ]
SQL: SHOW COLUMNS FROM `wu_document` [ RunTime:0.003001s ]
SQL: SELECT * FROM `wu_document` WHERE ( `status` IN ('-1','0','1','2','3') ) AND ( `pid` = 0 ) AND ( `category_id` = 42 ) ORDER BY level DESC,id DESC  [ RunTime:0.056003s ]
INFO: [ view_parse ] --START--
INFO: [ template_filter ] --START--
INFO: Run Behavior\ContentReplace [ RunTime:0.001000s ]
INFO: [ template_filter ] --END-- [ RunTime:0.001000s ]
NOTIC: [8] Undefined index: _child D:\xampp\htdocs\KE361\Runtime\Cache\Admin\4b91f118d84eadfbcbfcd11c50a2ecef.php 第 93 行.
NOTIC: [8] Undefined index: _child D:\xampp\htdocs\KE361\Runtime\Cache\Admin\4b91f118d84eadfbcbfcd11c50a2ecef.php 第 93 行.
NOTIC: [8] Undefined index: _child D:\xampp\htdocs\KE361\Runtime\Cache\Admin\4b91f118d84eadfbcbfcd11c50a2ecef.php 第 93 行.
NOTIC: [8] Undefined variable: _total D:\xampp\htdocs\KE361\Runtime\Cache\Admin\4b91f118d84eadfbcbfcd11c50a2ecef.php 第 165 行.
NOTIC: [8] Undefined variable: _page D:\xampp\htdocs\KE361\Runtime\Cache\Admin\4b91f118d84eadfbcbfcd11c50a2ecef.php 第 259 行.
INFO: Run Behavior\ParseTemplate [ RunTime:0.108006s ]
INFO: [ view_parse ] --END-- [ RunTime:0.108006s ]
INFO: [ view_filter ] --START--
INFO: Run Behavior\WriteHtmlCache [ RunTime:0.001000s ]
INFO: [ view_filter ] --END-- [ RunTime:0.002000s ]
INFO: [ app_end ] --START--
INFO: Run Behavior\ShowPageTrace [ RunTime:0.001000s ]
INFO: [ app_end ] --END-- [ RunTime:0.001000s ]

[ 2015-09-11T18:54:16+08:00 ] ::1 /ke361/
NOTIC: [8] Use of undefined constant UID - assumed 'UID' D:\xampp\htdocs\KE361\Application\Home\Controller\HomeController.class.php 第 30 行.
SQL: SHOW COLUMNS FROM `wu_member` [ RunTime:0.003000s ]
SQL: SELECT `uid`,um.username,wu_member.last_login_time,wu_member.last_login_ip,wu_member.reg_time,`mobile`,`email`,`score`,`avatar` FROM `wu_member` LEFT JOIN wu_ucenter_member as um ON wu_member.uid = um.id  WHERE ( `uid` = '4' ) LIMIT 1   [ RunTime:0.000000s ]
SQL: SHOW COLUMNS FROM `wu_nav` [ RunTime:0.004000s ]
SQL: SELECT * FROM `wu_nav` ORDER BY sort ASC LIMIT 9   [ RunTime:0.001000s ]
SQL: SHOW COLUMNS FROM `wu_friendlink` [ RunTime:0.003000s ]
SQL: SELECT * FROM `wu_friendlink` WHERE ( `state` = 1 ) ORDER BY sort ASC LIMIT 9   [ RunTime:0.000000s ]
SQL: SHOW COLUMNS FROM `wu_category` [ RunTime:0.003000s ]
SQL: SELECT * FROM `wu_category` WHERE ( `status` = 1 ) AND ( `type` = 2 ) ORDER BY `sort` DESC,cate_id DESC LIMIT 8   [ RunTime:0.000000s ]
ERR: 1054:Unknown column 'cate_id' in 'order clause'
 [ SQL语句 ] : SELECT * FROM `wu_category` WHERE ( `status` = 1 ) AND ( `type` = 2 ) ORDER BY `sort` DESC,cate_id DESC LIMIT 8  
NOTIC: [2] Invalid argument supplied for foreach() D:\xampp\htdocs\KE361\Application\Home\Controller\HomeController.class.php 第 133 行.
NOTIC: [8] Undefined variable: article D:\xampp\htdocs\KE361\Application\Home\Controller\HomeController.class.php 第 138 行.
SQL: SHOW COLUMNS FROM `wu_search_keyword` [ RunTime:0.003000s ]
SQL: SELECT * FROM `wu_search_keyword` WHERE ( `isshow` = 1 ) ORDER BY times desc  [ RunTime:0.000000s ]
SQL: SHOW COLUMNS FROM `wu_support` [ RunTime:0.004001s ]
SQL: SELECT * FROM `wu_support` WHERE ( `status` = 1 ) ORDER BY sort desc  [ RunTime:0.001000s ]
SQL: SHOW COLUMNS FROM `wu_banner` [ RunTime:0.004000s ]
SQL: SELECT * FROM `wu_banner` WHERE ( `status` = 1 ) ORDER BY `sort` ASC  [ RunTime:0.009001s ]
SQL: SHOW COLUMNS FROM `wu_ad` [ RunTime:0.050002s ]
ERR: 1146:Table 'wus.wu_ad' doesn't exist
 [ SQL语句 ] : SHOW COLUMNS FROM `wu_ad`
SQL: SELECT * FROM `wu_ad` WHERE ( `state` = 1 ) ORDER BY `order` DESC  [ RunTime:0.001000s ]
ERR: 1146:Table 'wus.wu_ad' doesn't exist
 [ SQL语句 ] : SELECT * FROM `wu_ad` WHERE ( `state` = 1 ) ORDER BY `order` DESC 
NOTIC: [2] Invalid argument supplied for foreach() D:\xampp\htdocs\KE361\Application\Home\Controller\IndexController.class.php 第 30 行.
SQL: SHOW COLUMNS FROM `wu_category_goods` [ RunTime:0.003001s ]
SQL: SELECT * FROM `wu_category_goods` WHERE ( `status` = 1 ) AND ( `is_home` = 1 ) AND ( `p_id` = 0 ) ORDER BY sort ASC  [ RunTime:0.001000s ]
SQL: SHOW COLUMNS FROM `wu_goods` [ RunTime:0.003000s ]
SQL: SELECT `id`,`category_name`,`is_home` FROM `wu_category_goods` WHERE ( `status` = 1 ) AND ( `p_id` = 10 )  [ RunTime:0.000000s ]
SQL: SELECT * FROM `wu_goods` WHERE ( status = 1 and cate_id in (10,11,12) ) ORDER BY `sort` DESC,goods_id DESC LIMIT 8   [ RunTime:0.001000s ]
SQL: SELECT `id`,`category_name`,`is_home` FROM `wu_category_goods` WHERE ( `status` = 1 ) AND ( `p_id` = 2 )  [ RunTime:0.000000s ]
NOTIC: [2] Invalid argument supplied for foreach() D:\xampp\htdocs\KE361\Application\Home\Controller\IndexController.class.php 第 51 行.
SQL: SELECT * FROM `wu_goods` WHERE ( status = 1 and cate_id in (2) ) ORDER BY `sort` DESC,goods_id DESC LIMIT 4   [ RunTime:0.001000s ]
SQL: SHOW COLUMNS FROM `wu_category` [ RunTime:0.006001s ]
SQL: SELECT * FROM `wu_category` WHERE ( `status` = 1 ) AND ( `ishome` = 1 ) ORDER BY sort  [ RunTime:0.000000s ]
SQL: SHOW COLUMNS FROM `wu_document` [ RunTime:0.005000s ]
SQL: SELECT * FROM `wu_document` WHERE ( `status` = 1 ) AND ( `category_id` = 40 ) LIMIT 10   [ RunTime:0.001000s ]
SQL: SELECT * FROM `wu_document` WHERE ( `status` = 1 ) AND ( `category_id` = 42 ) LIMIT 10   [ RunTime:0.000000s ]
SQL: SHOW COLUMNS FROM `wu_page` [ RunTime:0.005000s ]
SQL: SELECT * FROM `wu_page` WHERE ( `status` = 1 ) AND ( `ishome` = 1 ) ORDER BY sort  [ RunTime:0.023002s ]
SQL: SHOW COLUMNS FROM `wu_category_goods` [ RunTime:0.003000s ]
SQL: SELECT * FROM `wu_category_goods` WHERE ( `p_id` = 0 ) AND ( `status` = 1 ) ORDER BY sort ASC  [ RunTime:0.001000s ]
SQL: SELECT * FROM `wu_category_goods` WHERE ( `p_id` = 1 ) AND ( `status` = 1 ) ORDER BY sort ASC  [ RunTime:0.000000s ]
NOTIC: [2] Invalid argument supplied for foreach() D:\xampp\htdocs\KE361\Application\Home\Model\CategoryGoodsModel.class.php 第 51 行.
SQL: SELECT * FROM `wu_category_goods` WHERE ( `p_id` = 3 ) AND ( `status` = 1 ) ORDER BY sort ASC  [ RunTime:0.000000s ]
SQL: SELECT * FROM `wu_category_goods` WHERE ( `p_id` = 14 ) AND ( `status` = 1 ) ORDER BY sort ASC  [ RunTime:0.000000s ]
NOTIC: [2] Invalid argument supplied for foreach() D:\xampp\htdocs\KE361\Application\Home\Model\CategoryGoodsModel.class.php 第 51 行.
SQL: SELECT * FROM `wu_category_goods` WHERE ( `p_id` = 4 ) AND ( `status` = 1 ) ORDER BY sort ASC  [ RunTime:0.000000s ]
SQL: SELECT * FROM `wu_category_goods` WHERE ( `p_id` = 9 ) AND ( `status` = 1 ) ORDER BY sort ASC  [ RunTime:0.000000s ]
NOTIC: [2] Invalid argument supplied for foreach() D:\xampp\htdocs\KE361\Application\Home\Model\CategoryGoodsModel.class.php 第 51 行.
SQL: SELECT * FROM `wu_category_goods` WHERE ( `p_id` = 10 ) AND ( `status` = 1 ) ORDER BY sort ASC  [ RunTime:0.000000s ]
SQL: SELECT * FROM `wu_category_goods` WHERE ( `p_id` = 11 ) AND ( `status` = 1 ) ORDER BY sort ASC  [ RunTime:0.000000s ]
NOTIC: [2] Invalid argument supplied for foreach() D:\xampp\htdocs\KE361\Application\Home\Model\CategoryGoodsModel.class.php 第 51 行.
SQL: SELECT * FROM `wu_category_goods` WHERE ( `p_id` = 12 ) AND ( `status` = 1 ) ORDER BY sort ASC  [ RunTime:0.000000s ]
SQL: SELECT * FROM `wu_category_goods` WHERE ( `p_id` = 13 ) AND ( `status` = 1 ) ORDER BY sort ASC  [ RunTime:0.000000s ]
NOTIC: [2] Invalid argument supplied for foreach() D:\xampp\htdocs\KE361\Application\Home\Model\CategoryGoodsModel.class.php 第 51 行.
SQL: SELECT * FROM `wu_category_goods` WHERE ( `p_id` = 2 ) AND ( `status` = 1 ) ORDER BY sort ASC  [ RunTime:0.000000s ]
NOTIC: [2] Invalid argument supplied for foreach() D:\xampp\htdocs\KE361\Application\Home\Model\CategoryGoodsModel.class.php 第 51 行.
SQL: SHOW COLUMNS FROM `wu_orders` [ RunTime:0.004000s ]
SQL: SELECT * FROM `wu_orders` ORDER BY createtime DESC LIMIT 12   [ RunTime:0.001000s ]
INFO: [ view_parse ] --START--
INFO: [ template_filter ] --START--
INFO: Run Behavior\ContentReplace [ RunTime:0.001000s ]
INFO: [ template_filter ] --END-- [ RunTime:0.001000s ]
NOTIC: [8] Undefined variable: nav_url D:\xampp\htdocs\KE361\Runtime\Cache\Home\e0340b9f63ad022bf382f499f0c8dafc.php 第 44 行.
NOTIC: [8] Undefined index: category_child D:\xampp\htdocs\KE361\Runtime\Cache\Home\e0340b9f63ad022bf382f499f0c8dafc.php 第 303 行.
SQL: SHOW COLUMNS FROM `wu_picture` [ RunTime:0.004000s ]
SQL: SELECT * FROM `wu_picture` WHERE ( `id` = 49 ) LIMIT 1   [ RunTime:0.001000s ]
SQL: SELECT * FROM `wu_picture` WHERE ( `id` = 0 ) LIMIT 1   [ RunTime:0.000000s ]
NOTIC: [8] Undefined variable: articleSort D:\xampp\htdocs\KE361\Runtime\Cache\Home\e0340b9f63ad022bf382f499f0c8dafc.php 第 421 行.
NOTIC: [8] Undefined variable: articleSort D:\xampp\htdocs\KE361\Runtime\Cache\Home\e0340b9f63ad022bf382f499f0c8dafc.php 第 422 行.
NOTIC: [8] Undefined variable: articleSort D:\xampp\htdocs\KE361\Runtime\Cache\Home\e0340b9f63ad022bf382f499f0c8dafc.php 第 426 行.
NOTIC: [8] Undefined variable: articleSort D:\xampp\htdocs\KE361\Runtime\Cache\Home\e0340b9f63ad022bf382f499f0c8dafc.php 第 427 行.
NOTIC: [8] Undefined variable: articleSort D:\xampp\htdocs\KE361\Runtime\Cache\Home\e0340b9f63ad022bf382f499f0c8dafc.php 第 431 行.
NOTIC: [8] Undefined variable: articleSort D:\xampp\htdocs\KE361\Runtime\Cache\Home\e0340b9f63ad022bf382f499f0c8dafc.php 第 432 行.
NOTIC: [8] Undefined variable: articleSort D:\xampp\htdocs\KE361\Runtime\Cache\Home\e0340b9f63ad022bf382f499f0c8dafc.php 第 436 行.
NOTIC: [8] Undefined variable: articleSort D:\xampp\htdocs\KE361\Runtime\Cache\Home\e0340b9f63ad022bf382f499f0c8dafc.php 第 437 行.
INFO: Run Behavior\ParseTemplate [ RunTime:0.130007s ]
INFO: [ view_parse ] --END-- [ RunTime:0.130007s ]
INFO: [ view_filter ] --START--
INFO: Run Behavior\WriteHtmlCache [ RunTime:0.000000s ]
INFO: [ view_filter ] --END-- [ RunTime:0.000000s ]
INFO: [ app_end ] --START--
INFO: Run Behavior\ShowPageTrace [ RunTime:0.001000s ]
INFO: [ app_end ] --END-- [ RunTime:0.001000s ]

