[ 2015-08-31T13:06:01+08:00 ] ::1 /ke361/index.php?s=/Home/User/orders.html
NOTIC: [8] Use of undefined constant UID - assumed 'UID' D:\xampp\htdocs\KE361\Application\Home\Controller\HomeController.class.php 第 30 行.
SQL: SHOW COLUMNS FROM `wu_member` [ RunTime:0.015001s ]
SQL: SELECT `uid`,um.username,wu_member.last_login_time,wu_member.last_login_ip,wu_member.reg_time,`mobile`,`email`,`score`,`avatar` FROM `wu_member` LEFT JOIN wu_ucenter_member as um ON wu_member.uid = um.id  WHERE ( `uid` = '4' ) LIMIT 1   [ RunTime:0.030002s ]
SQL: SHOW COLUMNS FROM `wu_nav` [ RunTime:0.031002s ]
SQL: SELECT * FROM `wu_nav` ORDER BY sort ASC LIMIT 9   [ RunTime:0.015001s ]
SQL: SHOW COLUMNS FROM `wu_friendlink` [ RunTime:0.026001s ]
SQL: SELECT * FROM `wu_friendlink` WHERE ( `state` = 1 ) ORDER BY sort ASC LIMIT 9   [ RunTime:0.001000s ]
SQL: SHOW COLUMNS FROM `wu_category` [ RunTime:0.039003s ]
SQL: SELECT * FROM `wu_category` WHERE ( `status` = 1 ) AND ( `type` = 2 ) ORDER BY `sort` DESC,cate_id DESC LIMIT 8   [ RunTime:0.001000s ]
ERR: 1054:Unknown column 'cate_id' in 'order clause'
 [ SQL语句 ] : SELECT * FROM `wu_category` WHERE ( `status` = 1 ) AND ( `type` = 2 ) ORDER BY `sort` DESC,cate_id DESC LIMIT 8  
NOTIC: [2] Invalid argument supplied for foreach() D:\xampp\htdocs\KE361\Application\Home\Controller\HomeController.class.php 第 133 行.
NOTIC: [8] Undefined variable: article D:\xampp\htdocs\KE361\Application\Home\Controller\HomeController.class.php 第 138 行.
SQL: SHOW COLUMNS FROM `wu_search_keyword` [ RunTime:0.022001s ]
SQL: SELECT * FROM `wu_search_keyword` WHERE ( `isshow` = 1 ) ORDER BY times desc  [ RunTime:0.000000s ]
SQL: SHOW COLUMNS FROM `wu_support` [ RunTime:0.026001s ]
SQL: SELECT * FROM `wu_support` WHERE ( `status` = 1 ) ORDER BY sort desc  [ RunTime:0.000000s ]
SQL: SHOW COLUMNS FROM `wu_orders` [ RunTime:0.005000s ]
SQL: SELECT * FROM `wu_orders` WHERE ( `userid` = 4 )  [ RunTime:0.000000s ]
SQL: SHOW COLUMNS FROM `wu_goods` [ RunTime:0.041003s ]
SQL: SELECT * FROM `wu_goods` INNER JOIN wu_category_goods ON wu_goods.cate_id = wu_category_goods.id  WHERE ( `goods_id` = '469' ) LIMIT 1   [ RunTime:0.032002s ]
SQL: SELECT * FROM `wu_goods` INNER JOIN wu_category_goods ON wu_goods.cate_id = wu_category_goods.id  WHERE ( `goods_id` = '469' ) LIMIT 1   [ RunTime:0.000000s ]
SQL: SELECT * FROM `wu_goods` INNER JOIN wu_category_goods ON wu_goods.cate_id = wu_category_goods.id  WHERE ( `goods_id` = '468' ) LIMIT 1   [ RunTime:0.001000s ]
SQL: SELECT * FROM `wu_goods` INNER JOIN wu_category_goods ON wu_goods.cate_id = wu_category_goods.id  WHERE ( `goods_id` = '470' ) LIMIT 1   [ RunTime:0.001000s ]
INFO: [ view_parse ] --START--
INFO: [ template_filter ] --START--
INFO: Run Behavior\ContentReplace [ RunTime:0.000000s ]
INFO: [ template_filter ] --END-- [ RunTime:0.000000s ]
NOTIC: [8] Undefined variable: articleSort D:\xampp\htdocs\KE361\Runtime\Cache\Home\e213358018d40e9472b2012648c164a1.php 第 301 行.
NOTIC: [8] Undefined variable: articleSort D:\xampp\htdocs\KE361\Runtime\Cache\Home\e213358018d40e9472b2012648c164a1.php 第 302 行.
NOTIC: [8] Undefined variable: articleSort D:\xampp\htdocs\KE361\Runtime\Cache\Home\e213358018d40e9472b2012648c164a1.php 第 306 行.
NOTIC: [8] Undefined variable: articleSort D:\xampp\htdocs\KE361\Runtime\Cache\Home\e213358018d40e9472b2012648c164a1.php 第 307 行.
NOTIC: [8] Undefined variable: articleSort D:\xampp\htdocs\KE361\Runtime\Cache\Home\e213358018d40e9472b2012648c164a1.php 第 311 行.
NOTIC: [8] Undefined variable: articleSort D:\xampp\htdocs\KE361\Runtime\Cache\Home\e213358018d40e9472b2012648c164a1.php 第 312 行.
NOTIC: [8] Undefined variable: articleSort D:\xampp\htdocs\KE361\Runtime\Cache\Home\e213358018d40e9472b2012648c164a1.php 第 316 行.
NOTIC: [8] Undefined variable: articleSort D:\xampp\htdocs\KE361\Runtime\Cache\Home\e213358018d40e9472b2012648c164a1.php 第 317 行.
INFO: Run Behavior\ParseTemplate [ RunTime:0.095006s ]
INFO: [ view_parse ] --END-- [ RunTime:0.095006s ]
INFO: [ view_filter ] --START--
INFO: Run Behavior\WriteHtmlCache [ RunTime:0.011001s ]
INFO: [ view_filter ] --END-- [ RunTime:0.011001s ]
INFO: [ app_end ] --START--
INFO: Run Behavior\ShowPageTrace [ RunTime:0.002000s ]
INFO: [ app_end ] --END-- [ RunTime:0.002000s ]

[ 2015-08-31T13:06:02+08:00 ] ::1 /ke361/index.php?s=/Home/goods/cate/id/3.html
NOTIC: [8] Use of undefined constant UID - assumed 'UID' D:\xampp\htdocs\KE361\Application\Home\Controller\HomeController.class.php 第 30 行.
SQL: SHOW COLUMNS FROM `wu_member` [ RunTime:0.002000s ]
SQL: SELECT `uid`,um.username,wu_member.last_login_time,wu_member.last_login_ip,wu_member.reg_time,`mobile`,`email`,`score`,`avatar` FROM `wu_member` LEFT JOIN wu_ucenter_member as um ON wu_member.uid = um.id  WHERE ( `uid` = '4' ) LIMIT 1   [ RunTime:0.000000s ]
SQL: SHOW COLUMNS FROM `wu_nav` [ RunTime:0.003000s ]
SQL: SELECT * FROM `wu_nav` ORDER BY sort ASC LIMIT 9   [ RunTime:0.000000s ]
SQL: SHOW COLUMNS FROM `wu_friendlink` [ RunTime:0.002000s ]
SQL: SELECT * FROM `wu_friendlink` WHERE ( `state` = 1 ) ORDER BY sort ASC LIMIT 9   [ RunTime:0.001000s ]
SQL: SHOW COLUMNS FROM `wu_category` [ RunTime:0.002000s ]
SQL: SELECT * FROM `wu_category` WHERE ( `status` = 1 ) AND ( `type` = 2 ) ORDER BY `sort` DESC,cate_id DESC LIMIT 8   [ RunTime:0.000000s ]
ERR: 1054:Unknown column 'cate_id' in 'order clause'
 [ SQL语句 ] : SELECT * FROM `wu_category` WHERE ( `status` = 1 ) AND ( `type` = 2 ) ORDER BY `sort` DESC,cate_id DESC LIMIT 8  
NOTIC: [2] Invalid argument supplied for foreach() D:\xampp\htdocs\KE361\Application\Home\Controller\HomeController.class.php 第 133 行.
NOTIC: [8] Undefined variable: article D:\xampp\htdocs\KE361\Application\Home\Controller\HomeController.class.php 第 138 行.
SQL: SHOW COLUMNS FROM `wu_category_goods` [ RunTime:0.003000s ]
SQL: SELECT * FROM `wu_category_goods` WHERE ( `id` = 3 ) LIMIT 1   [ RunTime:0.000000s ]
SQL: SHOW COLUMNS FROM `wu_search_keyword` [ RunTime:0.002001s ]
SQL: SELECT * FROM `wu_search_keyword` WHERE ( `isshow` = 1 ) ORDER BY times desc  [ RunTime:0.000000s ]
SQL: SHOW COLUMNS FROM `wu_support` [ RunTime:0.002000s ]
SQL: SELECT * FROM `wu_support` WHERE ( `status` = 1 ) ORDER BY sort desc  [ RunTime:0.000000s ]
SQL: SHOW COLUMNS FROM `wu_category_goods` [ RunTime:0.002000s ]
SQL: SELECT * FROM `wu_category_goods` WHERE ( `id` = 3 ) LIMIT 1   [ RunTime:0.000000s ]
SQL: SELECT * FROM `wu_category_goods` WHERE ( `p_id` = 3 )  [ RunTime:0.000000s ]
SQL: SHOW COLUMNS FROM `wu_goods` [ RunTime:0.002000s ]
SQL: SHOW COLUMNS FROM `wu_goods` [ RunTime:0.002000s ]
SQL: SELECT COUNT(*) AS tp_count FROM `wu_goods` WHERE ( `cate_id` = 3 ) AND ( `status` = 1 ) LIMIT 1   [ RunTime:0.018001s ]
SQL: SHOW COLUMNS FROM `wu_goods` [ RunTime:0.002000s ]
SQL: SELECT * FROM `wu_goods` WHERE ( `cate_id` = 3 ) AND ( `status` = 1 ) ORDER BY `sort` DESC,goods_id DESC LIMIT 0,10   [ RunTime:0.001000s ]
SQL: SELECT * FROM `wu_category_goods` WHERE ( `p_id` = 0 ) AND ( `status` = 1 ) ORDER BY sort ASC  [ RunTime:0.000000s ]
SQL: SELECT * FROM `wu_category_goods` WHERE ( `p_id` = 1 ) AND ( `status` = 1 ) ORDER BY sort ASC  [ RunTime:0.001000s ]
NOTIC: [2] Invalid argument supplied for foreach() D:\xampp\htdocs\KE361\Application\Home\Model\CategoryGoodsModel.class.php 第 40 行.
SQL: SELECT * FROM `wu_category_goods` WHERE ( `p_id` = 3 ) AND ( `status` = 1 ) ORDER BY sort ASC  [ RunTime:0.000000s ]
NOTIC: [2] Invalid argument supplied for foreach() D:\xampp\htdocs\KE361\Application\Home\Model\CategoryGoodsModel.class.php 第 40 行.
SQL: SELECT * FROM `wu_category_goods` WHERE ( `p_id` = 4 ) AND ( `status` = 1 ) ORDER BY sort ASC  [ RunTime:0.000000s ]
SQL: SELECT * FROM `wu_category_goods` WHERE ( `p_id` = 9 ) AND ( `status` = 1 ) ORDER BY sort ASC  [ RunTime:0.001000s ]
NOTIC: [2] Invalid argument supplied for foreach() D:\xampp\htdocs\KE361\Application\Home\Model\CategoryGoodsModel.class.php 第 40 行.
SQL: SELECT * FROM `wu_category_goods` WHERE ( `p_id` = 10 ) AND ( `status` = 1 ) ORDER BY sort ASC  [ RunTime:0.000000s ]
SQL: SELECT * FROM `wu_category_goods` WHERE ( `p_id` = 11 ) AND ( `status` = 1 ) ORDER BY sort ASC  [ RunTime:0.000000s ]
NOTIC: [2] Invalid argument supplied for foreach() D:\xampp\htdocs\KE361\Application\Home\Model\CategoryGoodsModel.class.php 第 40 行.
SQL: SELECT * FROM `wu_category_goods` WHERE ( `p_id` = 12 ) AND ( `status` = 1 ) ORDER BY sort ASC  [ RunTime:0.000000s ]
SQL: SELECT * FROM `wu_category_goods` WHERE ( `p_id` = 13 ) AND ( `status` = 1 ) ORDER BY sort ASC  [ RunTime:0.000000s ]
NOTIC: [2] Invalid argument supplied for foreach() D:\xampp\htdocs\KE361\Application\Home\Model\CategoryGoodsModel.class.php 第 40 行.
SQL: SELECT * FROM `wu_category_goods` WHERE ( `p_id` = 2 ) AND ( `status` = 1 ) ORDER BY sort ASC  [ RunTime:0.000000s ]
NOTIC: [2] Invalid argument supplied for foreach() D:\xampp\htdocs\KE361\Application\Home\Model\CategoryGoodsModel.class.php 第 40 行.
INFO: [ view_parse ] --START--
INFO: [ template_filter ] --START--
INFO: Run Behavior\ContentReplace [ RunTime:0.000000s ]
INFO: [ template_filter ] --END-- [ RunTime:0.000000s ]
NOTIC: [2] Illegal string offset 'pid' D:\xampp\htdocs\KE361\Runtime\Cache\Home\9f00623dc302491bce4d14bef939d347.php 第 357 行.
NOTIC: [2] Illegal string offset 'pid' D:\xampp\htdocs\KE361\Runtime\Cache\Home\9f00623dc302491bce4d14bef939d347.php 第 357 行.
NOTIC: [2] Illegal string offset 'foot' D:\xampp\htdocs\KE361\Runtime\Cache\Home\9f00623dc302491bce4d14bef939d347.php 第 357 行.
NOTIC: [2] Illegal string offset 'pid' D:\xampp\htdocs\KE361\Runtime\Cache\Home\9f00623dc302491bce4d14bef939d347.php 第 357 行.
NOTIC: [2] Illegal string offset 'foot' D:\xampp\htdocs\KE361\Runtime\Cache\Home\9f00623dc302491bce4d14bef939d347.php 第 357 行.
NOTIC: [2] Illegal string offset 'pid' D:\xampp\htdocs\KE361\Runtime\Cache\Home\9f00623dc302491bce4d14bef939d347.php 第 357 行.
NOTIC: [2] Illegal string offset 'foot' D:\xampp\htdocs\KE361\Runtime\Cache\Home\9f00623dc302491bce4d14bef939d347.php 第 357 行.
NOTIC: [2] Illegal string offset 'pid' D:\xampp\htdocs\KE361\Runtime\Cache\Home\9f00623dc302491bce4d14bef939d347.php 第 357 行.
NOTIC: [2] Illegal string offset 'pid' D:\xampp\htdocs\KE361\Runtime\Cache\Home\9f00623dc302491bce4d14bef939d347.php 第 357 行.
NOTIC: [2] Illegal string offset 'pid' D:\xampp\htdocs\KE361\Runtime\Cache\Home\9f00623dc302491bce4d14bef939d347.php 第 357 行.
NOTIC: [2] Illegal string offset 'pid' D:\xampp\htdocs\KE361\Runtime\Cache\Home\9f00623dc302491bce4d14bef939d347.php 第 357 行.
NOTIC: [2] Illegal string offset 'pid' D:\xampp\htdocs\KE361\Runtime\Cache\Home\9f00623dc302491bce4d14bef939d347.php 第 357 行.
NOTIC: [2] Illegal string offset 'foot' D:\xampp\htdocs\KE361\Runtime\Cache\Home\9f00623dc302491bce4d14bef939d347.php 第 357 行.
NOTIC: [2] Illegal string offset 'pid' D:\xampp\htdocs\KE361\Runtime\Cache\Home\9f00623dc302491bce4d14bef939d347.php 第 357 行.
NOTIC: [2] Illegal string offset 'pid' D:\xampp\htdocs\KE361\Runtime\Cache\Home\9f00623dc302491bce4d14bef939d347.php 第 357 行.
NOTIC: [2] Illegal string offset 'pid' D:\xampp\htdocs\KE361\Runtime\Cache\Home\9f00623dc302491bce4d14bef939d347.php 第 357 行.
NOTIC: [8] Undefined variable: articleSort D:\xampp\htdocs\KE361\Runtime\Cache\Home\9f00623dc302491bce4d14bef939d347.php 第 365 行.
NOTIC: [8] Undefined variable: articleSort D:\xampp\htdocs\KE361\Runtime\Cache\Home\9f00623dc302491bce4d14bef939d347.php 第 366 行.
NOTIC: [8] Undefined variable: articleSort D:\xampp\htdocs\KE361\Runtime\Cache\Home\9f00623dc302491bce4d14bef939d347.php 第 370 行.
NOTIC: [8] Undefined variable: articleSort D:\xampp\htdocs\KE361\Runtime\Cache\Home\9f00623dc302491bce4d14bef939d347.php 第 371 行.
NOTIC: [8] Undefined variable: articleSort D:\xampp\htdocs\KE361\Runtime\Cache\Home\9f00623dc302491bce4d14bef939d347.php 第 375 行.
NOTIC: [8] Undefined variable: articleSort D:\xampp\htdocs\KE361\Runtime\Cache\Home\9f00623dc302491bce4d14bef939d347.php 第 376 行.
NOTIC: [8] Undefined variable: articleSort D:\xampp\htdocs\KE361\Runtime\Cache\Home\9f00623dc302491bce4d14bef939d347.php 第 380 行.
NOTIC: [8] Undefined variable: articleSort D:\xampp\htdocs\KE361\Runtime\Cache\Home\9f00623dc302491bce4d14bef939d347.php 第 381 行.
INFO: Run Behavior\ParseTemplate [ RunTime:0.060004s ]
INFO: [ view_parse ] --END-- [ RunTime:0.061004s ]
INFO: [ view_filter ] --START--
INFO: Run Behavior\WriteHtmlCache [ RunTime:0.000000s ]
INFO: [ view_filter ] --END-- [ RunTime:0.000000s ]
INFO: [ app_end ] --START--
INFO: Run Behavior\ShowPageTrace [ RunTime:0.001000s ]
INFO: [ app_end ] --END-- [ RunTime:0.001000s ]

[ 2015-08-31T13:06:02+08:00 ] ::1 /ke361/index.php?s=/Home/Index/index.html
NOTIC: [8] Use of undefined constant UID - assumed 'UID' D:\xampp\htdocs\KE361\Application\Home\Controller\HomeController.class.php 第 30 行.
SQL: SHOW COLUMNS FROM `wu_member` [ RunTime:0.002000s ]
SQL: SELECT `uid`,um.username,wu_member.last_login_time,wu_member.last_login_ip,wu_member.reg_time,`mobile`,`email`,`score`,`avatar` FROM `wu_member` LEFT JOIN wu_ucenter_member as um ON wu_member.uid = um.id  WHERE ( `uid` = '4' ) LIMIT 1   [ RunTime:0.000000s ]
SQL: SHOW COLUMNS FROM `wu_nav` [ RunTime:0.002000s ]
SQL: SELECT * FROM `wu_nav` ORDER BY sort ASC LIMIT 9   [ RunTime:0.001000s ]
SQL: SHOW COLUMNS FROM `wu_friendlink` [ RunTime:0.001000s ]
SQL: SELECT * FROM `wu_friendlink` WHERE ( `state` = 1 ) ORDER BY sort ASC LIMIT 9   [ RunTime:0.000000s ]
SQL: SHOW COLUMNS FROM `wu_category` [ RunTime:0.003000s ]
SQL: SELECT * FROM `wu_category` WHERE ( `status` = 1 ) AND ( `type` = 2 ) ORDER BY `sort` DESC,cate_id DESC LIMIT 8   [ RunTime:0.000000s ]
ERR: 1054:Unknown column 'cate_id' in 'order clause'
 [ SQL语句 ] : SELECT * FROM `wu_category` WHERE ( `status` = 1 ) AND ( `type` = 2 ) ORDER BY `sort` DESC,cate_id DESC LIMIT 8  
NOTIC: [2] Invalid argument supplied for foreach() D:\xampp\htdocs\KE361\Application\Home\Controller\HomeController.class.php 第 133 行.
NOTIC: [8] Undefined variable: article D:\xampp\htdocs\KE361\Application\Home\Controller\HomeController.class.php 第 138 行.
SQL: SHOW COLUMNS FROM `wu_search_keyword` [ RunTime:0.002000s ]
SQL: SELECT * FROM `wu_search_keyword` WHERE ( `isshow` = 1 ) ORDER BY times desc  [ RunTime:0.000000s ]
SQL: SHOW COLUMNS FROM `wu_support` [ RunTime:0.002001s ]
SQL: SELECT * FROM `wu_support` WHERE ( `status` = 1 ) ORDER BY sort desc  [ RunTime:0.000000s ]
SQL: SHOW COLUMNS FROM `wu_banner` [ RunTime:0.027001s ]
SQL: SELECT * FROM `wu_banner` WHERE ( `status` = 1 ) ORDER BY `sort` ASC  [ RunTime:0.000000s ]
SQL: SHOW COLUMNS FROM `wu_ad` [ RunTime:0.003000s ]
ERR: 1146:Table 'wus.wu_ad' doesn't exist
 [ SQL语句 ] : SHOW COLUMNS FROM `wu_ad`
SQL: SELECT * FROM `wu_ad` WHERE ( `state` = 1 ) ORDER BY `order` DESC  [ RunTime:0.000000s ]
ERR: 1146:Table 'wus.wu_ad' doesn't exist
 [ SQL语句 ] : SELECT * FROM `wu_ad` WHERE ( `state` = 1 ) ORDER BY `order` DESC 
NOTIC: [2] Invalid argument supplied for foreach() D:\xampp\htdocs\KE361\Application\Home\Controller\IndexController.class.php 第 29 行.
SQL: SHOW COLUMNS FROM `wu_category_goods` [ RunTime:0.003001s ]
SQL: SELECT * FROM `wu_category_goods` WHERE ( `status` = 1 ) AND ( `is_home` = 1 ) AND ( `p_id` = 0 ) ORDER BY sort ASC  [ RunTime:0.000000s ]
SQL: SHOW COLUMNS FROM `wu_goods` [ RunTime:0.004000s ]
SQL: SELECT `id`,`category_name`,`is_home` FROM `wu_category_goods` WHERE ( `status` = 1 ) AND ( `p_id` = 10 )  [ RunTime:0.000000s ]
SQL: SELECT * FROM `wu_goods` WHERE ( status = 1 and cate_id in (10,11,12) ) ORDER BY `sort` DESC,goods_id DESC LIMIT 8   [ RunTime:0.001000s ]
SQL: SELECT `id`,`category_name`,`is_home` FROM `wu_category_goods` WHERE ( `status` = 1 ) AND ( `p_id` = 2 )  [ RunTime:0.001000s ]
NOTIC: [2] Invalid argument supplied for foreach() D:\xampp\htdocs\KE361\Application\Home\Controller\IndexController.class.php 第 47 行.
SQL: SELECT * FROM `wu_goods` WHERE ( status = 1 and cate_id in (2) ) ORDER BY `sort` DESC,goods_id DESC LIMIT 4   [ RunTime:0.000000s ]
SQL: SHOW COLUMNS FROM `wu_page` [ RunTime:0.014001s ]
SQL: SELECT * FROM `wu_page` WHERE ( `status` = 1 ) AND ( `ishome` = 1 )  [ RunTime:0.003000s ]
SQL: SHOW COLUMNS FROM `wu_orders` [ RunTime:0.003000s ]
SQL: SELECT * FROM `wu_orders` ORDER BY createtime DESC LIMIT 12   [ RunTime:0.000000s ]
INFO: [ view_parse ] --START--
INFO: [ template_filter ] --START--
INFO: Run Behavior\ContentReplace [ RunTime:0.000000s ]
INFO: [ template_filter ] --END-- [ RunTime:0.000000s ]
NOTIC: [8] Undefined index: category_child D:\xampp\htdocs\KE361\Runtime\Cache\Home\e0340b9f63ad022bf382f499f0c8dafc.php 第 257 行.
NOTIC: [8] Undefined variable: articleSort D:\xampp\htdocs\KE361\Runtime\Cache\Home\e0340b9f63ad022bf382f499f0c8dafc.php 第 358 行.
NOTIC: [8] Undefined variable: articleSort D:\xampp\htdocs\KE361\Runtime\Cache\Home\e0340b9f63ad022bf382f499f0c8dafc.php 第 359 行.
NOTIC: [8] Undefined variable: articleSort D:\xampp\htdocs\KE361\Runtime\Cache\Home\e0340b9f63ad022bf382f499f0c8dafc.php 第 363 行.
NOTIC: [8] Undefined variable: articleSort D:\xampp\htdocs\KE361\Runtime\Cache\Home\e0340b9f63ad022bf382f499f0c8dafc.php 第 364 行.
NOTIC: [8] Undefined variable: articleSort D:\xampp\htdocs\KE361\Runtime\Cache\Home\e0340b9f63ad022bf382f499f0c8dafc.php 第 368 行.
NOTIC: [8] Undefined variable: articleSort D:\xampp\htdocs\KE361\Runtime\Cache\Home\e0340b9f63ad022bf382f499f0c8dafc.php 第 369 行.
NOTIC: [8] Undefined variable: articleSort D:\xampp\htdocs\KE361\Runtime\Cache\Home\e0340b9f63ad022bf382f499f0c8dafc.php 第 373 行.
NOTIC: [8] Undefined variable: articleSort D:\xampp\htdocs\KE361\Runtime\Cache\Home\e0340b9f63ad022bf382f499f0c8dafc.php 第 374 行.
INFO: Run Behavior\ParseTemplate [ RunTime:0.041002s ]
INFO: [ view_parse ] --END-- [ RunTime:0.042002s ]
INFO: [ view_filter ] --START--
INFO: Run Behavior\WriteHtmlCache [ RunTime:0.000000s ]
INFO: [ view_filter ] --END-- [ RunTime:0.000000s ]
INFO: [ app_end ] --START--
INFO: Run Behavior\ShowPageTrace [ RunTime:0.001000s ]
INFO: [ app_end ] --END-- [ RunTime:0.001000s ]

[ 2015-08-31T13:06:03+08:00 ] ::1 /ke361/index.php?s=/Admin/Goods/edit/goods_id/470.html
SQL: SHOW COLUMNS FROM `wu_menu` [ RunTime:0.027001s ]
SQL: SELECT * FROM `wu_menu` WHERE ( `pid` = 0 ) AND ( `hide` = 0 ) ORDER BY sort asc  [ RunTime:0.016000s ]
SQL: SELECT `id` FROM `wu_menu` WHERE ( url like '%Goods/edit%' ) LIMIT 1   [ RunTime:0.001001s ]
SQL: SHOW COLUMNS FROM `wu_menu` [ RunTime:0.003001s ]
SQL: SELECT `id`,`pid`,`title` FROM `wu_menu` WHERE ( id=134 ) LIMIT 1   [ RunTime:0.000000s ]
SQL: SELECT `id`,`pid`,`title` FROM `wu_menu` WHERE ( id=131 ) LIMIT 1   [ RunTime:0.000000s ]
SQL: SELECT DISTINCT  `group` FROM `wu_menu` WHERE ( pid = 131 )  [ RunTime:0.000000s ]
SQL: SELECT `id`,`url` FROM `wu_menu` WHERE ( `pid` = 131 ) AND ( `hide` = 0 )  [ RunTime:0.001000s ]
SQL: SELECT `id`,`pid`,`title`,`url`,`tip` FROM `wu_menu` WHERE ( `group` = '商品' ) AND ( `pid` = 131 ) AND ( `hide` = 0 ) ORDER BY sort asc  [ RunTime:0.000000s ]
SQL: SELECT `id`,`pid`,`title`,`url`,`tip` FROM `wu_menu` WHERE ( `group` = '采集' ) AND ( `pid` = 131 ) AND ( `hide` = 0 ) ORDER BY sort asc  [ RunTime:0.000000s ]
SQL: SELECT `id`,`pid`,`title`,`url`,`tip` FROM `wu_menu` WHERE ( `group` = '分类' ) AND ( `pid` = 131 ) AND ( `hide` = 0 ) ORDER BY sort asc  [ RunTime:0.001000s ]
SQL: SELECT `id`,`pid`,`title`,`url`,`tip` FROM `wu_menu` WHERE ( `group` = '专题' ) AND ( `pid` = 131 ) AND ( `hide` = 0 ) ORDER BY sort asc  [ RunTime:0.001000s ]
SQL: SHOW COLUMNS FROM `wu_category_goods` [ RunTime:0.003000s ]
SQL: SELECT * FROM `wu_category_goods` WHERE ( `p_id` = 0 ) AND ( `status` = 1 ) ORDER BY sort ASC  [ RunTime:0.000000s ]
SQL: SELECT * FROM `wu_category_goods` WHERE ( `p_id` = 1 ) AND ( `status` = 1 ) ORDER BY sort ASC  [ RunTime:0.000000s ]
NOTIC: [2] Invalid argument supplied for foreach() D:\xampp\htdocs\KE361\Application\Admin\Model\CategoryGoodsModel.class.php 第 23 行.
SQL: SELECT * FROM `wu_category_goods` WHERE ( `p_id` = 3 ) AND ( `status` = 1 ) ORDER BY sort ASC  [ RunTime:0.001000s ]
NOTIC: [2] Invalid argument supplied for foreach() D:\xampp\htdocs\KE361\Application\Admin\Model\CategoryGoodsModel.class.php 第 23 行.
SQL: SELECT * FROM `wu_category_goods` WHERE ( `p_id` = 4 ) AND ( `status` = 1 ) ORDER BY sort ASC  [ RunTime:0.001000s ]
SQL: SELECT * FROM `wu_category_goods` WHERE ( `p_id` = 9 ) AND ( `status` = 1 ) ORDER BY sort ASC  [ RunTime:0.000000s ]
NOTIC: [2] Invalid argument supplied for foreach() D:\xampp\htdocs\KE361\Application\Admin\Model\CategoryGoodsModel.class.php 第 23 行.
SQL: SELECT * FROM `wu_category_goods` WHERE ( `p_id` = 10 ) AND ( `status` = 1 ) ORDER BY sort ASC  [ RunTime:0.000000s ]
SQL: SELECT * FROM `wu_category_goods` WHERE ( `p_id` = 11 ) AND ( `status` = 1 ) ORDER BY sort ASC  [ RunTime:0.001001s ]
NOTIC: [2] Invalid argument supplied for foreach() D:\xampp\htdocs\KE361\Application\Admin\Model\CategoryGoodsModel.class.php 第 23 行.
SQL: SELECT * FROM `wu_category_goods` WHERE ( `p_id` = 12 ) AND ( `status` = 1 ) ORDER BY sort ASC  [ RunTime:0.008000s ]
SQL: SELECT * FROM `wu_category_goods` WHERE ( `p_id` = 13 ) AND ( `status` = 1 ) ORDER BY sort ASC  [ RunTime:0.001000s ]
NOTIC: [2] Invalid argument supplied for foreach() D:\xampp\htdocs\KE361\Application\Admin\Model\CategoryGoodsModel.class.php 第 23 行.
SQL: SELECT * FROM `wu_category_goods` WHERE ( `p_id` = 2 ) AND ( `status` = 1 ) ORDER BY sort ASC  [ RunTime:0.000000s ]
NOTIC: [2] Invalid argument supplied for foreach() D:\xampp\htdocs\KE361\Application\Admin\Model\CategoryGoodsModel.class.php 第 23 行.
SQL: SHOW COLUMNS FROM `wu_goods` [ RunTime:0.003000s ]
SQL: SELECT * FROM `wu_goods` WHERE ( `goods_id` = 470 ) LIMIT 1   [ RunTime:0.001000s ]
SQL: SHOW COLUMNS FROM `wu_tag` [ RunTime:0.076005s ]
SQL: SELECT * FROM `wu_tag`  [ RunTime:0.000000s ]
SQL: SHOW COLUMNS FROM `wu_topic` [ RunTime:0.031001s ]
SQL: SELECT * FROM `wu_topic` WHERE ( state=1 )  [ RunTime:0.001001s ]
NOTIC: [8] Undefined variable: sid D:\xampp\htdocs\KE361\Application\Admin\Controller\GoodsController.class.php 第 79 行.
SQL: SELECT * FROM `wu_goods` INNER JOIN wu_category_goods ON wu_goods.cate_id = wu_category_goods.id  WHERE ( `goods_id` = '470' ) LIMIT 1   [ RunTime:0.001000s ]
SQL: SHOW COLUMNS FROM `wu_goods` [ RunTime:0.004000s ]
SQL: SELECT * FROM `wu_goods` WHERE ( `goods_id` = 470 ) LIMIT 1   [ RunTime:0.000000s ]
INFO: [ view_parse ] --START--
INFO: [ template_filter ] --START--
INFO: Run Behavior\ContentReplace [ RunTime:0.000000s ]
INFO: [ template_filter ] --END-- [ RunTime:0.000000s ]
NOTIC: [8] Undefined variable: meta_title D:\xampp\htdocs\KE361\Runtime\Cache\Admin\4c9ab59bdfc18f8358137dd4c4ca6530.php 第 5 行.
NOTIC: [8] Use of undefined constant pic_url - assumed 'pic_url' D:\xampp\htdocs\KE361\Runtime\Cache\Admin\4c9ab59bdfc18f8358137dd4c4ca6530.php 第 119 行.
NOTIC: [8] Use of undefined constant pic_url - assumed 'pic_url' D:\xampp\htdocs\KE361\Runtime\Cache\Admin\4c9ab59bdfc18f8358137dd4c4ca6530.php 第 121 行.
NOTIC: [8] Use of undefined constant sort_id - assumed 'sort_id' D:\xampp\htdocs\KE361\Runtime\Cache\Admin\4c9ab59bdfc18f8358137dd4c4ca6530.php 第 189 行.
NOTIC: [8] Undefined index: sort_id D:\xampp\htdocs\KE361\Runtime\Cache\Admin\4c9ab59bdfc18f8358137dd4c4ca6530.php 第 189 行.
NOTIC: [8] Use of undefined constant tid - assumed 'tid' D:\xampp\htdocs\KE361\Runtime\Cache\Admin\4c9ab59bdfc18f8358137dd4c4ca6530.php 第 202 行.
NOTIC: [8] Undefined index: type D:\xampp\htdocs\KE361\Runtime\Cache\Admin\4c9ab59bdfc18f8358137dd4c4ca6530.php 第 232 行.
NOTIC: [8] Undefined index: type D:\xampp\htdocs\KE361\Runtime\Cache\Admin\4c9ab59bdfc18f8358137dd4c4ca6530.php 第 238 行.
NOTIC: [8] Undefined index: type D:\xampp\htdocs\KE361\Runtime\Cache\Admin\4c9ab59bdfc18f8358137dd4c4ca6530.php 第 243 行.
NOTIC: [8] Undefined index: type D:\xampp\htdocs\KE361\Runtime\Cache\Admin\4c9ab59bdfc18f8358137dd4c4ca6530.php 第 248 行.
NOTIC: [8] Undefined index: type D:\xampp\htdocs\KE361\Runtime\Cache\Admin\4c9ab59bdfc18f8358137dd4c4ca6530.php 第 253 行.
NOTIC: [8] Undefined index: type D:\xampp\htdocs\KE361\Runtime\Cache\Admin\4c9ab59bdfc18f8358137dd4c4ca6530.php 第 257 行.
NOTIC: [8] Undefined index: type D:\xampp\htdocs\KE361\Runtime\Cache\Admin\4c9ab59bdfc18f8358137dd4c4ca6530.php 第 262 行.
NOTIC: [8] Undefined index: type D:\xampp\htdocs\KE361\Runtime\Cache\Admin\4c9ab59bdfc18f8358137dd4c4ca6530.php 第 272 行.
NOTIC: [8] Use of undefined constant state - assumed 'state' D:\xampp\htdocs\KE361\Runtime\Cache\Admin\4c9ab59bdfc18f8358137dd4c4ca6530.php 第 297 行.
NOTIC: [8] Undefined index: state D:\xampp\htdocs\KE361\Runtime\Cache\Admin\4c9ab59bdfc18f8358137dd4c4ca6530.php 第 297 行.
INFO: Run Behavior\ParseTemplate [ RunTime:0.085005s ]
INFO: [ view_parse ] --END-- [ RunTime:0.085005s ]
INFO: [ view_filter ] --START--
INFO: Run Behavior\WriteHtmlCache [ RunTime:0.000000s ]
INFO: [ view_filter ] --END-- [ RunTime:0.000000s ]
INFO: [ app_end ] --START--
INFO: Run Behavior\ShowPageTrace [ RunTime:0.001000s ]
INFO: [ app_end ] --END-- [ RunTime:0.001000s ]

[ 2015-08-31T13:06:04+08:00 ] ::1 /ke361/
NOTIC: [8] Use of undefined constant UID - assumed 'UID' D:\xampp\htdocs\KE361\Application\Home\Controller\HomeController.class.php 第 30 行.
SQL: SHOW COLUMNS FROM `wu_member` [ RunTime:0.003000s ]
SQL: SELECT `uid`,um.username,wu_member.last_login_time,wu_member.last_login_ip,wu_member.reg_time,`mobile`,`email`,`score`,`avatar` FROM `wu_member` LEFT JOIN wu_ucenter_member as um ON wu_member.uid = um.id  WHERE ( `uid` = '4' ) LIMIT 1   [ RunTime:0.001000s ]
SQL: SHOW COLUMNS FROM `wu_nav` [ RunTime:0.003000s ]
SQL: SELECT * FROM `wu_nav` ORDER BY sort ASC LIMIT 9   [ RunTime:0.000000s ]
SQL: SHOW COLUMNS FROM `wu_friendlink` [ RunTime:0.002000s ]
SQL: SELECT * FROM `wu_friendlink` WHERE ( `state` = 1 ) ORDER BY sort ASC LIMIT 9   [ RunTime:0.000000s ]
SQL: SHOW COLUMNS FROM `wu_category` [ RunTime:0.003000s ]
SQL: SELECT * FROM `wu_category` WHERE ( `status` = 1 ) AND ( `type` = 2 ) ORDER BY `sort` DESC,cate_id DESC LIMIT 8   [ RunTime:0.001000s ]
ERR: 1054:Unknown column 'cate_id' in 'order clause'
 [ SQL语句 ] : SELECT * FROM `wu_category` WHERE ( `status` = 1 ) AND ( `type` = 2 ) ORDER BY `sort` DESC,cate_id DESC LIMIT 8  
NOTIC: [2] Invalid argument supplied for foreach() D:\xampp\htdocs\KE361\Application\Home\Controller\HomeController.class.php 第 133 行.
NOTIC: [8] Undefined variable: article D:\xampp\htdocs\KE361\Application\Home\Controller\HomeController.class.php 第 138 行.
SQL: SHOW COLUMNS FROM `wu_search_keyword` [ RunTime:0.002000s ]
SQL: SELECT * FROM `wu_search_keyword` WHERE ( `isshow` = 1 ) ORDER BY times desc  [ RunTime:0.001000s ]
SQL: SHOW COLUMNS FROM `wu_support` [ RunTime:0.002001s ]
SQL: SELECT * FROM `wu_support` WHERE ( `status` = 1 ) ORDER BY sort desc  [ RunTime:0.000000s ]
SQL: SHOW COLUMNS FROM `wu_banner` [ RunTime:0.002000s ]
SQL: SELECT * FROM `wu_banner` WHERE ( `status` = 1 ) ORDER BY `sort` ASC  [ RunTime:0.000000s ]
SQL: SHOW COLUMNS FROM `wu_ad` [ RunTime:0.002000s ]
ERR: 1146:Table 'wus.wu_ad' doesn't exist
 [ SQL语句 ] : SHOW COLUMNS FROM `wu_ad`
SQL: SELECT * FROM `wu_ad` WHERE ( `state` = 1 ) ORDER BY `order` DESC  [ RunTime:0.000000s ]
ERR: 1146:Table 'wus.wu_ad' doesn't exist
 [ SQL语句 ] : SELECT * FROM `wu_ad` WHERE ( `state` = 1 ) ORDER BY `order` DESC 
NOTIC: [2] Invalid argument supplied for foreach() D:\xampp\htdocs\KE361\Application\Home\Controller\IndexController.class.php 第 29 行.
SQL: SHOW COLUMNS FROM `wu_category_goods` [ RunTime:0.002000s ]
SQL: SELECT * FROM `wu_category_goods` WHERE ( `status` = 1 ) AND ( `is_home` = 1 ) AND ( `p_id` = 0 ) ORDER BY sort ASC  [ RunTime:0.000000s ]
SQL: SHOW COLUMNS FROM `wu_goods` [ RunTime:0.003000s ]
SQL: SELECT `id`,`category_name`,`is_home` FROM `wu_category_goods` WHERE ( `status` = 1 ) AND ( `p_id` = 10 )  [ RunTime:0.000000s ]
SQL: SELECT * FROM `wu_goods` WHERE ( status = 1 and cate_id in (10,11,12) ) ORDER BY `sort` DESC,goods_id DESC LIMIT 8   [ RunTime:0.001000s ]
SQL: SELECT `id`,`category_name`,`is_home` FROM `wu_category_goods` WHERE ( `status` = 1 ) AND ( `p_id` = 2 )  [ RunTime:0.001000s ]
NOTIC: [2] Invalid argument supplied for foreach() D:\xampp\htdocs\KE361\Application\Home\Controller\IndexController.class.php 第 47 行.
SQL: SELECT * FROM `wu_goods` WHERE ( status = 1 and cate_id in (2) ) ORDER BY `sort` DESC,goods_id DESC LIMIT 4   [ RunTime:0.000000s ]
SQL: SHOW COLUMNS FROM `wu_page` [ RunTime:0.002001s ]
SQL: SELECT * FROM `wu_page` WHERE ( `status` = 1 ) AND ( `ishome` = 1 )  [ RunTime:0.000000s ]
SQL: SHOW COLUMNS FROM `wu_orders` [ RunTime:0.010000s ]
SQL: SELECT * FROM `wu_orders` ORDER BY createtime DESC LIMIT 12   [ RunTime:0.000000s ]
INFO: [ view_parse ] --START--
INFO: [ template_filter ] --START--
INFO: Run Behavior\ContentReplace [ RunTime:0.000000s ]
INFO: [ template_filter ] --END-- [ RunTime:0.001000s ]
NOTIC: [8] Undefined variable: nav_url D:\xampp\htdocs\KE361\Runtime\Cache\Home\e0340b9f63ad022bf382f499f0c8dafc.php 第 44 行.
NOTIC: [8] Undefined index: category_child D:\xampp\htdocs\KE361\Runtime\Cache\Home\e0340b9f63ad022bf382f499f0c8dafc.php 第 257 行.
NOTIC: [8] Undefined variable: articleSort D:\xampp\htdocs\KE361\Runtime\Cache\Home\e0340b9f63ad022bf382f499f0c8dafc.php 第 358 行.
NOTIC: [8] Undefined variable: articleSort D:\xampp\htdocs\KE361\Runtime\Cache\Home\e0340b9f63ad022bf382f499f0c8dafc.php 第 359 行.
NOTIC: [8] Undefined variable: articleSort D:\xampp\htdocs\KE361\Runtime\Cache\Home\e0340b9f63ad022bf382f499f0c8dafc.php 第 363 行.
NOTIC: [8] Undefined variable: articleSort D:\xampp\htdocs\KE361\Runtime\Cache\Home\e0340b9f63ad022bf382f499f0c8dafc.php 第 364 行.
NOTIC: [8] Undefined variable: articleSort D:\xampp\htdocs\KE361\Runtime\Cache\Home\e0340b9f63ad022bf382f499f0c8dafc.php 第 368 行.
NOTIC: [8] Undefined variable: articleSort D:\xampp\htdocs\KE361\Runtime\Cache\Home\e0340b9f63ad022bf382f499f0c8dafc.php 第 369 行.
NOTIC: [8] Undefined variable: articleSort D:\xampp\htdocs\KE361\Runtime\Cache\Home\e0340b9f63ad022bf382f499f0c8dafc.php 第 373 行.
NOTIC: [8] Undefined variable: articleSort D:\xampp\htdocs\KE361\Runtime\Cache\Home\e0340b9f63ad022bf382f499f0c8dafc.php 第 374 行.
INFO: Run Behavior\ParseTemplate [ RunTime:0.050003s ]
INFO: [ view_parse ] --END-- [ RunTime:0.050003s ]
INFO: [ view_filter ] --START--
INFO: Run Behavior\WriteHtmlCache [ RunTime:0.001000s ]
INFO: [ view_filter ] --END-- [ RunTime:0.001000s ]
INFO: [ app_end ] --START--
INFO: Run Behavior\ShowPageTrace [ RunTime:0.001000s ]
INFO: [ app_end ] --END-- [ RunTime:0.001000s ]

[ 2015-08-31T15:30:43+08:00 ] ::1 /ke361/index.php?s=/Home/Goods/info/id/470.html
NOTIC: [8] Use of undefined constant UID - assumed 'UID' D:\xampp\htdocs\KE361\Application\Home\Controller\HomeController.class.php 第 30 行.
SQL: SHOW COLUMNS FROM `wu_member` [ RunTime:0.004000s ]
SQL: SELECT `uid`,um.username,wu_member.last_login_time,wu_member.last_login_ip,wu_member.reg_time,`mobile`,`email`,`score`,`avatar` FROM `wu_member` LEFT JOIN wu_ucenter_member as um ON wu_member.uid = um.id  WHERE ( `uid` = '4' ) LIMIT 1   [ RunTime:0.019001s ]
SQL: SHOW COLUMNS FROM `wu_nav` [ RunTime:0.004000s ]
SQL: SELECT * FROM `wu_nav` ORDER BY sort ASC LIMIT 9   [ RunTime:0.007000s ]
SQL: SHOW COLUMNS FROM `wu_friendlink` [ RunTime:0.004001s ]
SQL: SELECT * FROM `wu_friendlink` WHERE ( `state` = 1 ) ORDER BY sort ASC LIMIT 9   [ RunTime:0.001000s ]
SQL: SHOW COLUMNS FROM `wu_category` [ RunTime:0.004000s ]
SQL: SELECT * FROM `wu_category` WHERE ( `status` = 1 ) AND ( `type` = 2 ) ORDER BY `sort` DESC,cate_id DESC LIMIT 8   [ RunTime:0.013001s ]
ERR: 1054:Unknown column 'cate_id' in 'order clause'
 [ SQL语句 ] : SELECT * FROM `wu_category` WHERE ( `status` = 1 ) AND ( `type` = 2 ) ORDER BY `sort` DESC,cate_id DESC LIMIT 8  
NOTIC: [2] Invalid argument supplied for foreach() D:\xampp\htdocs\KE361\Application\Home\Controller\HomeController.class.php 第 133 行.
NOTIC: [8] Undefined variable: article D:\xampp\htdocs\KE361\Application\Home\Controller\HomeController.class.php 第 138 行.
SQL: SHOW COLUMNS FROM `wu_goods` [ RunTime:0.004000s ]
SQL: SELECT * FROM `wu_goods` WHERE ( `goods_id` = 470 ) LIMIT 1   [ RunTime:0.013001s ]
SQL: SHOW COLUMNS FROM `wu_search_keyword` [ RunTime:0.004000s ]
SQL: SELECT * FROM `wu_search_keyword` WHERE ( `isshow` = 1 ) ORDER BY times desc  [ RunTime:0.008000s ]
SQL: SHOW COLUMNS FROM `wu_support` [ RunTime:0.004000s ]
SQL: SELECT * FROM `wu_support` WHERE ( `status` = 1 ) ORDER BY sort desc  [ RunTime:0.000000s ]
SQL: SHOW COLUMNS FROM `wu_goods` [ RunTime:0.003000s ]
SQL: SELECT * FROM `wu_goods` INNER JOIN wu_category_goods ON wu_goods.cate_id = wu_category_goods.id  WHERE ( `goods_id` = 470 ) LIMIT 1   [ RunTime:0.005000s ]
SQL: UPDATE `wu_goods` SET `hits`=hits+1 WHERE ( goods_id=470 ) [ RunTime:0.008001s ]
SQL: SHOW COLUMNS FROM `wu_topic` [ RunTime:0.004000s ]
SQL: SELECT * FROM `wu_topic` WHERE ( `tid` = 1 ) LIMIT 1   [ RunTime:0.004000s ]
SQL: SHOW COLUMNS FROM `wu_goods` [ RunTime:0.003000s ]
SQL: SELECT * FROM `wu_goods` WHERE ( `cate_id` = 3 ) ORDER BY hits DESC,goods_id DESC LIMIT 8   [ RunTime:0.002001s ]
SQL: SHOW COLUMNS FROM `wu_goods_extra` [ RunTime:0.050002s ]
SQL: SELECT * FROM `wu_goods_extra` WHERE ( `goods_id` = 470 ) AND ( `status` = 1 ) ORDER BY sort  [ RunTime:0.031002s ]
SQL: SHOW COLUMNS FROM `wu_tag` [ RunTime:0.005001s ]
SQL: SELECT * FROM `wu_tag` WHERE ( id in (1) and status = 1 ) ORDER BY sort ASC  [ RunTime:0.010000s ]
INFO: [ view_parse ] --START--
INFO: [ template_filter ] --START--
INFO: Run Behavior\ContentReplace [ RunTime:0.001000s ]
INFO: [ template_filter ] --END-- [ RunTime:0.001000s ]
NOTIC: [8] Undefined variable: msg D:\xampp\htdocs\KE361\Runtime\Cache\Home\9b88808827438c619ec79eb652477787.php 第 193 行.
NOTIC: [8] Undefined variable: goods_name D:\xampp\htdocs\KE361\Runtime\Cache\Home\9b88808827438c619ec79eb652477787.php 第 209 行.
NOTIC: [8] Undefined variable: articleSort D:\xampp\htdocs\KE361\Runtime\Cache\Home\9b88808827438c619ec79eb652477787.php 第 476 行.
NOTIC: [8] Undefined variable: articleSort D:\xampp\htdocs\KE361\Runtime\Cache\Home\9b88808827438c619ec79eb652477787.php 第 477 行.
NOTIC: [8] Undefined variable: articleSort D:\xampp\htdocs\KE361\Runtime\Cache\Home\9b88808827438c619ec79eb652477787.php 第 481 行.
NOTIC: [8] Undefined variable: articleSort D:\xampp\htdocs\KE361\Runtime\Cache\Home\9b88808827438c619ec79eb652477787.php 第 482 行.
NOTIC: [8] Undefined variable: articleSort D:\xampp\htdocs\KE361\Runtime\Cache\Home\9b88808827438c619ec79eb652477787.php 第 486 行.
NOTIC: [8] Undefined variable: articleSort D:\xampp\htdocs\KE361\Runtime\Cache\Home\9b88808827438c619ec79eb652477787.php 第 487 行.
NOTIC: [8] Undefined variable: articleSort D:\xampp\htdocs\KE361\Runtime\Cache\Home\9b88808827438c619ec79eb652477787.php 第 491 行.
NOTIC: [8] Undefined variable: articleSort D:\xampp\htdocs\KE361\Runtime\Cache\Home\9b88808827438c619ec79eb652477787.php 第 492 行.
INFO: Run Behavior\ParseTemplate [ RunTime:0.100006s ]
INFO: [ view_parse ] --END-- [ RunTime:0.100006s ]
INFO: [ view_filter ] --START--
INFO: Run Behavior\WriteHtmlCache [ RunTime:0.013001s ]
INFO: [ view_filter ] --END-- [ RunTime:0.013001s ]
INFO: [ app_end ] --START--
INFO: Run Behavior\ShowPageTrace [ RunTime:0.019001s ]
INFO: [ app_end ] --END-- [ RunTime:0.019001s ]

[ 2015-08-31T15:31:08+08:00 ] ::1 /ke361/index.php?s=/Home/Goods/info/id/470.html
NOTIC: [8] Use of undefined constant UID - assumed 'UID' D:\xampp\htdocs\KE361\Application\Home\Controller\HomeController.class.php 第 30 行.
SQL: SHOW COLUMNS FROM `wu_member` [ RunTime:0.001000s ]
SQL: SELECT `uid`,um.username,wu_member.last_login_time,wu_member.last_login_ip,wu_member.reg_time,`mobile`,`email`,`score`,`avatar` FROM `wu_member` LEFT JOIN wu_ucenter_member as um ON wu_member.uid = um.id  WHERE ( `uid` = '4' ) LIMIT 1   [ RunTime:0.000000s ]
SQL: SHOW COLUMNS FROM `wu_nav` [ RunTime:0.002000s ]
SQL: SELECT * FROM `wu_nav` ORDER BY sort ASC LIMIT 9   [ RunTime:0.000000s ]
SQL: SHOW COLUMNS FROM `wu_friendlink` [ RunTime:0.002000s ]
SQL: SELECT * FROM `wu_friendlink` WHERE ( `state` = 1 ) ORDER BY sort ASC LIMIT 9   [ RunTime:0.001000s ]
SQL: SHOW COLUMNS FROM `wu_category` [ RunTime:0.002001s ]
SQL: SELECT * FROM `wu_category` WHERE ( `status` = 1 ) AND ( `type` = 2 ) ORDER BY `sort` DESC,cate_id DESC LIMIT 8   [ RunTime:0.000000s ]
ERR: 1054:Unknown column 'cate_id' in 'order clause'
 [ SQL语句 ] : SELECT * FROM `wu_category` WHERE ( `status` = 1 ) AND ( `type` = 2 ) ORDER BY `sort` DESC,cate_id DESC LIMIT 8  
NOTIC: [2] Invalid argument supplied for foreach() D:\xampp\htdocs\KE361\Application\Home\Controller\HomeController.class.php 第 133 行.
NOTIC: [8] Undefined variable: article D:\xampp\htdocs\KE361\Application\Home\Controller\HomeController.class.php 第 138 行.
SQL: SHOW COLUMNS FROM `wu_goods` [ RunTime:0.002000s ]
SQL: SELECT * FROM `wu_goods` WHERE ( `goods_id` = 470 ) LIMIT 1   [ RunTime:0.000000s ]
SQL: SHOW COLUMNS FROM `wu_search_keyword` [ RunTime:0.002000s ]
SQL: SELECT * FROM `wu_search_keyword` WHERE ( `isshow` = 1 ) ORDER BY times desc  [ RunTime:0.001000s ]
SQL: SHOW COLUMNS FROM `wu_support` [ RunTime:0.001000s ]
SQL: SELECT * FROM `wu_support` WHERE ( `status` = 1 ) ORDER BY sort desc  [ RunTime:0.000000s ]
SQL: SHOW COLUMNS FROM `wu_goods` [ RunTime:0.002000s ]
SQL: SELECT * FROM `wu_goods` INNER JOIN wu_category_goods ON wu_goods.cate_id = wu_category_goods.id  WHERE ( `goods_id` = 470 ) LIMIT 1   [ RunTime:0.001000s ]
SQL: UPDATE `wu_goods` SET `hits`=hits+1 WHERE ( goods_id=470 ) [ RunTime:0.000000s ]
SQL: SHOW COLUMNS FROM `wu_topic` [ RunTime:0.002000s ]
SQL: SELECT * FROM `wu_topic` WHERE ( `tid` = 1 ) LIMIT 1   [ RunTime:0.000000s ]
SQL: SHOW COLUMNS FROM `wu_goods` [ RunTime:0.002000s ]
SQL: SELECT * FROM `wu_goods` WHERE ( `cate_id` = 3 ) ORDER BY hits DESC,goods_id DESC LIMIT 8   [ RunTime:0.000000s ]
SQL: SHOW COLUMNS FROM `wu_goods_extra` [ RunTime:0.003001s ]
SQL: SELECT * FROM `wu_goods_extra` WHERE ( `goods_id` = 470 ) AND ( `status` = 1 ) ORDER BY sort  [ RunTime:0.000000s ]
SQL: SHOW COLUMNS FROM `wu_tag` [ RunTime:0.002000s ]
SQL: SELECT * FROM `wu_tag` WHERE ( id in (1) and status = 1 ) ORDER BY sort ASC  [ RunTime:0.000000s ]
INFO: [ view_parse ] --START--
INFO: [ template_filter ] --START--
INFO: Run Behavior\ContentReplace [ RunTime:0.000000s ]
INFO: [ template_filter ] --END-- [ RunTime:0.000000s ]
NOTIC: [8] Undefined variable: msg D:\xampp\htdocs\KE361\Runtime\Cache\Home\9b88808827438c619ec79eb652477787.php 第 193 行.
NOTIC: [8] Undefined variable: goods_name D:\xampp\htdocs\KE361\Runtime\Cache\Home\9b88808827438c619ec79eb652477787.php 第 209 行.
NOTIC: [8] Undefined variable: articleSort D:\xampp\htdocs\KE361\Runtime\Cache\Home\9b88808827438c619ec79eb652477787.php 第 476 行.
NOTIC: [8] Undefined variable: articleSort D:\xampp\htdocs\KE361\Runtime\Cache\Home\9b88808827438c619ec79eb652477787.php 第 477 行.
NOTIC: [8] Undefined variable: articleSort D:\xampp\htdocs\KE361\Runtime\Cache\Home\9b88808827438c619ec79eb652477787.php 第 481 行.
NOTIC: [8] Undefined variable: articleSort D:\xampp\htdocs\KE361\Runtime\Cache\Home\9b88808827438c619ec79eb652477787.php 第 482 行.
NOTIC: [8] Undefined variable: articleSort D:\xampp\htdocs\KE361\Runtime\Cache\Home\9b88808827438c619ec79eb652477787.php 第 486 行.
NOTIC: [8] Undefined variable: articleSort D:\xampp\htdocs\KE361\Runtime\Cache\Home\9b88808827438c619ec79eb652477787.php 第 487 行.
NOTIC: [8] Undefined variable: articleSort D:\xampp\htdocs\KE361\Runtime\Cache\Home\9b88808827438c619ec79eb652477787.php 第 491 行.
NOTIC: [8] Undefined variable: articleSort D:\xampp\htdocs\KE361\Runtime\Cache\Home\9b88808827438c619ec79eb652477787.php 第 492 行.
INFO: Run Behavior\ParseTemplate [ RunTime:0.020001s ]
INFO: [ view_parse ] --END-- [ RunTime:0.020001s ]
INFO: [ view_filter ] --START--
INFO: Run Behavior\WriteHtmlCache [ RunTime:0.001000s ]
INFO: [ view_filter ] --END-- [ RunTime:0.001000s ]
INFO: [ app_end ] --START--
INFO: Run Behavior\ShowPageTrace [ RunTime:0.000000s ]
INFO: [ app_end ] --END-- [ RunTime:0.000000s ]

