[ 2015-09-17T09:24:43+08:00 ] ::1 /ke361/index.php?s=/Admin/CategoryGoods/index/id/3.html
SQL: SHOW COLUMNS FROM `wu_menu` [ RunTime:0.009001s ]
SQL: SELECT * FROM `wu_menu` WHERE ( `pid` = 0 ) AND ( `hide` = 0 ) ORDER BY sort asc  [ RunTime:0.048002s ]
SQL: SELECT `id` FROM `wu_menu` WHERE ( url like '%CategoryGoods/index%' ) LIMIT 1   [ RunTime:0.001000s ]
SQL: SHOW COLUMNS FROM `wu_menu` [ RunTime:0.004000s ]
SQL: SELECT `id`,`pid`,`title` FROM `wu_menu` WHERE ( id=135 ) LIMIT 1   [ RunTime:0.000000s ]
SQL: SELECT `id`,`pid`,`title` FROM `wu_menu` WHERE ( id=131 ) LIMIT 1   [ RunTime:0.000000s ]
SQL: SELECT DISTINCT  `group` FROM `wu_menu` WHERE ( pid = 131 )  [ RunTime:0.000000s ]
SQL: SELECT `id`,`url` FROM `wu_menu` WHERE ( `pid` = 131 ) AND ( `hide` = 0 )  [ RunTime:0.000000s ]
SQL: SELECT `id`,`pid`,`title`,`url`,`tip` FROM `wu_menu` WHERE ( `group` = '商品' ) AND ( `pid` = 131 ) AND ( `hide` = 0 ) ORDER BY sort asc  [ RunTime:0.000000s ]
SQL: SELECT `id`,`pid`,`title`,`url`,`tip` FROM `wu_menu` WHERE ( `group` = '采集' ) AND ( `pid` = 131 ) AND ( `hide` = 0 ) ORDER BY sort asc  [ RunTime:0.001000s ]
SQL: SELECT `id`,`pid`,`title`,`url`,`tip` FROM `wu_menu` WHERE ( `group` = '分类' ) AND ( `pid` = 131 ) AND ( `hide` = 0 ) ORDER BY sort asc  [ RunTime:0.000000s ]
SQL: SELECT `id`,`pid`,`title`,`url`,`tip` FROM `wu_menu` WHERE ( `group` = '专题' ) AND ( `pid` = 131 ) AND ( `hide` = 0 ) ORDER BY sort asc  [ RunTime:0.000000s ]
SQL: SHOW COLUMNS FROM `wu_category_goods` [ RunTime:0.005001s ]
SQL: SELECT * FROM `wu_category_goods` WHERE ( `p_id` = 3 ) ORDER BY `sort` desc,id desc  [ RunTime:0.049003s ]
INFO: [ view_parse ] --START--
INFO: [ template_filter ] --START--
INFO: Run Behavior\ContentReplace [ RunTime:0.001000s ]
INFO: [ template_filter ] --END-- [ RunTime:0.001000s ]
NOTIC: [8] Undefined variable: meta_title D:\xampp\htdocs\KE361\Runtime\Cache\Admin\74b89b1c5260d3f6e7b43b8778381a58.php 第 5 行.
NOTIC: [8] Undefined index: sort_id D:\xampp\htdocs\KE361\Runtime\Cache\Admin\74b89b1c5260d3f6e7b43b8778381a58.php 第 126 行.
INFO: Run Behavior\ParseTemplate [ RunTime:0.428025s ]
INFO: [ view_parse ] --END-- [ RunTime:0.428025s ]
INFO: [ view_filter ] --START--
INFO: Run Behavior\WriteHtmlCache [ RunTime:0.024001s ]
INFO: [ view_filter ] --END-- [ RunTime:0.024001s ]
INFO: [ app_end ] --START--
INFO: Run Behavior\ShowPageTrace [ RunTime:0.029002s ]
INFO: [ app_end ] --END-- [ RunTime:0.029002s ]

[ 2015-09-17T09:24:44+08:00 ] ::1 /ke361/index.php?s=/Home/goods/cate/id/2.html
NOTIC: [8] Use of undefined constant UID - assumed 'UID' D:\xampp\htdocs\KE361\Application\Home\Controller\HomeController.class.php 第 30 行.
SQL: SHOW COLUMNS FROM `wu_member` [ RunTime:0.005000s ]
SQL: SELECT `uid`,um.username,wu_member.last_login_time,wu_member.last_login_ip,wu_member.reg_time,`mobile`,`email`,`score`,`avatar` FROM `wu_member` LEFT JOIN wu_ucenter_member as um ON wu_member.uid = um.id  WHERE ( `uid` = '4' ) LIMIT 1   [ RunTime:0.081005s ]
SQL: SHOW COLUMNS FROM `wu_nav` [ RunTime:0.009000s ]
SQL: SELECT * FROM `wu_nav` ORDER BY sort ASC LIMIT 9   [ RunTime:0.027002s ]
SQL: SHOW COLUMNS FROM `wu_friendlink` [ RunTime:0.004000s ]
SQL: SELECT * FROM `wu_friendlink` WHERE ( `state` = 1 ) ORDER BY sort ASC LIMIT 9   [ RunTime:0.022001s ]
SQL: SHOW COLUMNS FROM `wu_category` [ RunTime:0.008001s ]
SQL: SELECT * FROM `wu_category` WHERE ( `status` = 1 ) AND ( `type` = 2 ) ORDER BY `sort` DESC,cate_id DESC LIMIT 8   [ RunTime:0.001000s ]
ERR: 1054:Unknown column 'cate_id' in 'order clause'
 [ SQL语句 ] : SELECT * FROM `wu_category` WHERE ( `status` = 1 ) AND ( `type` = 2 ) ORDER BY `sort` DESC,cate_id DESC LIMIT 8  
NOTIC: [2] Invalid argument supplied for foreach() D:\xampp\htdocs\KE361\Application\Home\Controller\HomeController.class.php 第 133 行.
NOTIC: [8] Undefined variable: article D:\xampp\htdocs\KE361\Application\Home\Controller\HomeController.class.php 第 138 行.
SQL: SHOW COLUMNS FROM `wu_category_goods` [ RunTime:0.006000s ]
SQL: SELECT * FROM `wu_category_goods` WHERE ( `id` = 2 ) LIMIT 1   [ RunTime:0.002000s ]
SQL: SHOW COLUMNS FROM `wu_search_keyword` [ RunTime:0.014001s ]
SQL: SELECT * FROM `wu_search_keyword` WHERE ( `isshow` = 1 ) ORDER BY times desc  [ RunTime:0.026002s ]
SQL: SHOW COLUMNS FROM `wu_support` [ RunTime:0.012000s ]
SQL: SELECT * FROM `wu_support` WHERE ( `status` = 1 ) ORDER BY sort desc  [ RunTime:0.001000s ]
SQL: SHOW COLUMNS FROM `wu_category_goods` [ RunTime:0.005000s ]
SQL: SELECT * FROM `wu_category_goods` WHERE ( `id` = 2 ) LIMIT 1   [ RunTime:0.001000s ]
SQL: SELECT * FROM `wu_category_goods` WHERE ( `p_id` = 2 )  [ RunTime:0.000000s ]
SQL: SHOW COLUMNS FROM `wu_goods` [ RunTime:0.009001s ]
SQL: SHOW COLUMNS FROM `wu_goods` [ RunTime:0.006001s ]
SQL: SELECT COUNT(*) AS tp_count FROM `wu_goods` WHERE ( `cate_id` = 2 ) AND ( `status` = 1 ) LIMIT 1   [ RunTime:0.033001s ]
SQL: SHOW COLUMNS FROM `wu_goods` [ RunTime:0.023001s ]
SQL: SELECT * FROM `wu_goods` WHERE ( `cate_id` = 2 ) AND ( `status` = 1 ) ORDER BY `sort` DESC,goods_id DESC LIMIT 0,10   [ RunTime:0.004000s ]
SQL: SELECT * FROM `wu_category_goods` WHERE ( `p_id` = 0 ) AND ( `status` = 1 ) ORDER BY sort ASC  [ RunTime:0.001000s ]
SQL: SELECT * FROM `wu_category_goods` WHERE ( `p_id` = 1 ) AND ( `status` = 1 ) ORDER BY sort ASC  [ RunTime:0.000000s ]
NOTIC: [2] Invalid argument supplied for foreach() D:\xampp\htdocs\KE361\Application\Home\Model\CategoryGoodsModel.class.php 第 40 行.
SQL: SELECT * FROM `wu_category_goods` WHERE ( `p_id` = 3 ) AND ( `status` = 1 ) ORDER BY sort ASC  [ RunTime:0.000000s ]
SQL: SELECT * FROM `wu_category_goods` WHERE ( `p_id` = 14 ) AND ( `status` = 1 ) ORDER BY sort ASC  [ RunTime:0.001000s ]
NOTIC: [2] Invalid argument supplied for foreach() D:\xampp\htdocs\KE361\Application\Home\Model\CategoryGoodsModel.class.php 第 40 行.
SQL: SELECT * FROM `wu_category_goods` WHERE ( `p_id` = 4 ) AND ( `status` = 1 ) ORDER BY sort ASC  [ RunTime:0.000000s ]
SQL: SELECT * FROM `wu_category_goods` WHERE ( `p_id` = 9 ) AND ( `status` = 1 ) ORDER BY sort ASC  [ RunTime:0.000000s ]
NOTIC: [2] Invalid argument supplied for foreach() D:\xampp\htdocs\KE361\Application\Home\Model\CategoryGoodsModel.class.php 第 40 行.
SQL: SELECT * FROM `wu_category_goods` WHERE ( `p_id` = 10 ) AND ( `status` = 1 ) ORDER BY sort ASC  [ RunTime:0.000000s ]
SQL: SELECT * FROM `wu_category_goods` WHERE ( `p_id` = 11 ) AND ( `status` = 1 ) ORDER BY sort ASC  [ RunTime:0.000000s ]
NOTIC: [2] Invalid argument supplied for foreach() D:\xampp\htdocs\KE361\Application\Home\Model\CategoryGoodsModel.class.php 第 40 行.
SQL: SELECT * FROM `wu_category_goods` WHERE ( `p_id` = 12 ) AND ( `status` = 1 ) ORDER BY sort ASC  [ RunTime:0.001000s ]
SQL: SELECT * FROM `wu_category_goods` WHERE ( `p_id` = 13 ) AND ( `status` = 1 ) ORDER BY sort ASC  [ RunTime:0.000000s ]
NOTIC: [2] Invalid argument supplied for foreach() D:\xampp\htdocs\KE361\Application\Home\Model\CategoryGoodsModel.class.php 第 40 行.
SQL: SELECT * FROM `wu_category_goods` WHERE ( `p_id` = 2 ) AND ( `status` = 1 ) ORDER BY sort ASC  [ RunTime:0.000000s ]
NOTIC: [2] Invalid argument supplied for foreach() D:\xampp\htdocs\KE361\Application\Home\Model\CategoryGoodsModel.class.php 第 40 行.
INFO: [ view_parse ] --START--
INFO: [ template_filter ] --START--
INFO: Run Behavior\ContentReplace [ RunTime:0.001001s ]
INFO: [ template_filter ] --END-- [ RunTime:0.001001s ]
NOTIC: [8] Undefined variable: ishome D:\xampp\htdocs\KE361\Runtime\Cache\Home\9f00623dc302491bce4d14bef939d347.php 第 183 行.
NOTIC: [2] Illegal string offset 'pid' D:\xampp\htdocs\KE361\Runtime\Cache\Home\9f00623dc302491bce4d14bef939d347.php 第 399 行.
NOTIC: [2] Illegal string offset 'pid' D:\xampp\htdocs\KE361\Runtime\Cache\Home\9f00623dc302491bce4d14bef939d347.php 第 399 行.
NOTIC: [2] Illegal string offset 'foot' D:\xampp\htdocs\KE361\Runtime\Cache\Home\9f00623dc302491bce4d14bef939d347.php 第 399 行.
NOTIC: [2] Illegal string offset 'pid' D:\xampp\htdocs\KE361\Runtime\Cache\Home\9f00623dc302491bce4d14bef939d347.php 第 399 行.
NOTIC: [2] Illegal string offset 'foot' D:\xampp\htdocs\KE361\Runtime\Cache\Home\9f00623dc302491bce4d14bef939d347.php 第 399 行.
NOTIC: [2] Illegal string offset 'pid' D:\xampp\htdocs\KE361\Runtime\Cache\Home\9f00623dc302491bce4d14bef939d347.php 第 399 行.
NOTIC: [2] Illegal string offset 'foot' D:\xampp\htdocs\KE361\Runtime\Cache\Home\9f00623dc302491bce4d14bef939d347.php 第 399 行.
NOTIC: [2] Illegal string offset 'pid' D:\xampp\htdocs\KE361\Runtime\Cache\Home\9f00623dc302491bce4d14bef939d347.php 第 399 行.
NOTIC: [2] Illegal string offset 'pid' D:\xampp\htdocs\KE361\Runtime\Cache\Home\9f00623dc302491bce4d14bef939d347.php 第 399 行.
NOTIC: [2] Illegal string offset 'pid' D:\xampp\htdocs\KE361\Runtime\Cache\Home\9f00623dc302491bce4d14bef939d347.php 第 399 行.
NOTIC: [2] Illegal string offset 'pid' D:\xampp\htdocs\KE361\Runtime\Cache\Home\9f00623dc302491bce4d14bef939d347.php 第 399 行.
NOTIC: [2] Illegal string offset 'pid' D:\xampp\htdocs\KE361\Runtime\Cache\Home\9f00623dc302491bce4d14bef939d347.php 第 399 行.
NOTIC: [2] Illegal string offset 'foot' D:\xampp\htdocs\KE361\Runtime\Cache\Home\9f00623dc302491bce4d14bef939d347.php 第 399 行.
NOTIC: [2] Illegal string offset 'pid' D:\xampp\htdocs\KE361\Runtime\Cache\Home\9f00623dc302491bce4d14bef939d347.php 第 399 行.
NOTIC: [2] Illegal string offset 'pid' D:\xampp\htdocs\KE361\Runtime\Cache\Home\9f00623dc302491bce4d14bef939d347.php 第 399 行.
NOTIC: [2] Illegal string offset 'pid' D:\xampp\htdocs\KE361\Runtime\Cache\Home\9f00623dc302491bce4d14bef939d347.php 第 399 行.
NOTIC: [8] Undefined variable: articleSort D:\xampp\htdocs\KE361\Runtime\Cache\Home\9f00623dc302491bce4d14bef939d347.php 第 407 行.
NOTIC: [8] Undefined variable: articleSort D:\xampp\htdocs\KE361\Runtime\Cache\Home\9f00623dc302491bce4d14bef939d347.php 第 408 行.
NOTIC: [8] Undefined variable: articleSort D:\xampp\htdocs\KE361\Runtime\Cache\Home\9f00623dc302491bce4d14bef939d347.php 第 412 行.
NOTIC: [8] Undefined variable: articleSort D:\xampp\htdocs\KE361\Runtime\Cache\Home\9f00623dc302491bce4d14bef939d347.php 第 413 行.
NOTIC: [8] Undefined variable: articleSort D:\xampp\htdocs\KE361\Runtime\Cache\Home\9f00623dc302491bce4d14bef939d347.php 第 417 行.
NOTIC: [8] Undefined variable: articleSort D:\xampp\htdocs\KE361\Runtime\Cache\Home\9f00623dc302491bce4d14bef939d347.php 第 418 行.
NOTIC: [8] Undefined variable: articleSort D:\xampp\htdocs\KE361\Runtime\Cache\Home\9f00623dc302491bce4d14bef939d347.php 第 422 行.
NOTIC: [8] Undefined variable: articleSort D:\xampp\htdocs\KE361\Runtime\Cache\Home\9f00623dc302491bce4d14bef939d347.php 第 423 行.
INFO: Run Behavior\ParseTemplate [ RunTime:0.240013s ]
INFO: [ view_parse ] --END-- [ RunTime:0.240013s ]
INFO: [ view_filter ] --START--
INFO: Run Behavior\WriteHtmlCache [ RunTime:0.003000s ]
INFO: [ view_filter ] --END-- [ RunTime:0.004000s ]
INFO: [ app_end ] --START--
INFO: Run Behavior\ShowPageTrace [ RunTime:0.001001s ]
INFO: [ app_end ] --END-- [ RunTime:0.001001s ]

[ 2015-09-17T12:43:24+08:00 ] ::1 /ke361/index.php?s=/Admin/Orders/index.html
SQL: SHOW COLUMNS FROM `wu_menu` [ RunTime:0.011001s ]
SQL: SELECT * FROM `wu_menu` WHERE ( `pid` = 0 ) AND ( `hide` = 0 ) ORDER BY sort asc  [ RunTime:0.052003s ]
SQL: SELECT `id` FROM `wu_menu` WHERE ( url like '%Orders/index%' ) LIMIT 1   [ RunTime:0.002000s ]
SQL: SHOW COLUMNS FROM `wu_menu` [ RunTime:0.006000s ]
SQL: SELECT `id`,`pid`,`title` FROM `wu_menu` WHERE ( id=154 ) LIMIT 1   [ RunTime:0.000000s ]
SQL: SELECT DISTINCT  `group` FROM `wu_menu` WHERE ( pid = 154 )  [ RunTime:0.001000s ]
SQL: SELECT `id`,`url` FROM `wu_menu` WHERE ( `pid` = 154 ) AND ( `hide` = 0 )  [ RunTime:0.001000s ]
SQL: SELECT `id`,`pid`,`title`,`url`,`tip` FROM `wu_menu` WHERE ( `group` = '' ) AND ( `pid` = 154 ) AND ( `hide` = 0 ) ORDER BY sort asc  [ RunTime:0.000000s ]
SQL: SHOW COLUMNS FROM `wu_orders` [ RunTime:0.005000s ]
SQL: SELECT COUNT(*) AS tp_count FROM `wu_orders` LIMIT 1   [ RunTime:0.010000s ]
SQL: SHOW COLUMNS FROM `wu_orders` [ RunTime:0.005001s ]
SQL: SELECT * FROM `wu_orders` ORDER BY createtime LIMIT 0,25   [ RunTime:0.001000s ]
SQL: SHOW COLUMNS FROM `wu_orders_status` [ RunTime:0.005000s ]
SQL: SELECT `name` FROM `wu_orders_status` WHERE ( `id` = 3 ) LIMIT 1   [ RunTime:0.002000s ]
SQL: SELECT `name` FROM `wu_orders_status` WHERE ( `id` = 1 ) LIMIT 1   [ RunTime:0.001000s ]
SQL: SELECT `name` FROM `wu_orders_status` WHERE ( `id` = 1 ) LIMIT 1   [ RunTime:0.000000s ]
SQL: SELECT `name` FROM `wu_orders_status` WHERE ( `id` = 1 ) LIMIT 1   [ RunTime:0.000000s ]
INFO: [ view_parse ] --START--
INFO: [ template_filter ] --START--
INFO: Run Behavior\ContentReplace [ RunTime:0.000000s ]
INFO: [ template_filter ] --END-- [ RunTime:0.000000s ]
NOTIC: [8] Undefined variable: meta_title D:\xampp\htdocs\KE361\Runtime\Cache\Admin\0d29def1c916c60ba4e6c39e8b2053b3.php 第 5 行.
NOTIC: [8] Undefined variable: group D:\xampp\htdocs\KE361\Runtime\Cache\Admin\0d29def1c916c60ba4e6c39e8b2053b3.php 第 105 行.
NOTIC: [8] Undefined variable: _page D:\xampp\htdocs\KE361\Runtime\Cache\Admin\0d29def1c916c60ba4e6c39e8b2053b3.php 第 162 行.
INFO: Run Behavior\ParseTemplate [ RunTime:0.148008s ]
INFO: [ view_parse ] --END-- [ RunTime:0.148008s ]
INFO: [ view_filter ] --START--
INFO: Run Behavior\WriteHtmlCache [ RunTime:0.010001s ]
INFO: [ view_filter ] --END-- [ RunTime:0.010001s ]
INFO: [ app_end ] --START--
INFO: Run Behavior\ShowPageTrace [ RunTime:0.007000s ]
INFO: [ app_end ] --END-- [ RunTime:0.008000s ]

