[ 2015-09-05T08:47:03+08:00 ] ::1 /ke361/index.php?s=/Home/Index/index.html
NOTIC: [8] Use of undefined constant UID - assumed 'UID' D:\xampp\htdocs\KE361\Application\Home\Controller\HomeController.class.php 第 30 行.
SQL: SHOW COLUMNS FROM `wu_member` [ RunTime:0.109006s ]
SQL: SELECT `uid`,um.username,wu_member.last_login_time,wu_member.last_login_ip,wu_member.reg_time,`mobile`,`email`,`score`,`avatar` FROM `wu_member` LEFT JOIN wu_ucenter_member as um ON wu_member.uid = um.id  WHERE ( `uid` = '4' ) LIMIT 1   [ RunTime:0.103006s ]
SQL: SHOW COLUMNS FROM `wu_nav` [ RunTime:0.124007s ]
SQL: SELECT * FROM `wu_nav` ORDER BY sort ASC LIMIT 9   [ RunTime:0.012000s ]
SQL: SHOW COLUMNS FROM `wu_friendlink` [ RunTime:0.137008s ]
SQL: SELECT * FROM `wu_friendlink` WHERE ( `state` = 1 ) ORDER BY sort ASC LIMIT 9   [ RunTime:0.000000s ]
SQL: SHOW COLUMNS FROM `wu_category` [ RunTime:0.038002s ]
SQL: SELECT * FROM `wu_category` WHERE ( `status` = 1 ) AND ( `type` = 2 ) ORDER BY `sort` DESC,cate_id DESC LIMIT 8   [ RunTime:0.000000s ]
ERR: 1054:Unknown column 'cate_id' in 'order clause'
 [ SQL语句 ] : SELECT * FROM `wu_category` WHERE ( `status` = 1 ) AND ( `type` = 2 ) ORDER BY `sort` DESC,cate_id DESC LIMIT 8  
NOTIC: [2] Invalid argument supplied for foreach() D:\xampp\htdocs\KE361\Application\Home\Controller\HomeController.class.php 第 133 行.
NOTIC: [8] Undefined variable: article D:\xampp\htdocs\KE361\Application\Home\Controller\HomeController.class.php 第 138 行.
SQL: SHOW COLUMNS FROM `wu_search_keyword` [ RunTime:0.081004s ]
SQL: SELECT * FROM `wu_search_keyword` WHERE ( `isshow` = 1 ) ORDER BY times desc  [ RunTime:0.000000s ]
SQL: SHOW COLUMNS FROM `wu_support` [ RunTime:0.086005s ]
SQL: SELECT * FROM `wu_support` WHERE ( `status` = 1 ) ORDER BY sort desc  [ RunTime:0.000000s ]
SQL: SHOW COLUMNS FROM `wu_banner` [ RunTime:0.092005s ]
SQL: SELECT * FROM `wu_banner` WHERE ( `status` = 1 ) ORDER BY `sort` ASC  [ RunTime:0.000000s ]
SQL: SHOW COLUMNS FROM `wu_ad` [ RunTime:0.003001s ]
ERR: 1146:Table 'wus.wu_ad' doesn't exist
 [ SQL语句 ] : SHOW COLUMNS FROM `wu_ad`
SQL: SELECT * FROM `wu_ad` WHERE ( `state` = 1 ) ORDER BY `order` DESC  [ RunTime:0.001000s ]
ERR: 1146:Table 'wus.wu_ad' doesn't exist
 [ SQL语句 ] : SELECT * FROM `wu_ad` WHERE ( `state` = 1 ) ORDER BY `order` DESC 
NOTIC: [2] Invalid argument supplied for foreach() D:\xampp\htdocs\KE361\Application\Home\Controller\IndexController.class.php 第 29 行.
SQL: SHOW COLUMNS FROM `wu_category_goods` [ RunTime:0.105006s ]
SQL: SELECT * FROM `wu_category_goods` WHERE ( `status` = 1 ) AND ( `is_home` = 1 ) AND ( `p_id` = 0 ) ORDER BY sort ASC  [ RunTime:0.001000s ]
SQL: SHOW COLUMNS FROM `wu_goods` [ RunTime:0.066004s ]
SQL: SELECT `id`,`category_name`,`is_home` FROM `wu_category_goods` WHERE ( `status` = 1 ) AND ( `p_id` = 10 )  [ RunTime:0.000000s ]
SQL: SELECT * FROM `wu_goods` WHERE ( status = 1 and cate_id in (10,11,12) ) ORDER BY `sort` DESC,goods_id DESC LIMIT 8   [ RunTime:0.023001s ]
SQL: SELECT `id`,`category_name`,`is_home` FROM `wu_category_goods` WHERE ( `status` = 1 ) AND ( `p_id` = 2 )  [ RunTime:0.000000s ]
NOTIC: [2] Invalid argument supplied for foreach() D:\xampp\htdocs\KE361\Application\Home\Controller\IndexController.class.php 第 50 行.
SQL: SELECT * FROM `wu_goods` WHERE ( status = 1 and cate_id in (2) ) ORDER BY `sort` DESC,goods_id DESC LIMIT 4   [ RunTime:0.000000s ]
SQL: SHOW COLUMNS FROM `wu_page` [ RunTime:0.061004s ]
SQL: SELECT * FROM `wu_page` WHERE ( `status` = 1 ) AND ( `ishome` = 1 )  [ RunTime:0.029001s ]
SQL: SHOW COLUMNS FROM `wu_orders` [ RunTime:0.061004s ]
SQL: SELECT * FROM `wu_orders` ORDER BY createtime DESC LIMIT 12   [ RunTime:0.000000s ]
INFO: [ view_parse ] --START--
INFO: [ template_filter ] --START--
INFO: Run Behavior\ContentReplace [ RunTime:0.000000s ]
INFO: [ template_filter ] --END-- [ RunTime:0.000000s ]
NOTIC: [8] Undefined index: category_child D:\xampp\htdocs\KE361\Runtime\Cache\Home\e0340b9f63ad022bf382f499f0c8dafc.php 第 257 行.
NOTIC: [8] Undefined variable: articleSort D:\xampp\htdocs\KE361\Runtime\Cache\Home\e0340b9f63ad022bf382f499f0c8dafc.php 第 358 行.
NOTIC: [8] Undefined variable: articleSort D:\xampp\htdocs\KE361\Runtime\Cache\Home\e0340b9f63ad022bf382f499f0c8dafc.php 第 359 行.
NOTIC: [8] Undefined variable: articleSort D:\xampp\htdocs\KE361\Runtime\Cache\Home\e0340b9f63ad022bf382f499f0c8dafc.php 第 363 行.
NOTIC: [8] Undefined variable: articleSort D:\xampp\htdocs\KE361\Runtime\Cache\Home\e0340b9f63ad022bf382f499f0c8dafc.php 第 364 行.
NOTIC: [8] Undefined variable: articleSort D:\xampp\htdocs\KE361\Runtime\Cache\Home\e0340b9f63ad022bf382f499f0c8dafc.php 第 368 行.
NOTIC: [8] Undefined variable: articleSort D:\xampp\htdocs\KE361\Runtime\Cache\Home\e0340b9f63ad022bf382f499f0c8dafc.php 第 369 行.
NOTIC: [8] Undefined variable: articleSort D:\xampp\htdocs\KE361\Runtime\Cache\Home\e0340b9f63ad022bf382f499f0c8dafc.php 第 373 行.
NOTIC: [8] Undefined variable: articleSort D:\xampp\htdocs\KE361\Runtime\Cache\Home\e0340b9f63ad022bf382f499f0c8dafc.php 第 374 行.
INFO: Run Behavior\ParseTemplate [ RunTime:0.384022s ]
INFO: [ view_parse ] --END-- [ RunTime:0.384022s ]
INFO: [ view_filter ] --START--
INFO: Run Behavior\WriteHtmlCache [ RunTime:0.040002s ]
INFO: [ view_filter ] --END-- [ RunTime:0.040002s ]
INFO: [ app_end ] --START--
INFO: Run Behavior\ShowPageTrace [ RunTime:0.011001s ]
INFO: [ app_end ] --END-- [ RunTime:0.011001s ]

[ 2015-09-05T08:47:03+08:00 ] ::1 /ke361/index.php?s=/Home/goods/cate/id/11.html
NOTIC: [8] Use of undefined constant UID - assumed 'UID' D:\xampp\htdocs\KE361\Application\Home\Controller\HomeController.class.php 第 30 行.
SQL: SHOW COLUMNS FROM `wu_member` [ RunTime:0.003000s ]
SQL: SELECT `uid`,um.username,wu_member.last_login_time,wu_member.last_login_ip,wu_member.reg_time,`mobile`,`email`,`score`,`avatar` FROM `wu_member` LEFT JOIN wu_ucenter_member as um ON wu_member.uid = um.id  WHERE ( `uid` = '4' ) LIMIT 1   [ RunTime:0.001000s ]
SQL: SHOW COLUMNS FROM `wu_nav` [ RunTime:0.002000s ]
SQL: SELECT * FROM `wu_nav` ORDER BY sort ASC LIMIT 9   [ RunTime:0.000000s ]
SQL: SHOW COLUMNS FROM `wu_friendlink` [ RunTime:0.003000s ]
SQL: SELECT * FROM `wu_friendlink` WHERE ( `state` = 1 ) ORDER BY sort ASC LIMIT 9   [ RunTime:0.000000s ]
SQL: SHOW COLUMNS FROM `wu_category` [ RunTime:0.003000s ]
SQL: SELECT * FROM `wu_category` WHERE ( `status` = 1 ) AND ( `type` = 2 ) ORDER BY `sort` DESC,cate_id DESC LIMIT 8   [ RunTime:0.000000s ]
ERR: 1054:Unknown column 'cate_id' in 'order clause'
 [ SQL语句 ] : SELECT * FROM `wu_category` WHERE ( `status` = 1 ) AND ( `type` = 2 ) ORDER BY `sort` DESC,cate_id DESC LIMIT 8  
NOTIC: [2] Invalid argument supplied for foreach() D:\xampp\htdocs\KE361\Application\Home\Controller\HomeController.class.php 第 133 行.
NOTIC: [8] Undefined variable: article D:\xampp\htdocs\KE361\Application\Home\Controller\HomeController.class.php 第 138 行.
SQL: SHOW COLUMNS FROM `wu_category_goods` [ RunTime:0.003000s ]
SQL: SELECT * FROM `wu_category_goods` WHERE ( `id` = 11 ) LIMIT 1   [ RunTime:0.000000s ]
SQL: SHOW COLUMNS FROM `wu_search_keyword` [ RunTime:0.002000s ]
SQL: SELECT * FROM `wu_search_keyword` WHERE ( `isshow` = 1 ) ORDER BY times desc  [ RunTime:0.000000s ]
SQL: SHOW COLUMNS FROM `wu_support` [ RunTime:0.003001s ]
SQL: SELECT * FROM `wu_support` WHERE ( `status` = 1 ) ORDER BY sort desc  [ RunTime:0.001000s ]
SQL: SHOW COLUMNS FROM `wu_category_goods` [ RunTime:0.003001s ]
SQL: SELECT * FROM `wu_category_goods` WHERE ( `id` = 11 ) LIMIT 1   [ RunTime:0.000000s ]
SQL: SELECT * FROM `wu_category_goods` WHERE ( `p_id` = 11 )  [ RunTime:0.001000s ]
SQL: SHOW COLUMNS FROM `wu_goods` [ RunTime:0.003000s ]
SQL: SHOW COLUMNS FROM `wu_goods` [ RunTime:0.004000s ]
SQL: SELECT COUNT(*) AS tp_count FROM `wu_goods` WHERE ( `cate_id` = 11 ) AND ( `status` = 1 ) LIMIT 1   [ RunTime:0.036002s ]
SQL: SHOW COLUMNS FROM `wu_goods` [ RunTime:0.002000s ]
SQL: SELECT * FROM `wu_goods` WHERE ( `cate_id` = 11 ) AND ( `status` = 1 ) ORDER BY `sort` DESC,goods_id DESC LIMIT 0,10   [ RunTime:0.000000s ]
SQL: SELECT * FROM `wu_category_goods` WHERE ( `p_id` = 0 ) AND ( `status` = 1 ) ORDER BY sort ASC  [ RunTime:0.000000s ]
SQL: SELECT * FROM `wu_category_goods` WHERE ( `p_id` = 1 ) AND ( `status` = 1 ) ORDER BY sort ASC  [ RunTime:0.000000s ]
NOTIC: [2] Invalid argument supplied for foreach() D:\xampp\htdocs\KE361\Application\Home\Model\CategoryGoodsModel.class.php 第 40 行.
SQL: SELECT * FROM `wu_category_goods` WHERE ( `p_id` = 3 ) AND ( `status` = 1 ) ORDER BY sort ASC  [ RunTime:0.001000s ]
NOTIC: [2] Invalid argument supplied for foreach() D:\xampp\htdocs\KE361\Application\Home\Model\CategoryGoodsModel.class.php 第 40 行.
SQL: SELECT * FROM `wu_category_goods` WHERE ( `p_id` = 4 ) AND ( `status` = 1 ) ORDER BY sort ASC  [ RunTime:0.000000s ]
SQL: SELECT * FROM `wu_category_goods` WHERE ( `p_id` = 9 ) AND ( `status` = 1 ) ORDER BY sort ASC  [ RunTime:0.000000s ]
NOTIC: [2] Invalid argument supplied for foreach() D:\xampp\htdocs\KE361\Application\Home\Model\CategoryGoodsModel.class.php 第 40 行.
SQL: SELECT * FROM `wu_category_goods` WHERE ( `p_id` = 10 ) AND ( `status` = 1 ) ORDER BY sort ASC  [ RunTime:0.001000s ]
SQL: SELECT * FROM `wu_category_goods` WHERE ( `p_id` = 11 ) AND ( `status` = 1 ) ORDER BY sort ASC  [ RunTime:0.000000s ]
NOTIC: [2] Invalid argument supplied for foreach() D:\xampp\htdocs\KE361\Application\Home\Model\CategoryGoodsModel.class.php 第 40 行.
SQL: SELECT * FROM `wu_category_goods` WHERE ( `p_id` = 12 ) AND ( `status` = 1 ) ORDER BY sort ASC  [ RunTime:0.000000s ]
SQL: SELECT * FROM `wu_category_goods` WHERE ( `p_id` = 13 ) AND ( `status` = 1 ) ORDER BY sort ASC  [ RunTime:0.000000s ]
NOTIC: [2] Invalid argument supplied for foreach() D:\xampp\htdocs\KE361\Application\Home\Model\CategoryGoodsModel.class.php 第 40 行.
SQL: SELECT * FROM `wu_category_goods` WHERE ( `p_id` = 2 ) AND ( `status` = 1 ) ORDER BY sort ASC  [ RunTime:0.000000s ]
NOTIC: [2] Invalid argument supplied for foreach() D:\xampp\htdocs\KE361\Application\Home\Model\CategoryGoodsModel.class.php 第 40 行.
INFO: [ view_parse ] --START--
INFO: [ template_filter ] --START--
INFO: Run Behavior\ContentReplace [ RunTime:0.000000s ]
INFO: [ template_filter ] --END-- [ RunTime:0.000000s ]
NOTIC: [2] Illegal string offset 'pid' D:\xampp\htdocs\KE361\Runtime\Cache\Home\9f00623dc302491bce4d14bef939d347.php 第 357 行.
NOTIC: [2] Illegal string offset 'pid' D:\xampp\htdocs\KE361\Runtime\Cache\Home\9f00623dc302491bce4d14bef939d347.php 第 357 行.
NOTIC: [2] Illegal string offset 'foot' D:\xampp\htdocs\KE361\Runtime\Cache\Home\9f00623dc302491bce4d14bef939d347.php 第 357 行.
NOTIC: [2] Illegal string offset 'pid' D:\xampp\htdocs\KE361\Runtime\Cache\Home\9f00623dc302491bce4d14bef939d347.php 第 357 行.
NOTIC: [2] Illegal string offset 'foot' D:\xampp\htdocs\KE361\Runtime\Cache\Home\9f00623dc302491bce4d14bef939d347.php 第 357 行.
NOTIC: [2] Illegal string offset 'pid' D:\xampp\htdocs\KE361\Runtime\Cache\Home\9f00623dc302491bce4d14bef939d347.php 第 357 行.
NOTIC: [2] Illegal string offset 'foot' D:\xampp\htdocs\KE361\Runtime\Cache\Home\9f00623dc302491bce4d14bef939d347.php 第 357 行.
NOTIC: [2] Illegal string offset 'pid' D:\xampp\htdocs\KE361\Runtime\Cache\Home\9f00623dc302491bce4d14bef939d347.php 第 357 行.
NOTIC: [2] Illegal string offset 'pid' D:\xampp\htdocs\KE361\Runtime\Cache\Home\9f00623dc302491bce4d14bef939d347.php 第 357 行.
NOTIC: [2] Illegal string offset 'pid' D:\xampp\htdocs\KE361\Runtime\Cache\Home\9f00623dc302491bce4d14bef939d347.php 第 357 行.
NOTIC: [2] Illegal string offset 'pid' D:\xampp\htdocs\KE361\Runtime\Cache\Home\9f00623dc302491bce4d14bef939d347.php 第 357 行.
NOTIC: [2] Illegal string offset 'pid' D:\xampp\htdocs\KE361\Runtime\Cache\Home\9f00623dc302491bce4d14bef939d347.php 第 357 行.
NOTIC: [2] Illegal string offset 'foot' D:\xampp\htdocs\KE361\Runtime\Cache\Home\9f00623dc302491bce4d14bef939d347.php 第 357 行.
NOTIC: [2] Illegal string offset 'pid' D:\xampp\htdocs\KE361\Runtime\Cache\Home\9f00623dc302491bce4d14bef939d347.php 第 357 行.
NOTIC: [2] Illegal string offset 'pid' D:\xampp\htdocs\KE361\Runtime\Cache\Home\9f00623dc302491bce4d14bef939d347.php 第 357 行.
NOTIC: [2] Illegal string offset 'pid' D:\xampp\htdocs\KE361\Runtime\Cache\Home\9f00623dc302491bce4d14bef939d347.php 第 357 行.
NOTIC: [8] Undefined variable: articleSort D:\xampp\htdocs\KE361\Runtime\Cache\Home\9f00623dc302491bce4d14bef939d347.php 第 365 行.
NOTIC: [8] Undefined variable: articleSort D:\xampp\htdocs\KE361\Runtime\Cache\Home\9f00623dc302491bce4d14bef939d347.php 第 366 行.
NOTIC: [8] Undefined variable: articleSort D:\xampp\htdocs\KE361\Runtime\Cache\Home\9f00623dc302491bce4d14bef939d347.php 第 370 行.
NOTIC: [8] Undefined variable: articleSort D:\xampp\htdocs\KE361\Runtime\Cache\Home\9f00623dc302491bce4d14bef939d347.php 第 371 行.
NOTIC: [8] Undefined variable: articleSort D:\xampp\htdocs\KE361\Runtime\Cache\Home\9f00623dc302491bce4d14bef939d347.php 第 375 行.
NOTIC: [8] Undefined variable: articleSort D:\xampp\htdocs\KE361\Runtime\Cache\Home\9f00623dc302491bce4d14bef939d347.php 第 376 行.
NOTIC: [8] Undefined variable: articleSort D:\xampp\htdocs\KE361\Runtime\Cache\Home\9f00623dc302491bce4d14bef939d347.php 第 380 行.
NOTIC: [8] Undefined variable: articleSort D:\xampp\htdocs\KE361\Runtime\Cache\Home\9f00623dc302491bce4d14bef939d347.php 第 381 行.
INFO: Run Behavior\ParseTemplate [ RunTime:0.174010s ]
INFO: [ view_parse ] --END-- [ RunTime:0.174010s ]
INFO: [ view_filter ] --START--
INFO: Run Behavior\WriteHtmlCache [ RunTime:0.001000s ]
INFO: [ view_filter ] --END-- [ RunTime:0.001000s ]
INFO: [ app_end ] --START--
INFO: Run Behavior\ShowPageTrace [ RunTime:0.000000s ]
INFO: [ app_end ] --END-- [ RunTime:0.000000s ]

[ 2015-09-05T08:47:05+08:00 ] ::1 /ke361/index.php?s=/Admin/CategoryGoods/add/id/10.html
SQL: SHOW COLUMNS FROM `wu_menu` [ RunTime:0.080005s ]
SQL: SELECT * FROM `wu_menu` WHERE ( `pid` = 0 ) AND ( `hide` = 0 ) ORDER BY sort asc  [ RunTime:0.068004s ]
SQL: SELECT `id` FROM `wu_menu` WHERE ( url like '%CategoryGoods/add%' ) LIMIT 1   [ RunTime:0.000000s ]
SQL: SHOW COLUMNS FROM `wu_menu` [ RunTime:0.003000s ]
SQL: SELECT `id`,`pid`,`title` FROM `wu_menu` WHERE ( id=139 ) LIMIT 1   [ RunTime:0.000000s ]
SQL: SELECT `id`,`pid`,`title` FROM `wu_menu` WHERE ( id=131 ) LIMIT 1   [ RunTime:0.001000s ]
SQL: SELECT DISTINCT  `group` FROM `wu_menu` WHERE ( pid = 131 )  [ RunTime:0.014001s ]
SQL: SELECT `id`,`url` FROM `wu_menu` WHERE ( `pid` = 131 ) AND ( `hide` = 0 )  [ RunTime:0.001000s ]
SQL: SELECT `id`,`pid`,`title`,`url`,`tip` FROM `wu_menu` WHERE ( `group` = '商品' ) AND ( `pid` = 131 ) AND ( `hide` = 0 ) ORDER BY sort asc  [ RunTime:0.000000s ]
SQL: SELECT `id`,`pid`,`title`,`url`,`tip` FROM `wu_menu` WHERE ( `group` = '采集' ) AND ( `pid` = 131 ) AND ( `hide` = 0 ) ORDER BY sort asc  [ RunTime:0.000000s ]
SQL: SELECT `id`,`pid`,`title`,`url`,`tip` FROM `wu_menu` WHERE ( `group` = '分类' ) AND ( `pid` = 131 ) AND ( `hide` = 0 ) ORDER BY sort asc  [ RunTime:0.001000s ]
SQL: SELECT `id`,`pid`,`title`,`url`,`tip` FROM `wu_menu` WHERE ( `group` = '专题' ) AND ( `pid` = 131 ) AND ( `hide` = 0 ) ORDER BY sort asc  [ RunTime:0.000000s ]
SQL: SHOW COLUMNS FROM `wu_category_goods` [ RunTime:0.002000s ]
SQL: SELECT * FROM `wu_category_goods` WHERE ( `id` = 10 ) LIMIT 1   [ RunTime:0.000000s ]
INFO: [ view_parse ] --START--
INFO: [ template_filter ] --START--
INFO: Run Behavior\ContentReplace [ RunTime:0.001000s ]
INFO: [ template_filter ] --END-- [ RunTime:0.001000s ]
NOTIC: [8] Undefined variable: meta_title D:\xampp\htdocs\KE361\Runtime\Cache\Admin\09366e450127c813342b845e265bb907.php 第 5 行.
NOTIC: [8] Undefined index: order D:\xampp\htdocs\KE361\Runtime\Cache\Admin\09366e450127c813342b845e265bb907.php 第 233 行.
INFO: Run Behavior\ParseTemplate [ RunTime:0.156009s ]
INFO: [ view_parse ] --END-- [ RunTime:0.156009s ]
INFO: [ view_filter ] --START--
INFO: Run Behavior\WriteHtmlCache [ RunTime:0.002000s ]
INFO: [ view_filter ] --END-- [ RunTime:0.002000s ]
INFO: [ app_end ] --START--
INFO: Run Behavior\ShowPageTrace [ RunTime:0.002000s ]
INFO: [ app_end ] --END-- [ RunTime:0.002000s ]

[ 2015-09-05T08:47:05+08:00 ] ::1 /ke361/
NOTIC: [8] Use of undefined constant UID - assumed 'UID' D:\xampp\htdocs\KE361\Application\Home\Controller\HomeController.class.php 第 30 行.
SQL: SHOW COLUMNS FROM `wu_member` [ RunTime:0.002000s ]
SQL: SELECT `uid`,um.username,wu_member.last_login_time,wu_member.last_login_ip,wu_member.reg_time,`mobile`,`email`,`score`,`avatar` FROM `wu_member` LEFT JOIN wu_ucenter_member as um ON wu_member.uid = um.id  WHERE ( `uid` = '4' ) LIMIT 1   [ RunTime:0.000000s ]
SQL: SHOW COLUMNS FROM `wu_nav` [ RunTime:0.002000s ]
SQL: SELECT * FROM `wu_nav` ORDER BY sort ASC LIMIT 9   [ RunTime:0.000000s ]
SQL: SHOW COLUMNS FROM `wu_friendlink` [ RunTime:0.002000s ]
SQL: SELECT * FROM `wu_friendlink` WHERE ( `state` = 1 ) ORDER BY sort ASC LIMIT 9   [ RunTime:0.000000s ]
SQL: SHOW COLUMNS FROM `wu_category` [ RunTime:0.002000s ]
SQL: SELECT * FROM `wu_category` WHERE ( `status` = 1 ) AND ( `type` = 2 ) ORDER BY `sort` DESC,cate_id DESC LIMIT 8   [ RunTime:0.000000s ]
ERR: 1054:Unknown column 'cate_id' in 'order clause'
 [ SQL语句 ] : SELECT * FROM `wu_category` WHERE ( `status` = 1 ) AND ( `type` = 2 ) ORDER BY `sort` DESC,cate_id DESC LIMIT 8  
NOTIC: [2] Invalid argument supplied for foreach() D:\xampp\htdocs\KE361\Application\Home\Controller\HomeController.class.php 第 133 行.
NOTIC: [8] Undefined variable: article D:\xampp\htdocs\KE361\Application\Home\Controller\HomeController.class.php 第 138 行.
SQL: SHOW COLUMNS FROM `wu_search_keyword` [ RunTime:0.002000s ]
SQL: SELECT * FROM `wu_search_keyword` WHERE ( `isshow` = 1 ) ORDER BY times desc  [ RunTime:0.000000s ]
SQL: SHOW COLUMNS FROM `wu_support` [ RunTime:0.002000s ]
SQL: SELECT * FROM `wu_support` WHERE ( `status` = 1 ) ORDER BY sort desc  [ RunTime:0.000000s ]
SQL: SHOW COLUMNS FROM `wu_banner` [ RunTime:0.002000s ]
SQL: SELECT * FROM `wu_banner` WHERE ( `status` = 1 ) ORDER BY `sort` ASC  [ RunTime:0.000000s ]
SQL: SHOW COLUMNS FROM `wu_ad` [ RunTime:0.001000s ]
ERR: 1146:Table 'wus.wu_ad' doesn't exist
 [ SQL语句 ] : SHOW COLUMNS FROM `wu_ad`
SQL: SELECT * FROM `wu_ad` WHERE ( `state` = 1 ) ORDER BY `order` DESC  [ RunTime:0.001001s ]
ERR: 1146:Table 'wus.wu_ad' doesn't exist
 [ SQL语句 ] : SELECT * FROM `wu_ad` WHERE ( `state` = 1 ) ORDER BY `order` DESC 
NOTIC: [2] Invalid argument supplied for foreach() D:\xampp\htdocs\KE361\Application\Home\Controller\IndexController.class.php 第 29 行.
SQL: SHOW COLUMNS FROM `wu_category_goods` [ RunTime:0.001000s ]
SQL: SELECT * FROM `wu_category_goods` WHERE ( `status` = 1 ) AND ( `is_home` = 1 ) AND ( `p_id` = 0 ) ORDER BY sort ASC  [ RunTime:0.000000s ]
SQL: SHOW COLUMNS FROM `wu_goods` [ RunTime:0.002000s ]
SQL: SELECT `id`,`category_name`,`is_home` FROM `wu_category_goods` WHERE ( `status` = 1 ) AND ( `p_id` = 10 )  [ RunTime:0.000000s ]
SQL: SELECT * FROM `wu_goods` WHERE ( status = 1 and cate_id in (10,11,12) ) ORDER BY `sort` DESC,goods_id DESC LIMIT 8   [ RunTime:0.001000s ]
SQL: SELECT `id`,`category_name`,`is_home` FROM `wu_category_goods` WHERE ( `status` = 1 ) AND ( `p_id` = 2 )  [ RunTime:0.000000s ]
NOTIC: [2] Invalid argument supplied for foreach() D:\xampp\htdocs\KE361\Application\Home\Controller\IndexController.class.php 第 50 行.
SQL: SELECT * FROM `wu_goods` WHERE ( status = 1 and cate_id in (2) ) ORDER BY `sort` DESC,goods_id DESC LIMIT 4   [ RunTime:0.001000s ]
SQL: SHOW COLUMNS FROM `wu_page` [ RunTime:0.001000s ]
SQL: SELECT * FROM `wu_page` WHERE ( `status` = 1 ) AND ( `ishome` = 1 )  [ RunTime:0.000000s ]
SQL: SHOW COLUMNS FROM `wu_orders` [ RunTime:0.002000s ]
SQL: SELECT * FROM `wu_orders` ORDER BY createtime DESC LIMIT 12   [ RunTime:0.000000s ]
INFO: [ view_parse ] --START--
INFO: [ template_filter ] --START--
INFO: Run Behavior\ContentReplace [ RunTime:0.001000s ]
INFO: [ template_filter ] --END-- [ RunTime:0.001000s ]
NOTIC: [8] Undefined variable: nav_url D:\xampp\htdocs\KE361\Runtime\Cache\Home\e0340b9f63ad022bf382f499f0c8dafc.php 第 44 行.
NOTIC: [8] Undefined index: category_child D:\xampp\htdocs\KE361\Runtime\Cache\Home\e0340b9f63ad022bf382f499f0c8dafc.php 第 257 行.
NOTIC: [8] Undefined variable: articleSort D:\xampp\htdocs\KE361\Runtime\Cache\Home\e0340b9f63ad022bf382f499f0c8dafc.php 第 358 行.
NOTIC: [8] Undefined variable: articleSort D:\xampp\htdocs\KE361\Runtime\Cache\Home\e0340b9f63ad022bf382f499f0c8dafc.php 第 359 行.
NOTIC: [8] Undefined variable: articleSort D:\xampp\htdocs\KE361\Runtime\Cache\Home\e0340b9f63ad022bf382f499f0c8dafc.php 第 363 行.
NOTIC: [8] Undefined variable: articleSort D:\xampp\htdocs\KE361\Runtime\Cache\Home\e0340b9f63ad022bf382f499f0c8dafc.php 第 364 行.
NOTIC: [8] Undefined variable: articleSort D:\xampp\htdocs\KE361\Runtime\Cache\Home\e0340b9f63ad022bf382f499f0c8dafc.php 第 368 行.
NOTIC: [8] Undefined variable: articleSort D:\xampp\htdocs\KE361\Runtime\Cache\Home\e0340b9f63ad022bf382f499f0c8dafc.php 第 369 行.
NOTIC: [8] Undefined variable: articleSort D:\xampp\htdocs\KE361\Runtime\Cache\Home\e0340b9f63ad022bf382f499f0c8dafc.php 第 373 行.
NOTIC: [8] Undefined variable: articleSort D:\xampp\htdocs\KE361\Runtime\Cache\Home\e0340b9f63ad022bf382f499f0c8dafc.php 第 374 行.
INFO: Run Behavior\ParseTemplate [ RunTime:0.025002s ]
INFO: [ view_parse ] --END-- [ RunTime:0.025002s ]
INFO: [ view_filter ] --START--
INFO: Run Behavior\WriteHtmlCache [ RunTime:0.001000s ]
INFO: [ view_filter ] --END-- [ RunTime:0.001000s ]
INFO: [ app_end ] --START--
INFO: Run Behavior\ShowPageTrace [ RunTime:0.001000s ]
INFO: [ app_end ] --END-- [ RunTime:0.001000s ]

[ 2015-09-05T08:47:05+08:00 ] ::1 /ke361/
NOTIC: [8] Use of undefined constant UID - assumed 'UID' D:\xampp\htdocs\KE361\Application\Home\Controller\HomeController.class.php 第 30 行.
SQL: SHOW COLUMNS FROM `wu_member` [ RunTime:0.001000s ]
SQL: SELECT `uid`,um.username,wu_member.last_login_time,wu_member.last_login_ip,wu_member.reg_time,`mobile`,`email`,`score`,`avatar` FROM `wu_member` LEFT JOIN wu_ucenter_member as um ON wu_member.uid = um.id  WHERE ( `uid` = '4' ) LIMIT 1   [ RunTime:0.001000s ]
SQL: SHOW COLUMNS FROM `wu_nav` [ RunTime:0.001000s ]
SQL: SELECT * FROM `wu_nav` ORDER BY sort ASC LIMIT 9   [ RunTime:0.000000s ]
SQL: SHOW COLUMNS FROM `wu_friendlink` [ RunTime:0.001001s ]
SQL: SELECT * FROM `wu_friendlink` WHERE ( `state` = 1 ) ORDER BY sort ASC LIMIT 9   [ RunTime:0.001000s ]
SQL: SHOW COLUMNS FROM `wu_category` [ RunTime:0.001000s ]
SQL: SELECT * FROM `wu_category` WHERE ( `status` = 1 ) AND ( `type` = 2 ) ORDER BY `sort` DESC,cate_id DESC LIMIT 8   [ RunTime:0.000000s ]
ERR: 1054:Unknown column 'cate_id' in 'order clause'
 [ SQL语句 ] : SELECT * FROM `wu_category` WHERE ( `status` = 1 ) AND ( `type` = 2 ) ORDER BY `sort` DESC,cate_id DESC LIMIT 8  
NOTIC: [2] Invalid argument supplied for foreach() D:\xampp\htdocs\KE361\Application\Home\Controller\HomeController.class.php 第 133 行.
NOTIC: [8] Undefined variable: article D:\xampp\htdocs\KE361\Application\Home\Controller\HomeController.class.php 第 138 行.
SQL: SHOW COLUMNS FROM `wu_search_keyword` [ RunTime:0.001000s ]
SQL: SELECT * FROM `wu_search_keyword` WHERE ( `isshow` = 1 ) ORDER BY times desc  [ RunTime:0.001000s ]
SQL: SHOW COLUMNS FROM `wu_support` [ RunTime:0.002000s ]
SQL: SELECT * FROM `wu_support` WHERE ( `status` = 1 ) ORDER BY sort desc  [ RunTime:0.001000s ]
SQL: SHOW COLUMNS FROM `wu_banner` [ RunTime:0.001000s ]
SQL: SELECT * FROM `wu_banner` WHERE ( `status` = 1 ) ORDER BY `sort` ASC  [ RunTime:0.000000s ]
SQL: SHOW COLUMNS FROM `wu_ad` [ RunTime:0.001000s ]
ERR: 1146:Table 'wus.wu_ad' doesn't exist
 [ SQL语句 ] : SHOW COLUMNS FROM `wu_ad`
SQL: SELECT * FROM `wu_ad` WHERE ( `state` = 1 ) ORDER BY `order` DESC  [ RunTime:0.000000s ]
ERR: 1146:Table 'wus.wu_ad' doesn't exist
 [ SQL语句 ] : SELECT * FROM `wu_ad` WHERE ( `state` = 1 ) ORDER BY `order` DESC 
NOTIC: [2] Invalid argument supplied for foreach() D:\xampp\htdocs\KE361\Application\Home\Controller\IndexController.class.php 第 29 行.
SQL: SHOW COLUMNS FROM `wu_category_goods` [ RunTime:0.002000s ]
SQL: SELECT * FROM `wu_category_goods` WHERE ( `status` = 1 ) AND ( `is_home` = 1 ) AND ( `p_id` = 0 ) ORDER BY sort ASC  [ RunTime:0.000000s ]
SQL: SHOW COLUMNS FROM `wu_goods` [ RunTime:0.002001s ]
SQL: SELECT `id`,`category_name`,`is_home` FROM `wu_category_goods` WHERE ( `status` = 1 ) AND ( `p_id` = 10 )  [ RunTime:0.000000s ]
SQL: SELECT * FROM `wu_goods` WHERE ( status = 1 and cate_id in (10,11,12) ) ORDER BY `sort` DESC,goods_id DESC LIMIT 8   [ RunTime:0.002000s ]
SQL: SELECT `id`,`category_name`,`is_home` FROM `wu_category_goods` WHERE ( `status` = 1 ) AND ( `p_id` = 2 )  [ RunTime:0.000000s ]
NOTIC: [2] Invalid argument supplied for foreach() D:\xampp\htdocs\KE361\Application\Home\Controller\IndexController.class.php 第 50 行.
SQL: SELECT * FROM `wu_goods` WHERE ( status = 1 and cate_id in (2) ) ORDER BY `sort` DESC,goods_id DESC LIMIT 4   [ RunTime:0.001000s ]
SQL: SHOW COLUMNS FROM `wu_page` [ RunTime:0.002000s ]
SQL: SELECT * FROM `wu_page` WHERE ( `status` = 1 ) AND ( `ishome` = 1 )  [ RunTime:0.001000s ]
SQL: SHOW COLUMNS FROM `wu_orders` [ RunTime:0.003000s ]
SQL: SELECT * FROM `wu_orders` ORDER BY createtime DESC LIMIT 12   [ RunTime:0.000000s ]
INFO: [ view_parse ] --START--
INFO: [ template_filter ] --START--
INFO: Run Behavior\ContentReplace [ RunTime:0.001000s ]
INFO: [ template_filter ] --END-- [ RunTime:0.001000s ]
NOTIC: [8] Undefined variable: nav_url D:\xampp\htdocs\KE361\Runtime\Cache\Home\e0340b9f63ad022bf382f499f0c8dafc.php 第 44 行.
NOTIC: [8] Undefined index: category_child D:\xampp\htdocs\KE361\Runtime\Cache\Home\e0340b9f63ad022bf382f499f0c8dafc.php 第 257 行.
NOTIC: [8] Undefined variable: articleSort D:\xampp\htdocs\KE361\Runtime\Cache\Home\e0340b9f63ad022bf382f499f0c8dafc.php 第 358 行.
NOTIC: [8] Undefined variable: articleSort D:\xampp\htdocs\KE361\Runtime\Cache\Home\e0340b9f63ad022bf382f499f0c8dafc.php 第 359 行.
NOTIC: [8] Undefined variable: articleSort D:\xampp\htdocs\KE361\Runtime\Cache\Home\e0340b9f63ad022bf382f499f0c8dafc.php 第 363 行.
NOTIC: [8] Undefined variable: articleSort D:\xampp\htdocs\KE361\Runtime\Cache\Home\e0340b9f63ad022bf382f499f0c8dafc.php 第 364 行.
NOTIC: [8] Undefined variable: articleSort D:\xampp\htdocs\KE361\Runtime\Cache\Home\e0340b9f63ad022bf382f499f0c8dafc.php 第 368 行.
NOTIC: [8] Undefined variable: articleSort D:\xampp\htdocs\KE361\Runtime\Cache\Home\e0340b9f63ad022bf382f499f0c8dafc.php 第 369 行.
NOTIC: [8] Undefined variable: articleSort D:\xampp\htdocs\KE361\Runtime\Cache\Home\e0340b9f63ad022bf382f499f0c8dafc.php 第 373 行.
NOTIC: [8] Undefined variable: articleSort D:\xampp\htdocs\KE361\Runtime\Cache\Home\e0340b9f63ad022bf382f499f0c8dafc.php 第 374 行.
INFO: Run Behavior\ParseTemplate [ RunTime:0.035002s ]
INFO: [ view_parse ] --END-- [ RunTime:0.035002s ]
INFO: [ view_filter ] --START--
INFO: Run Behavior\WriteHtmlCache [ RunTime:0.001000s ]
INFO: [ view_filter ] --END-- [ RunTime:0.001000s ]
INFO: [ app_end ] --START--
INFO: Run Behavior\ShowPageTrace [ RunTime:0.002000s ]
INFO: [ app_end ] --END-- [ RunTime:0.002000s ]

