[ 2015-09-20T18:12:01+08:00 ] ::1 /ke361/index.php?s=/Admin/Goods/edit/goods_id/469.html
SQL: SHOW COLUMNS FROM `wu_menu` [ RunTime:0.085004s ]
SQL: SELECT * FROM `wu_menu` WHERE ( `pid` = 0 ) AND ( `hide` = 0 ) ORDER BY sort asc  [ RunTime:0.049003s ]
SQL: SELECT `id` FROM `wu_menu` WHERE ( url like '%Goods/edit%' ) LIMIT 1   [ RunTime:0.002000s ]
SQL: SHOW COLUMNS FROM `wu_menu` [ RunTime:0.006000s ]
SQL: SELECT `id`,`pid`,`title` FROM `wu_menu` WHERE ( id=134 ) LIMIT 1   [ RunTime:0.001000s ]
SQL: SELECT `id`,`pid`,`title` FROM `wu_menu` WHERE ( id=131 ) LIMIT 1   [ RunTime:0.000000s ]
SQL: SELECT DISTINCT  `group` FROM `wu_menu` WHERE ( pid = 131 )  [ RunTime:0.008001s ]
SQL: SELECT `id`,`url` FROM `wu_menu` WHERE ( `pid` = 131 ) AND ( `hide` = 0 )  [ RunTime:0.001000s ]
SQL: SELECT `id`,`pid`,`title`,`url`,`tip` FROM `wu_menu` WHERE ( `group` = '商品' ) AND ( `pid` = 131 ) AND ( `hide` = 0 ) ORDER BY sort asc  [ RunTime:0.001000s ]
SQL: SELECT `id`,`pid`,`title`,`url`,`tip` FROM `wu_menu` WHERE ( `group` = '采集' ) AND ( `pid` = 131 ) AND ( `hide` = 0 ) ORDER BY sort asc  [ RunTime:0.001000s ]
SQL: SELECT `id`,`pid`,`title`,`url`,`tip` FROM `wu_menu` WHERE ( `group` = '分类' ) AND ( `pid` = 131 ) AND ( `hide` = 0 ) ORDER BY sort asc  [ RunTime:0.001000s ]
SQL: SELECT `id`,`pid`,`title`,`url`,`tip` FROM `wu_menu` WHERE ( `group` = '专题' ) AND ( `pid` = 131 ) AND ( `hide` = 0 ) ORDER BY sort asc  [ RunTime:0.001000s ]
SQL: SHOW COLUMNS FROM `wu_category_goods` [ RunTime:0.009000s ]
SQL: SELECT * FROM `wu_category_goods` WHERE ( `p_id` = 0 ) AND ( `status` = 1 ) ORDER BY sort ASC  [ RunTime:0.012001s ]
SQL: SELECT * FROM `wu_category_goods` WHERE ( `p_id` = 1 ) AND ( `status` = 1 ) ORDER BY sort ASC  [ RunTime:0.001000s ]
NOTIC: [2] Invalid argument supplied for foreach() D:\xampp\htdocs\KE361\Application\Admin\Model\CategoryGoodsModel.class.php 第 23 行.
SQL: SELECT * FROM `wu_category_goods` WHERE ( `p_id` = 3 ) AND ( `status` = 1 ) ORDER BY sort ASC  [ RunTime:0.001000s ]
SQL: SELECT * FROM `wu_category_goods` WHERE ( `p_id` = 14 ) AND ( `status` = 1 ) ORDER BY sort ASC  [ RunTime:0.000000s ]
NOTIC: [2] Invalid argument supplied for foreach() D:\xampp\htdocs\KE361\Application\Admin\Model\CategoryGoodsModel.class.php 第 23 行.
SQL: SELECT * FROM `wu_category_goods` WHERE ( `p_id` = 4 ) AND ( `status` = 1 ) ORDER BY sort ASC  [ RunTime:0.000000s ]
SQL: SELECT * FROM `wu_category_goods` WHERE ( `p_id` = 9 ) AND ( `status` = 1 ) ORDER BY sort ASC  [ RunTime:0.001000s ]
NOTIC: [2] Invalid argument supplied for foreach() D:\xampp\htdocs\KE361\Application\Admin\Model\CategoryGoodsModel.class.php 第 23 行.
SQL: SELECT * FROM `wu_category_goods` WHERE ( `p_id` = 10 ) AND ( `status` = 1 ) ORDER BY sort ASC  [ RunTime:0.000000s ]
SQL: SELECT * FROM `wu_category_goods` WHERE ( `p_id` = 11 ) AND ( `status` = 1 ) ORDER BY sort ASC  [ RunTime:0.001000s ]
NOTIC: [2] Invalid argument supplied for foreach() D:\xampp\htdocs\KE361\Application\Admin\Model\CategoryGoodsModel.class.php 第 23 行.
SQL: SELECT * FROM `wu_category_goods` WHERE ( `p_id` = 12 ) AND ( `status` = 1 ) ORDER BY sort ASC  [ RunTime:0.000000s ]
SQL: SELECT * FROM `wu_category_goods` WHERE ( `p_id` = 13 ) AND ( `status` = 1 ) ORDER BY sort ASC  [ RunTime:0.000000s ]
NOTIC: [2] Invalid argument supplied for foreach() D:\xampp\htdocs\KE361\Application\Admin\Model\CategoryGoodsModel.class.php 第 23 行.
SQL: SELECT * FROM `wu_category_goods` WHERE ( `p_id` = 2 ) AND ( `status` = 1 ) ORDER BY sort ASC  [ RunTime:0.001000s ]
NOTIC: [2] Invalid argument supplied for foreach() D:\xampp\htdocs\KE361\Application\Admin\Model\CategoryGoodsModel.class.php 第 23 行.
SQL: SHOW COLUMNS FROM `wu_goods` [ RunTime:0.010001s ]
SQL: SELECT * FROM `wu_goods` WHERE ( `goods_id` = 469 ) LIMIT 1   [ RunTime:0.022001s ]
SQL: SHOW COLUMNS FROM `wu_tag` [ RunTime:0.006000s ]
SQL: SELECT * FROM `wu_tag`  [ RunTime:0.008001s ]
SQL: SHOW COLUMNS FROM `wu_topic` [ RunTime:0.009000s ]
SQL: SELECT * FROM `wu_topic` WHERE ( state=1 )  [ RunTime:0.006001s ]
NOTIC: [8] Undefined variable: sid D:\xampp\htdocs\KE361\Application\Admin\Controller\GoodsController.class.php 第 83 行.
SQL: SELECT * FROM `wu_goods` INNER JOIN wu_category_goods ON wu_goods.cate_id = wu_category_goods.id  WHERE ( `goods_id` = '469' ) LIMIT 1   [ RunTime:0.003000s ]
NOTIC: [8] Undefined index: date_price_data D:\xampp\htdocs\KE361\Application\Admin\Model\GoodsModel.class.php 第 22 行.
INFO: [ view_parse ] --START--
INFO: [ template_filter ] --START--
INFO: Run Behavior\ContentReplace [ RunTime:0.001000s ]
INFO: [ template_filter ] --END-- [ RunTime:0.001000s ]
NOTIC: [8] Undefined variable: meta_title D:\xampp\htdocs\KE361\Runtime\Cache\Admin\4c9ab59bdfc18f8358137dd4c4ca6530.php 第 5 行.
NOTIC: [8] Use of undefined constant pic_url - assumed 'pic_url' D:\xampp\htdocs\KE361\Runtime\Cache\Admin\4c9ab59bdfc18f8358137dd4c4ca6530.php 第 127 行.
NOTIC: [8] Use of undefined constant pic_url - assumed 'pic_url' D:\xampp\htdocs\KE361\Runtime\Cache\Admin\4c9ab59bdfc18f8358137dd4c4ca6530.php 第 129 行.
NOTIC: [8] Use of undefined constant sort_id - assumed 'sort_id' D:\xampp\htdocs\KE361\Runtime\Cache\Admin\4c9ab59bdfc18f8358137dd4c4ca6530.php 第 194 行.
NOTIC: [8] Undefined index: sort_id D:\xampp\htdocs\KE361\Runtime\Cache\Admin\4c9ab59bdfc18f8358137dd4c4ca6530.php 第 194 行.
NOTIC: [8] Use of undefined constant tid - assumed 'tid' D:\xampp\htdocs\KE361\Runtime\Cache\Admin\4c9ab59bdfc18f8358137dd4c4ca6530.php 第 205 行.
NOTIC: [8] Use of undefined constant state - assumed 'state' D:\xampp\htdocs\KE361\Runtime\Cache\Admin\4c9ab59bdfc18f8358137dd4c4ca6530.php 第 302 行.
NOTIC: [8] Undefined index: state D:\xampp\htdocs\KE361\Runtime\Cache\Admin\4c9ab59bdfc18f8358137dd4c4ca6530.php 第 302 行.
NOTIC: [8] Use of undefined constant goods_sort - assumed 'goods_sort' D:\xampp\htdocs\KE361\Runtime\Cache\Admin\4c9ab59bdfc18f8358137dd4c4ca6530.php 第 308 行.
NOTIC: [8] Use of undefined constant body_type - assumed 'body_type' D:\xampp\htdocs\KE361\Runtime\Cache\Admin\4c9ab59bdfc18f8358137dd4c4ca6530.php 第 425 行.
INFO: Run Behavior\ParseTemplate [ RunTime:0.150009s ]
INFO: [ view_parse ] --END-- [ RunTime:0.151009s ]
INFO: [ view_filter ] --START--
INFO: Run Behavior\WriteHtmlCache [ RunTime:0.008000s ]
INFO: [ view_filter ] --END-- [ RunTime:0.008000s ]
INFO: [ app_end ] --START--
INFO: Run Behavior\ShowPageTrace [ RunTime:0.033002s ]
INFO: [ app_end ] --END-- [ RunTime:0.033002s ]

[ 2015-09-20T18:12:03+08:00 ] ::1 /ke361/
NOTIC: [8] Use of undefined constant UID - assumed 'UID' D:\xampp\htdocs\KE361\Application\Home\Controller\HomeController.class.php 第 30 行.
SQL: SHOW COLUMNS FROM `wu_nav` [ RunTime:0.004000s ]
SQL: SELECT * FROM `wu_nav` ORDER BY sort ASC LIMIT 9   [ RunTime:0.016001s ]
SQL: SHOW COLUMNS FROM `wu_friendlink` [ RunTime:0.004000s ]
SQL: SELECT * FROM `wu_friendlink` WHERE ( `state` = 1 ) ORDER BY sort ASC LIMIT 9   [ RunTime:0.001000s ]
SQL: SHOW COLUMNS FROM `wu_category` [ RunTime:0.004001s ]
SQL: SELECT * FROM `wu_category` WHERE ( `status` = 1 ) AND ( `type` = 2 ) ORDER BY `sort` DESC,cate_id DESC LIMIT 8   [ RunTime:0.019001s ]
ERR: 1054:Unknown column 'cate_id' in 'order clause'
 [ SQL语句 ] : SELECT * FROM `wu_category` WHERE ( `status` = 1 ) AND ( `type` = 2 ) ORDER BY `sort` DESC,cate_id DESC LIMIT 8  
NOTIC: [2] Invalid argument supplied for foreach() D:\xampp\htdocs\KE361\Application\Home\Controller\HomeController.class.php 第 133 行.
NOTIC: [8] Undefined variable: article D:\xampp\htdocs\KE361\Application\Home\Controller\HomeController.class.php 第 138 行.
SQL: SHOW COLUMNS FROM `wu_search_keyword` [ RunTime:0.004000s ]
SQL: SELECT * FROM `wu_search_keyword` WHERE ( `isshow` = 1 ) ORDER BY times desc  [ RunTime:0.001000s ]
SQL: SHOW COLUMNS FROM `wu_support` [ RunTime:0.003000s ]
SQL: SELECT * FROM `wu_support` WHERE ( `status` = 1 ) ORDER BY sort desc  [ RunTime:0.001000s ]
SQL: SHOW COLUMNS FROM `wu_banner` [ RunTime:0.004000s ]
SQL: SELECT * FROM `wu_banner` WHERE ( `status` = 1 ) ORDER BY `sort` ASC  [ RunTime:0.001001s ]
SQL: SHOW COLUMNS FROM `wu_ad` [ RunTime:0.072004s ]
ERR: 1146:Table 'wus.wu_ad' doesn't exist
 [ SQL语句 ] : SHOW COLUMNS FROM `wu_ad`
SQL: SELECT * FROM `wu_ad` WHERE ( `state` = 1 ) ORDER BY `order` DESC  [ RunTime:0.000000s ]
ERR: 1146:Table 'wus.wu_ad' doesn't exist
 [ SQL语句 ] : SELECT * FROM `wu_ad` WHERE ( `state` = 1 ) ORDER BY `order` DESC 
NOTIC: [2] Invalid argument supplied for foreach() D:\xampp\htdocs\KE361\Application\Home\Controller\IndexController.class.php 第 30 行.
SQL: SHOW COLUMNS FROM `wu_category_goods` [ RunTime:0.003000s ]
SQL: SELECT * FROM `wu_category_goods` WHERE ( `status` = 1 ) AND ( `is_home` = 1 ) AND ( `p_id` = 0 ) ORDER BY sort ASC  [ RunTime:0.000000s ]
SQL: SHOW COLUMNS FROM `wu_goods` [ RunTime:0.004000s ]
SQL: SELECT `id`,`category_name`,`is_home` FROM `wu_category_goods` WHERE ( `status` = 1 ) AND ( `p_id` = 10 )  [ RunTime:0.000000s ]
SQL: SELECT * FROM `wu_goods` WHERE ( status = 1 and cate_id in (10,11,12) ) ORDER BY `sort` DESC,goods_id DESC LIMIT 8   [ RunTime:0.000000s ]
ERR: 1054:Unknown column 'sort' in 'order clause'
 [ SQL语句 ] : SELECT * FROM `wu_goods` WHERE ( status = 1 and cate_id in (10,11,12) ) ORDER BY `sort` DESC,goods_id DESC LIMIT 8  
NOTIC: [2] Invalid argument supplied for foreach() D:\xampp\htdocs\KE361\Application\Home\Model\GoodsModel.class.php 第 24 行.
SQL: SELECT `id`,`category_name`,`is_home` FROM `wu_category_goods` WHERE ( `status` = 1 ) AND ( `p_id` = 2 )  [ RunTime:0.000000s ]
NOTIC: [2] Invalid argument supplied for foreach() D:\xampp\htdocs\KE361\Application\Home\Controller\IndexController.class.php 第 51 行.
SQL: SELECT * FROM `wu_goods` WHERE ( status = 1 and cate_id in (2) ) ORDER BY `sort` DESC,goods_id DESC LIMIT 4   [ RunTime:0.000000s ]
ERR: 1054:Unknown column 'sort' in 'order clause'
 [ SQL语句 ] : SELECT * FROM `wu_goods` WHERE ( status = 1 and cate_id in (2) ) ORDER BY `sort` DESC,goods_id DESC LIMIT 4  
NOTIC: [2] Invalid argument supplied for foreach() D:\xampp\htdocs\KE361\Application\Home\Model\GoodsModel.class.php 第 24 行.
SQL: SHOW COLUMNS FROM `wu_category` [ RunTime:0.002001s ]
SQL: SELECT * FROM `wu_category` WHERE ( `status` = 1 ) AND ( `ishome` = 1 ) ORDER BY sort  [ RunTime:0.009000s ]
SQL: SHOW COLUMNS FROM `wu_document` [ RunTime:0.002000s ]
SQL: SELECT * FROM `wu_document` WHERE ( `status` = 1 ) AND ( `category_id` = 40 ) LIMIT 10   [ RunTime:0.000000s ]
SQL: SELECT * FROM `wu_document` WHERE ( `status` = 1 ) AND ( `category_id` = 42 ) LIMIT 10   [ RunTime:0.035002s ]
SQL: SHOW COLUMNS FROM `wu_page` [ RunTime:0.003000s ]
SQL: SELECT * FROM `wu_page` WHERE ( `status` = 1 ) AND ( `ishome` = 1 ) ORDER BY sort  [ RunTime:0.015001s ]
SQL: SHOW COLUMNS FROM `wu_category_goods` [ RunTime:0.003000s ]
SQL: SELECT * FROM `wu_category_goods` WHERE ( `p_id` = 0 ) AND ( `status` = 1 ) ORDER BY sort ASC  [ RunTime:0.000000s ]
SQL: SELECT * FROM `wu_category_goods` WHERE ( `p_id` = 1 ) AND ( `status` = 1 ) ORDER BY sort ASC  [ RunTime:0.000000s ]
NOTIC: [2] Invalid argument supplied for foreach() D:\xampp\htdocs\KE361\Application\Home\Model\CategoryGoodsModel.class.php 第 51 行.
SQL: SELECT * FROM `wu_category_goods` WHERE ( `p_id` = 3 ) AND ( `status` = 1 ) ORDER BY sort ASC  [ RunTime:0.000000s ]
SQL: SELECT * FROM `wu_category_goods` WHERE ( `p_id` = 14 ) AND ( `status` = 1 ) ORDER BY sort ASC  [ RunTime:0.000000s ]
NOTIC: [2] Invalid argument supplied for foreach() D:\xampp\htdocs\KE361\Application\Home\Model\CategoryGoodsModel.class.php 第 51 行.
SQL: SELECT * FROM `wu_category_goods` WHERE ( `p_id` = 4 ) AND ( `status` = 1 ) ORDER BY sort ASC  [ RunTime:0.000000s ]
SQL: SELECT * FROM `wu_category_goods` WHERE ( `p_id` = 9 ) AND ( `status` = 1 ) ORDER BY sort ASC  [ RunTime:0.001000s ]
NOTIC: [2] Invalid argument supplied for foreach() D:\xampp\htdocs\KE361\Application\Home\Model\CategoryGoodsModel.class.php 第 51 行.
SQL: SELECT * FROM `wu_category_goods` WHERE ( `p_id` = 10 ) AND ( `status` = 1 ) ORDER BY sort ASC  [ RunTime:0.000000s ]
SQL: SELECT * FROM `wu_category_goods` WHERE ( `p_id` = 11 ) AND ( `status` = 1 ) ORDER BY sort ASC  [ RunTime:0.000000s ]
NOTIC: [2] Invalid argument supplied for foreach() D:\xampp\htdocs\KE361\Application\Home\Model\CategoryGoodsModel.class.php 第 51 行.
SQL: SELECT * FROM `wu_category_goods` WHERE ( `p_id` = 12 ) AND ( `status` = 1 ) ORDER BY sort ASC  [ RunTime:0.000000s ]
SQL: SELECT * FROM `wu_category_goods` WHERE ( `p_id` = 13 ) AND ( `status` = 1 ) ORDER BY sort ASC  [ RunTime:0.000000s ]
NOTIC: [2] Invalid argument supplied for foreach() D:\xampp\htdocs\KE361\Application\Home\Model\CategoryGoodsModel.class.php 第 51 行.
SQL: SELECT * FROM `wu_category_goods` WHERE ( `p_id` = 2 ) AND ( `status` = 1 ) ORDER BY sort ASC  [ RunTime:0.000000s ]
NOTIC: [2] Invalid argument supplied for foreach() D:\xampp\htdocs\KE361\Application\Home\Model\CategoryGoodsModel.class.php 第 51 行.
SQL: SHOW COLUMNS FROM `wu_orders` [ RunTime:0.002000s ]
SQL: SELECT * FROM `wu_orders` ORDER BY createtime DESC LIMIT 12   [ RunTime:0.005000s ]
INFO: [ view_parse ] --START--
INFO: [ template_filter ] --START--
INFO: Run Behavior\ContentReplace [ RunTime:0.000000s ]
INFO: [ template_filter ] --END-- [ RunTime:0.000000s ]
NOTIC: [8] Undefined variable: nav_url D:\xampp\htdocs\KE361\Runtime\Cache\Home\e0340b9f63ad022bf382f499f0c8dafc.php 第 44 行.
NOTIC: [8] Undefined index: category_child D:\xampp\htdocs\KE361\Runtime\Cache\Home\e0340b9f63ad022bf382f499f0c8dafc.php 第 303 行.
SQL: SHOW COLUMNS FROM `wu_picture` [ RunTime:0.002000s ]
SQL: SELECT * FROM `wu_picture` WHERE ( `id` = 49 ) LIMIT 1   [ RunTime:0.034002s ]
SQL: SELECT * FROM `wu_picture` WHERE ( `id` = 0 ) LIMIT 1   [ RunTime:0.000000s ]
NOTIC: [8] Undefined variable: articleSort D:\xampp\htdocs\KE361\Runtime\Cache\Home\e0340b9f63ad022bf382f499f0c8dafc.php 第 421 行.
NOTIC: [8] Undefined variable: articleSort D:\xampp\htdocs\KE361\Runtime\Cache\Home\e0340b9f63ad022bf382f499f0c8dafc.php 第 422 行.
NOTIC: [8] Undefined variable: articleSort D:\xampp\htdocs\KE361\Runtime\Cache\Home\e0340b9f63ad022bf382f499f0c8dafc.php 第 426 行.
NOTIC: [8] Undefined variable: articleSort D:\xampp\htdocs\KE361\Runtime\Cache\Home\e0340b9f63ad022bf382f499f0c8dafc.php 第 427 行.
NOTIC: [8] Undefined variable: articleSort D:\xampp\htdocs\KE361\Runtime\Cache\Home\e0340b9f63ad022bf382f499f0c8dafc.php 第 431 行.
NOTIC: [8] Undefined variable: articleSort D:\xampp\htdocs\KE361\Runtime\Cache\Home\e0340b9f63ad022bf382f499f0c8dafc.php 第 432 行.
NOTIC: [8] Undefined variable: articleSort D:\xampp\htdocs\KE361\Runtime\Cache\Home\e0340b9f63ad022bf382f499f0c8dafc.php 第 436 行.
NOTIC: [8] Undefined variable: articleSort D:\xampp\htdocs\KE361\Runtime\Cache\Home\e0340b9f63ad022bf382f499f0c8dafc.php 第 437 行.
INFO: Run Behavior\ParseTemplate [ RunTime:0.255015s ]
INFO: [ view_parse ] --END-- [ RunTime:0.255015s ]
INFO: [ view_filter ] --START--
INFO: Run Behavior\WriteHtmlCache [ RunTime:0.000000s ]
INFO: [ view_filter ] --END-- [ RunTime:0.000000s ]
INFO: [ app_end ] --START--
INFO: Run Behavior\ShowPageTrace [ RunTime:0.001000s ]
INFO: [ app_end ] --END-- [ RunTime:0.001000s ]

[ 2015-09-20T18:12:05+08:00 ] ::1 /ke361/index.php?s=/Home/goods/cate/id/13.html
NOTIC: [8] Use of undefined constant UID - assumed 'UID' D:\xampp\htdocs\KE361\Application\Home\Controller\HomeController.class.php 第 30 行.
SQL: SHOW COLUMNS FROM `wu_nav` [ RunTime:0.003000s ]
SQL: SELECT * FROM `wu_nav` ORDER BY sort ASC LIMIT 9   [ RunTime:0.000000s ]
SQL: SHOW COLUMNS FROM `wu_friendlink` [ RunTime:0.003000s ]
SQL: SELECT * FROM `wu_friendlink` WHERE ( `state` = 1 ) ORDER BY sort ASC LIMIT 9   [ RunTime:0.000000s ]
SQL: SHOW COLUMNS FROM `wu_category` [ RunTime:0.003000s ]
SQL: SELECT * FROM `wu_category` WHERE ( `status` = 1 ) AND ( `type` = 2 ) ORDER BY `sort` DESC,cate_id DESC LIMIT 8   [ RunTime:0.001000s ]
ERR: 1054:Unknown column 'cate_id' in 'order clause'
 [ SQL语句 ] : SELECT * FROM `wu_category` WHERE ( `status` = 1 ) AND ( `type` = 2 ) ORDER BY `sort` DESC,cate_id DESC LIMIT 8  
NOTIC: [2] Invalid argument supplied for foreach() D:\xampp\htdocs\KE361\Application\Home\Controller\HomeController.class.php 第 133 行.
NOTIC: [8] Undefined variable: article D:\xampp\htdocs\KE361\Application\Home\Controller\HomeController.class.php 第 138 行.
SQL: SHOW COLUMNS FROM `wu_category_goods` [ RunTime:0.002000s ]
SQL: SELECT * FROM `wu_category_goods` WHERE ( `id` = 13 ) LIMIT 1   [ RunTime:0.000000s ]
SQL: SHOW COLUMNS FROM `wu_search_keyword` [ RunTime:0.002000s ]
SQL: SELECT * FROM `wu_search_keyword` WHERE ( `isshow` = 1 ) ORDER BY times desc  [ RunTime:0.000000s ]
SQL: SHOW COLUMNS FROM `wu_support` [ RunTime:0.003001s ]
SQL: SELECT * FROM `wu_support` WHERE ( `status` = 1 ) ORDER BY sort desc  [ RunTime:0.001000s ]
SQL: SHOW COLUMNS FROM `wu_category_goods` [ RunTime:0.005000s ]
SQL: SELECT * FROM `wu_category_goods` WHERE ( `id` = 13 ) LIMIT 1   [ RunTime:0.000000s ]
SQL: SELECT * FROM `wu_category_goods` WHERE ( `p_id` = 13 )  [ RunTime:0.001000s ]
SQL: SHOW COLUMNS FROM `wu_goods` [ RunTime:0.036002s ]
SQL: SHOW COLUMNS FROM `wu_goods` [ RunTime:0.019001s ]
SQL: SELECT COUNT(*) AS tp_count FROM `wu_goods` WHERE ( `cate_id` = 13 ) AND ( `status` = 1 ) LIMIT 1   [ RunTime:0.042003s ]
SQL: SHOW COLUMNS FROM `wu_goods` [ RunTime:0.006000s ]
SQL: SELECT * FROM `wu_goods` WHERE ( `cate_id` = 13 ) AND ( `status` = 1 ) ORDER BY `sort` DESC,goods_id DESC LIMIT 0,10   [ RunTime:0.000000s ]
ERR: 1054:Unknown column 'sort' in 'order clause'
 [ SQL语句 ] : SELECT * FROM `wu_goods` WHERE ( `cate_id` = 13 ) AND ( `status` = 1 ) ORDER BY `sort` DESC,goods_id DESC LIMIT 0,10  
NOTIC: [2] Invalid argument supplied for foreach() D:\xampp\htdocs\KE361\Application\Home\Model\GoodsModel.class.php 第 17 行.
SQL: SELECT * FROM `wu_category_goods` WHERE ( `p_id` = 0 ) AND ( `status` = 1 ) ORDER BY sort ASC  [ RunTime:0.001000s ]
SQL: SELECT * FROM `wu_category_goods` WHERE ( `p_id` = 1 ) AND ( `status` = 1 ) ORDER BY sort ASC  [ RunTime:0.001000s ]
NOTIC: [2] Invalid argument supplied for foreach() D:\xampp\htdocs\KE361\Application\Home\Model\CategoryGoodsModel.class.php 第 40 行.
SQL: SELECT * FROM `wu_category_goods` WHERE ( `p_id` = 3 ) AND ( `status` = 1 ) ORDER BY sort ASC  [ RunTime:0.000000s ]
SQL: SELECT * FROM `wu_category_goods` WHERE ( `p_id` = 14 ) AND ( `status` = 1 ) ORDER BY sort ASC  [ RunTime:0.001001s ]
NOTIC: [2] Invalid argument supplied for foreach() D:\xampp\htdocs\KE361\Application\Home\Model\CategoryGoodsModel.class.php 第 40 行.
SQL: SELECT * FROM `wu_category_goods` WHERE ( `p_id` = 4 ) AND ( `status` = 1 ) ORDER BY sort ASC  [ RunTime:0.000000s ]
SQL: SELECT * FROM `wu_category_goods` WHERE ( `p_id` = 9 ) AND ( `status` = 1 ) ORDER BY sort ASC  [ RunTime:0.000000s ]
NOTIC: [2] Invalid argument supplied for foreach() D:\xampp\htdocs\KE361\Application\Home\Model\CategoryGoodsModel.class.php 第 40 行.
SQL: SELECT * FROM `wu_category_goods` WHERE ( `p_id` = 10 ) AND ( `status` = 1 ) ORDER BY sort ASC  [ RunTime:0.000000s ]
SQL: SELECT * FROM `wu_category_goods` WHERE ( `p_id` = 11 ) AND ( `status` = 1 ) ORDER BY sort ASC  [ RunTime:0.001000s ]
NOTIC: [2] Invalid argument supplied for foreach() D:\xampp\htdocs\KE361\Application\Home\Model\CategoryGoodsModel.class.php 第 40 行.
SQL: SELECT * FROM `wu_category_goods` WHERE ( `p_id` = 12 ) AND ( `status` = 1 ) ORDER BY sort ASC  [ RunTime:0.001000s ]
SQL: SELECT * FROM `wu_category_goods` WHERE ( `p_id` = 13 ) AND ( `status` = 1 ) ORDER BY sort ASC  [ RunTime:0.000000s ]
NOTIC: [2] Invalid argument supplied for foreach() D:\xampp\htdocs\KE361\Application\Home\Model\CategoryGoodsModel.class.php 第 40 行.
SQL: SELECT * FROM `wu_category_goods` WHERE ( `p_id` = 2 ) AND ( `status` = 1 ) ORDER BY sort ASC  [ RunTime:0.000000s ]
NOTIC: [2] Invalid argument supplied for foreach() D:\xampp\htdocs\KE361\Application\Home\Model\CategoryGoodsModel.class.php 第 40 行.
INFO: [ view_parse ] --START--
INFO: [ template_filter ] --START--
INFO: Run Behavior\ContentReplace [ RunTime:0.001000s ]
INFO: [ template_filter ] --END-- [ RunTime:0.001000s ]
NOTIC: [8] Undefined variable: ishome D:\xampp\htdocs\KE361\Runtime\Cache\Home\9f00623dc302491bce4d14bef939d347.php 第 183 行.
NOTIC: [2] Illegal string offset 'pid' D:\xampp\htdocs\KE361\Runtime\Cache\Home\9f00623dc302491bce4d14bef939d347.php 第 399 行.
NOTIC: [2] Illegal string offset 'pid' D:\xampp\htdocs\KE361\Runtime\Cache\Home\9f00623dc302491bce4d14bef939d347.php 第 399 行.
NOTIC: [2] Illegal string offset 'foot' D:\xampp\htdocs\KE361\Runtime\Cache\Home\9f00623dc302491bce4d14bef939d347.php 第 399 行.
NOTIC: [2] Illegal string offset 'pid' D:\xampp\htdocs\KE361\Runtime\Cache\Home\9f00623dc302491bce4d14bef939d347.php 第 399 行.
NOTIC: [2] Illegal string offset 'foot' D:\xampp\htdocs\KE361\Runtime\Cache\Home\9f00623dc302491bce4d14bef939d347.php 第 399 行.
NOTIC: [2] Illegal string offset 'pid' D:\xampp\htdocs\KE361\Runtime\Cache\Home\9f00623dc302491bce4d14bef939d347.php 第 399 行.
NOTIC: [2] Illegal string offset 'foot' D:\xampp\htdocs\KE361\Runtime\Cache\Home\9f00623dc302491bce4d14bef939d347.php 第 399 行.
NOTIC: [2] Illegal string offset 'pid' D:\xampp\htdocs\KE361\Runtime\Cache\Home\9f00623dc302491bce4d14bef939d347.php 第 399 行.
NOTIC: [2] Illegal string offset 'pid' D:\xampp\htdocs\KE361\Runtime\Cache\Home\9f00623dc302491bce4d14bef939d347.php 第 399 行.
NOTIC: [2] Illegal string offset 'pid' D:\xampp\htdocs\KE361\Runtime\Cache\Home\9f00623dc302491bce4d14bef939d347.php 第 399 行.
NOTIC: [2] Illegal string offset 'pid' D:\xampp\htdocs\KE361\Runtime\Cache\Home\9f00623dc302491bce4d14bef939d347.php 第 399 行.
NOTIC: [2] Illegal string offset 'pid' D:\xampp\htdocs\KE361\Runtime\Cache\Home\9f00623dc302491bce4d14bef939d347.php 第 399 行.
NOTIC: [2] Illegal string offset 'foot' D:\xampp\htdocs\KE361\Runtime\Cache\Home\9f00623dc302491bce4d14bef939d347.php 第 399 行.
NOTIC: [2] Illegal string offset 'pid' D:\xampp\htdocs\KE361\Runtime\Cache\Home\9f00623dc302491bce4d14bef939d347.php 第 399 行.
NOTIC: [2] Illegal string offset 'pid' D:\xampp\htdocs\KE361\Runtime\Cache\Home\9f00623dc302491bce4d14bef939d347.php 第 399 行.
NOTIC: [2] Illegal string offset 'pid' D:\xampp\htdocs\KE361\Runtime\Cache\Home\9f00623dc302491bce4d14bef939d347.php 第 399 行.
NOTIC: [8] Undefined variable: articleSort D:\xampp\htdocs\KE361\Runtime\Cache\Home\9f00623dc302491bce4d14bef939d347.php 第 407 行.
NOTIC: [8] Undefined variable: articleSort D:\xampp\htdocs\KE361\Runtime\Cache\Home\9f00623dc302491bce4d14bef939d347.php 第 408 行.
NOTIC: [8] Undefined variable: articleSort D:\xampp\htdocs\KE361\Runtime\Cache\Home\9f00623dc302491bce4d14bef939d347.php 第 412 行.
NOTIC: [8] Undefined variable: articleSort D:\xampp\htdocs\KE361\Runtime\Cache\Home\9f00623dc302491bce4d14bef939d347.php 第 413 行.
NOTIC: [8] Undefined variable: articleSort D:\xampp\htdocs\KE361\Runtime\Cache\Home\9f00623dc302491bce4d14bef939d347.php 第 417 行.
NOTIC: [8] Undefined variable: articleSort D:\xampp\htdocs\KE361\Runtime\Cache\Home\9f00623dc302491bce4d14bef939d347.php 第 418 行.
NOTIC: [8] Undefined variable: articleSort D:\xampp\htdocs\KE361\Runtime\Cache\Home\9f00623dc302491bce4d14bef939d347.php 第 422 行.
NOTIC: [8] Undefined variable: articleSort D:\xampp\htdocs\KE361\Runtime\Cache\Home\9f00623dc302491bce4d14bef939d347.php 第 423 行.
INFO: Run Behavior\ParseTemplate [ RunTime:0.091005s ]
INFO: [ view_parse ] --END-- [ RunTime:0.091005s ]
INFO: [ view_filter ] --START--
INFO: Run Behavior\WriteHtmlCache [ RunTime:0.001000s ]
INFO: [ view_filter ] --END-- [ RunTime:0.001000s ]
INFO: [ app_end ] --START--
INFO: Run Behavior\ShowPageTrace [ RunTime:0.001000s ]
INFO: [ app_end ] --END-- [ RunTime:0.001000s ]

