[ 2015-12-07T13:45:58+08:00 ] ::1 /ke361/index.php?s=/Admin/Article/index/cate_id/42.html
SQL: SHOW COLUMNS FROM `wu_menu` [ RunTime:0.027001s ]
SQL: SELECT * FROM `wu_menu` WHERE ( `pid` = 0 ) AND ( `hide` = 0 ) ORDER BY sort asc  [ RunTime:0.038002s ]
SQL: SELECT `id` FROM `wu_menu` WHERE ( url like '%Article/index%' ) LIMIT 1   [ RunTime:0.001000s ]
SQL: SHOW COLUMNS FROM `wu_menu` [ RunTime:0.003001s ]
SQL: SELECT `id`,`pid`,`title` FROM `wu_menu` WHERE ( id=3 ) LIMIT 1   [ RunTime:0.001000s ]
SQL: SELECT `id`,`pid`,`title` FROM `wu_menu` WHERE ( id=2 ) LIMIT 1   [ RunTime:0.000000s ]
SQL: SELECT DISTINCT  `group` FROM `wu_menu` WHERE ( pid = 2 )  [ RunTime:0.000000s ]
SQL: SELECT `id`,`url` FROM `wu_menu` WHERE ( `pid` = 2 ) AND ( `hide` = 0 )  [ RunTime:0.001000s ]
SQL: SELECT `id`,`pid`,`title`,`url`,`tip` FROM `wu_menu` WHERE ( `group` = '内容' ) AND ( `pid` = 2 ) AND ( `hide` = 0 ) ORDER BY sort asc  [ RunTime:0.000000s ]
SQL: SHOW COLUMNS FROM `wu_auth_group_access` [ RunTime:0.061003s ]
SQL: SELECT `extend_id` FROM wu_auth_group_access g INNER JOIN wu_auth_extend c on g.group_id=c.group_id  WHERE ( g.uid='1' and c.type='1' and !isnull(extend_id) )  [ RunTime:0.040002s ]
SQL: SHOW COLUMNS FROM `wu_category` [ RunTime:0.143009s ]
SQL: SELECT `id`,`title`,`pid`,`allow_publish` FROM `wu_category` WHERE ( `status` = 1 ) ORDER BY pid,sort  [ RunTime:0.000000s ]
SQL: SELECT `id`,`title`,`pid` FROM `wu_category` WHERE ( `status` = 1 ) ORDER BY sort  [ RunTime:0.000000s ]
SQL: SHOW COLUMNS FROM `wu_model` [ RunTime:0.085005s ]
SQL: SELECT * FROM `wu_model` WHERE ( `name` = 'document' ) LIMIT 1   [ RunTime:0.012000s ]
SQL: SHOW COLUMNS FROM `wu_document` [ RunTime:0.085005s ]
SQL: SELECT * FROM `wu_document` WHERE ( `status` IN ('-1','0','1','2','3') ) AND ( `pid` = 0 ) AND ( `category_id` = 42 ) ORDER BY level DESC,id DESC  [ RunTime:0.021001s ]
INFO: [ view_parse ] --START--
INFO: [ template_filter ] --START--
INFO: Run Behavior\ContentReplace [ RunTime:0.000000s ]
INFO: [ template_filter ] --END-- [ RunTime:0.000000s ]
NOTIC: [8] Undefined index: _child D:\xampp\htdocs\KE361\Runtime\Cache\Admin\4b91f118d84eadfbcbfcd11c50a2ecef.php 第 93 行.
NOTIC: [8] Undefined index: _child D:\xampp\htdocs\KE361\Runtime\Cache\Admin\4b91f118d84eadfbcbfcd11c50a2ecef.php 第 93 行.
NOTIC: [8] Undefined index: _child D:\xampp\htdocs\KE361\Runtime\Cache\Admin\4b91f118d84eadfbcbfcd11c50a2ecef.php 第 93 行.
NOTIC: [8] Undefined variable: _total D:\xampp\htdocs\KE361\Runtime\Cache\Admin\4b91f118d84eadfbcbfcd11c50a2ecef.php 第 165 行.
NOTIC: [8] Undefined variable: _page D:\xampp\htdocs\KE361\Runtime\Cache\Admin\4b91f118d84eadfbcbfcd11c50a2ecef.php 第 259 行.
INFO: Run Behavior\ParseTemplate [ RunTime:0.251014s ]
INFO: [ view_parse ] --END-- [ RunTime:0.251014s ]
INFO: [ view_filter ] --START--
INFO: Run Behavior\WriteHtmlCache [ RunTime:0.034002s ]
INFO: [ view_filter ] --END-- [ RunTime:0.034002s ]
INFO: [ app_end ] --START--
INFO: Run Behavior\ShowPageTrace [ RunTime:0.024002s ]
INFO: [ app_end ] --END-- [ RunTime:0.024002s ]

[ 2015-12-07T13:46:00+08:00 ] ::1 /ke361/index.php?s=/Home/Goods/diy.html
NOTIC: [8] Use of undefined constant UID - assumed 'UID' D:\xampp\htdocs\KE361\Application\Home\Controller\HomeController.class.php 第 30 行.
SQL: SHOW COLUMNS FROM `wu_nav` [ RunTime:0.119007s ]
SQL: SELECT * FROM `wu_nav` ORDER BY sort ASC LIMIT 9   [ RunTime:0.017001s ]
SQL: SHOW COLUMNS FROM `wu_friendlink` [ RunTime:0.115007s ]
SQL: SELECT * FROM `wu_friendlink` WHERE ( `state` = 1 ) ORDER BY sort ASC LIMIT 9   [ RunTime:0.000000s ]
SQL: SHOW COLUMNS FROM `wu_category` [ RunTime:0.010000s ]
SQL: SELECT * FROM `wu_category` WHERE ( `status` = 1 ) AND ( `type` = 2 ) ORDER BY `sort` DESC,cate_id DESC LIMIT 8   [ RunTime:0.000000s ]
ERR: 1054:Unknown column 'cate_id' in 'order clause'
 [ SQL语句 ] : SELECT * FROM `wu_category` WHERE ( `status` = 1 ) AND ( `type` = 2 ) ORDER BY `sort` DESC,cate_id DESC LIMIT 8  
NOTIC: [2] Invalid argument supplied for foreach() D:\xampp\htdocs\KE361\Application\Home\Controller\HomeController.class.php 第 133 行.
NOTIC: [8] Undefined variable: article D:\xampp\htdocs\KE361\Application\Home\Controller\HomeController.class.php 第 138 行.
NOTIC: [8] Undefined variable: site_title D:\xampp\htdocs\KE361\Application\Home\Controller\HomeController.class.php 第 102 行.
NOTIC: [8] Undefined variable: site_keyword D:\xampp\htdocs\KE361\Application\Home\Controller\HomeController.class.php 第 103 行.
NOTIC: [8] Undefined variable: site_description D:\xampp\htdocs\KE361\Application\Home\Controller\HomeController.class.php 第 104 行.
SQL: SHOW COLUMNS FROM `wu_search_keyword` [ RunTime:0.867050s ]
SQL: SELECT * FROM `wu_search_keyword` WHERE ( `isshow` = 1 ) ORDER BY times desc  [ RunTime:0.001000s ]
SQL: SHOW COLUMNS FROM `wu_support` [ RunTime:0.168010s ]
SQL: SELECT * FROM `wu_support` WHERE ( `status` = 1 ) ORDER BY sort desc  [ RunTime:0.000000s ]
INFO: [ view_parse ] --START--
INFO: [ template_filter ] --START--
INFO: Run Behavior\ContentReplace [ RunTime:0.001001s ]
INFO: [ template_filter ] --END-- [ RunTime:0.001001s ]
NOTIC: [8] Undefined variable: ishome D:\xampp\htdocs\KE361\Runtime\Cache\Home\f299df19cfc34a1132bbfe2ca3fe518a.php 第 184 行.
NOTIC: [8] Undefined variable: articleSort D:\xampp\htdocs\KE361\Runtime\Cache\Home\f299df19cfc34a1132bbfe2ca3fe518a.php 第 393 行.
NOTIC: [8] Undefined variable: articleSort D:\xampp\htdocs\KE361\Runtime\Cache\Home\f299df19cfc34a1132bbfe2ca3fe518a.php 第 394 行.
NOTIC: [8] Undefined variable: articleSort D:\xampp\htdocs\KE361\Runtime\Cache\Home\f299df19cfc34a1132bbfe2ca3fe518a.php 第 398 行.
NOTIC: [8] Undefined variable: articleSort D:\xampp\htdocs\KE361\Runtime\Cache\Home\f299df19cfc34a1132bbfe2ca3fe518a.php 第 399 行.
NOTIC: [8] Undefined variable: articleSort D:\xampp\htdocs\KE361\Runtime\Cache\Home\f299df19cfc34a1132bbfe2ca3fe518a.php 第 403 行.
NOTIC: [8] Undefined variable: articleSort D:\xampp\htdocs\KE361\Runtime\Cache\Home\f299df19cfc34a1132bbfe2ca3fe518a.php 第 404 行.
NOTIC: [8] Undefined variable: articleSort D:\xampp\htdocs\KE361\Runtime\Cache\Home\f299df19cfc34a1132bbfe2ca3fe518a.php 第 408 行.
NOTIC: [8] Undefined variable: articleSort D:\xampp\htdocs\KE361\Runtime\Cache\Home\f299df19cfc34a1132bbfe2ca3fe518a.php 第 409 行.
INFO: Run Behavior\ParseTemplate [ RunTime:0.166010s ]
INFO: [ view_parse ] --END-- [ RunTime:0.166010s ]
INFO: [ view_filter ] --START--
INFO: Run Behavior\WriteHtmlCache [ RunTime:0.000000s ]
INFO: [ view_filter ] --END-- [ RunTime:0.000000s ]
INFO: [ app_end ] --START--
INFO: Run Behavior\ShowPageTrace [ RunTime:0.001000s ]
INFO: [ app_end ] --END-- [ RunTime:0.001000s ]

