[ 2015-10-22T11:01:48+08:00 ] ::1 /ke361/index.php?s=/Home/Goods/info/id/469.html
NOTIC: [8] Use of undefined constant UID - assumed 'UID' D:\xampp\htdocs\KE361\Application\Home\Controller\HomeController.class.php 第 30 行.
SQL: SHOW COLUMNS FROM `wu_nav` [ RunTime:0.006000s ]
SQL: SELECT * FROM `wu_nav` ORDER BY sort ASC LIMIT 9   [ RunTime:0.006000s ]
SQL: SHOW COLUMNS FROM `wu_friendlink` [ RunTime:0.007001s ]
SQL: SELECT * FROM `wu_friendlink` WHERE ( `state` = 1 ) ORDER BY sort ASC LIMIT 9   [ RunTime:0.002000s ]
SQL: SHOW COLUMNS FROM `wu_category` [ RunTime:0.007000s ]
SQL: SELECT * FROM `wu_category` WHERE ( `status` = 1 ) AND ( `type` = 2 ) ORDER BY `sort` DESC,cate_id DESC LIMIT 8   [ RunTime:0.000000s ]
ERR: 1054:Unknown column 'cate_id' in 'order clause'
 [ SQL语句 ] : SELECT * FROM `wu_category` WHERE ( `status` = 1 ) AND ( `type` = 2 ) ORDER BY `sort` DESC,cate_id DESC LIMIT 8  
NOTIC: [2] Invalid argument supplied for foreach() D:\xampp\htdocs\KE361\Application\Home\Controller\HomeController.class.php 第 133 行.
NOTIC: [8] Undefined variable: article D:\xampp\htdocs\KE361\Application\Home\Controller\HomeController.class.php 第 138 行.
SQL: SHOW COLUMNS FROM `wu_goods` [ RunTime:0.006001s ]
SQL: SELECT * FROM `wu_goods` WHERE ( `goods_id` = 469 ) LIMIT 1   [ RunTime:0.020001s ]
SQL: SHOW COLUMNS FROM `wu_search_keyword` [ RunTime:0.006000s ]
SQL: SELECT * FROM `wu_search_keyword` WHERE ( `isshow` = 1 ) ORDER BY times desc  [ RunTime:0.019001s ]
SQL: SHOW COLUMNS FROM `wu_support` [ RunTime:0.004001s ]
SQL: SELECT * FROM `wu_support` WHERE ( `status` = 1 ) ORDER BY sort desc  [ RunTime:0.009000s ]
SQL: SHOW COLUMNS FROM `wu_goods` [ RunTime:0.003000s ]
SQL: SELECT * FROM `wu_goods` INNER JOIN wu_category_goods ON wu_goods.cate_id = wu_category_goods.id  WHERE ( `goods_id` = 469 ) LIMIT 1   [ RunTime:0.043002s ]
SQL: UPDATE `wu_goods` SET `hits`=hits+1 WHERE ( goods_id=469 ) [ RunTime:0.061003s ]
SQL: SHOW COLUMNS FROM `wu_topic` [ RunTime:0.004000s ]
SQL: SELECT * FROM `wu_topic` WHERE ( `tid` = 1 ) LIMIT 1   [ RunTime:0.000000s ]
SQL: SHOW COLUMNS FROM `wu_goods` [ RunTime:0.003001s ]
SQL: SELECT * FROM `wu_goods` WHERE ( `cate_id` = 13 ) ORDER BY hits DESC,goods_id DESC LIMIT 8   [ RunTime:0.009000s ]
SQL: SHOW COLUMNS FROM `wu_goods_extra` [ RunTime:0.004000s ]
SQL: SELECT * FROM `wu_goods_extra` WHERE ( `goods_id` = 469 ) AND ( `status` = 1 ) ORDER BY sort  [ RunTime:0.021001s ]
SQL: SHOW COLUMNS FROM `wu_tag` [ RunTime:0.005001s ]
SQL: SELECT * FROM `wu_tag` WHERE ( id in (1,2,3) and status = 1 ) ORDER BY sort ASC  [ RunTime:0.027001s ]
INFO: [ view_parse ] --START--
INFO: [ template_filter ] --START--
INFO: Run Behavior\ContentReplace [ RunTime:0.001001s ]
INFO: [ template_filter ] --END-- [ RunTime:0.001001s ]
NOTIC: [8] Undefined variable: ishome D:\xampp\htdocs\KE361\Runtime\Cache\Home\9b88808827438c619ec79eb652477787.php 第 184 行.
NOTIC: [8] Undefined variable: msg D:\xampp\htdocs\KE361\Runtime\Cache\Home\9b88808827438c619ec79eb652477787.php 第 236 行.
NOTIC: [8] Undefined variable: goods_name D:\xampp\htdocs\KE361\Runtime\Cache\Home\9b88808827438c619ec79eb652477787.php 第 252 行.
NOTIC: [8] Undefined variable: articleSort D:\xampp\htdocs\KE361\Runtime\Cache\Home\9b88808827438c619ec79eb652477787.php 第 578 行.
NOTIC: [8] Undefined variable: articleSort D:\xampp\htdocs\KE361\Runtime\Cache\Home\9b88808827438c619ec79eb652477787.php 第 579 行.
NOTIC: [8] Undefined variable: articleSort D:\xampp\htdocs\KE361\Runtime\Cache\Home\9b88808827438c619ec79eb652477787.php 第 583 行.
NOTIC: [8] Undefined variable: articleSort D:\xampp\htdocs\KE361\Runtime\Cache\Home\9b88808827438c619ec79eb652477787.php 第 584 行.
NOTIC: [8] Undefined variable: articleSort D:\xampp\htdocs\KE361\Runtime\Cache\Home\9b88808827438c619ec79eb652477787.php 第 588 行.
NOTIC: [8] Undefined variable: articleSort D:\xampp\htdocs\KE361\Runtime\Cache\Home\9b88808827438c619ec79eb652477787.php 第 589 行.
NOTIC: [8] Undefined variable: articleSort D:\xampp\htdocs\KE361\Runtime\Cache\Home\9b88808827438c619ec79eb652477787.php 第 593 行.
NOTIC: [8] Undefined variable: articleSort D:\xampp\htdocs\KE361\Runtime\Cache\Home\9b88808827438c619ec79eb652477787.php 第 594 行.
INFO: Run Behavior\ParseTemplate [ RunTime:0.345020s ]
INFO: [ view_parse ] --END-- [ RunTime:0.345020s ]
INFO: [ view_filter ] --START--
INFO: Run Behavior\WriteHtmlCache [ RunTime:0.018001s ]
INFO: [ view_filter ] --END-- [ RunTime:0.018001s ]
INFO: [ app_end ] --START--
INFO: Run Behavior\ShowPageTrace [ RunTime:0.042002s ]
INFO: [ app_end ] --END-- [ RunTime:0.042002s ]

[ 2015-10-22T11:01:49+08:00 ] ::1 /ke361/index.php?s=/Admin/Goods/index.html
SQL: SHOW COLUMNS FROM `wu_menu` [ RunTime:0.003000s ]
SQL: SELECT * FROM `wu_menu` WHERE ( `pid` = 0 ) AND ( `hide` = 0 ) ORDER BY sort asc  [ RunTime:0.033002s ]
SQL: SELECT `id` FROM `wu_menu` WHERE ( url like '%Goods/index%' ) LIMIT 1   [ RunTime:0.000000s ]
SQL: SHOW COLUMNS FROM `wu_menu` [ RunTime:0.008001s ]
SQL: SELECT `id`,`pid`,`title` FROM `wu_menu` WHERE ( id=131 ) LIMIT 1   [ RunTime:0.001000s ]
SQL: SELECT DISTINCT  `group` FROM `wu_menu` WHERE ( pid = 131 )  [ RunTime:0.000000s ]
SQL: SELECT `id`,`url` FROM `wu_menu` WHERE ( `pid` = 131 ) AND ( `hide` = 0 )  [ RunTime:0.003000s ]
SQL: SELECT `id`,`pid`,`title`,`url`,`tip` FROM `wu_menu` WHERE ( `group` = '商品' ) AND ( `pid` = 131 ) AND ( `hide` = 0 ) ORDER BY sort asc  [ RunTime:0.001000s ]
SQL: SELECT `id`,`pid`,`title`,`url`,`tip` FROM `wu_menu` WHERE ( `group` = '采集' ) AND ( `pid` = 131 ) AND ( `hide` = 0 ) ORDER BY sort asc  [ RunTime:0.000000s ]
SQL: SELECT `id`,`pid`,`title`,`url`,`tip` FROM `wu_menu` WHERE ( `group` = '分类' ) AND ( `pid` = 131 ) AND ( `hide` = 0 ) ORDER BY sort asc  [ RunTime:0.000000s ]
SQL: SELECT `id`,`pid`,`title`,`url`,`tip` FROM `wu_menu` WHERE ( `group` = '专题' ) AND ( `pid` = 131 ) AND ( `hide` = 0 ) ORDER BY sort asc  [ RunTime:0.001000s ]
NOTIC: [8] Undefined variable: where D:\xampp\htdocs\KE361\Application\Admin\Controller\GoodsController.class.php 第 14 行.
SQL: SHOW COLUMNS FROM `wu_goods` [ RunTime:0.004000s ]
NOTIC: [8] Undefined index: where D:\xampp\htdocs\KE361\Application\Admin\Controller\AdminController.class.php 第 437 行.
SQL: SELECT COUNT(*) AS tp_count FROM `wu_goods` LIMIT 1   [ RunTime:0.047003s ]
SQL: SELECT `goods_id`,`goods_type`,`num_iid`,`title`,`cate_id`,`tid`,`add_id`,`add_uname`,`city`,`days`,`aheaddays`,`traffic`,`invite`,`audition`,`maxdays`,`discount_price`,`price`,`child_price`,`pic_url`,`item_body`,`item_price_body`,`status`,`seo_title`,`seo_keywords`,`seo_description`,`ctime`,`hits`,`favor`,`goods_sort`,`tags`,`date_price`,`body_type`,`days_body` FROM `wu_goods` ORDER BY goods_sort desc , goods_id desc LIMIT 0,10   [ RunTime:0.000000s ]
SQL: SHOW COLUMNS FROM `wu_category_goods` [ RunTime:0.003000s ]
NOTIC: [8] Undefined variable: where D:\xampp\htdocs\KE361\Application\Admin\Model\CategoryGoodsModel.class.php 第 13 行.
SQL: SELECT * FROM `wu_category_goods` WHERE (  status='1' ) ORDER BY p_id,sort  [ RunTime:0.000000s ]
INFO: [ view_parse ] --START--
INFO: [ template_filter ] --START--
INFO: Run Behavior\ContentReplace [ RunTime:0.000000s ]
INFO: [ template_filter ] --END-- [ RunTime:0.000000s ]
NOTIC: [8] Undefined variable: meta_title D:\xampp\htdocs\KE361\Runtime\Cache\Admin\be76b01b172771da708e23523e315e7c.php 第 5 行.
INFO: Run Behavior\ParseTemplate [ RunTime:0.151009s ]
INFO: [ view_parse ] --END-- [ RunTime:0.151009s ]
INFO: [ view_filter ] --START--
INFO: Run Behavior\WriteHtmlCache [ RunTime:0.001000s ]
INFO: [ view_filter ] --END-- [ RunTime:0.001000s ]
INFO: [ app_end ] --START--
INFO: Run Behavior\ShowPageTrace [ RunTime:0.001000s ]
INFO: [ app_end ] --END-- [ RunTime:0.001000s ]

[ 2015-10-22T11:10:07+08:00 ] ::1 /ke361/index.php?s=/Admin/Goods/index.html
SQL: SHOW COLUMNS FROM `wu_menu` [ RunTime:0.004000s ]
SQL: SELECT * FROM `wu_menu` WHERE ( `pid` = 0 ) AND ( `hide` = 0 ) ORDER BY sort asc  [ RunTime:0.012000s ]
SQL: SELECT `id` FROM `wu_menu` WHERE ( url like '%Goods/index%' ) LIMIT 1   [ RunTime:0.000000s ]
SQL: SHOW COLUMNS FROM `wu_menu` [ RunTime:0.007000s ]
SQL: SELECT `id`,`pid`,`title` FROM `wu_menu` WHERE ( id=131 ) LIMIT 1   [ RunTime:0.000000s ]
SQL: SELECT DISTINCT  `group` FROM `wu_menu` WHERE ( pid = 131 )  [ RunTime:0.000000s ]
SQL: SELECT `id`,`url` FROM `wu_menu` WHERE ( `pid` = 131 ) AND ( `hide` = 0 )  [ RunTime:0.001000s ]
SQL: SELECT `id`,`pid`,`title`,`url`,`tip` FROM `wu_menu` WHERE ( `group` = '商品' ) AND ( `pid` = 131 ) AND ( `hide` = 0 ) ORDER BY sort asc  [ RunTime:0.000000s ]
SQL: SELECT `id`,`pid`,`title`,`url`,`tip` FROM `wu_menu` WHERE ( `group` = '采集' ) AND ( `pid` = 131 ) AND ( `hide` = 0 ) ORDER BY sort asc  [ RunTime:0.001000s ]
SQL: SELECT `id`,`pid`,`title`,`url`,`tip` FROM `wu_menu` WHERE ( `group` = '分类' ) AND ( `pid` = 131 ) AND ( `hide` = 0 ) ORDER BY sort asc  [ RunTime:0.000000s ]
SQL: SELECT `id`,`pid`,`title`,`url`,`tip` FROM `wu_menu` WHERE ( `group` = '专题' ) AND ( `pid` = 131 ) AND ( `hide` = 0 ) ORDER BY sort asc  [ RunTime:0.000000s ]
NOTIC: [8] Undefined variable: where D:\xampp\htdocs\KE361\Application\Admin\Controller\GoodsController.class.php 第 14 行.
SQL: SHOW COLUMNS FROM `wu_goods` [ RunTime:0.004001s ]
NOTIC: [8] Undefined index: where D:\xampp\htdocs\KE361\Application\Admin\Controller\AdminController.class.php 第 437 行.
SQL: SELECT COUNT(*) AS tp_count FROM `wu_goods` LIMIT 1   [ RunTime:0.052003s ]
SQL: SELECT `goods_id`,`goods_type`,`num_iid`,`title`,`cate_id`,`tid`,`add_id`,`add_uname`,`city`,`days`,`aheaddays`,`traffic`,`invite`,`audition`,`maxdays`,`discount_price`,`price`,`child_price`,`pic_url`,`item_body`,`item_price_body`,`status`,`seo_title`,`seo_keywords`,`seo_description`,`ctime`,`hits`,`favor`,`goods_sort`,`tags`,`date_price`,`body_type`,`days_body` FROM `wu_goods` ORDER BY goods_sort desc , goods_id desc LIMIT 0,10   [ RunTime:0.041003s ]
SQL: SHOW COLUMNS FROM `wu_category_goods` [ RunTime:0.005001s ]
NOTIC: [8] Undefined variable: where D:\xampp\htdocs\KE361\Application\Admin\Model\CategoryGoodsModel.class.php 第 13 行.
SQL: SELECT * FROM `wu_category_goods` WHERE (  status='1' ) ORDER BY p_id,sort  [ RunTime:0.016001s ]
INFO: [ view_parse ] --START--
INFO: [ template_filter ] --START--
INFO: Run Behavior\ContentReplace [ RunTime:0.001000s ]
INFO: [ template_filter ] --END-- [ RunTime:0.001000s ]
NOTIC: [8] Undefined variable: meta_title D:\xampp\htdocs\KE361\Runtime\Cache\Admin\be76b01b172771da708e23523e315e7c.php 第 5 行.
INFO: Run Behavior\ParseTemplate [ RunTime:0.203012s ]
INFO: [ view_parse ] --END-- [ RunTime:0.203012s ]
INFO: [ view_filter ] --START--
INFO: Run Behavior\WriteHtmlCache [ RunTime:0.014000s ]
INFO: [ view_filter ] --END-- [ RunTime:0.014000s ]
INFO: [ app_end ] --START--
INFO: Run Behavior\ShowPageTrace [ RunTime:0.008001s ]
INFO: [ app_end ] --END-- [ RunTime:0.008001s ]

[ 2015-10-22T11:10:08+08:00 ] ::1 /ke361/index.php?s=/Home/Goods/info/id/469.html
NOTIC: [8] Use of undefined constant UID - assumed 'UID' D:\xampp\htdocs\KE361\Application\Home\Controller\HomeController.class.php 第 30 行.
SQL: SHOW COLUMNS FROM `wu_nav` [ RunTime:0.004000s ]
SQL: SELECT * FROM `wu_nav` ORDER BY sort ASC LIMIT 9   [ RunTime:0.058003s ]
SQL: SHOW COLUMNS FROM `wu_friendlink` [ RunTime:0.003001s ]
SQL: SELECT * FROM `wu_friendlink` WHERE ( `state` = 1 ) ORDER BY sort ASC LIMIT 9   [ RunTime:0.024001s ]
SQL: SHOW COLUMNS FROM `wu_category` [ RunTime:0.004000s ]
SQL: SELECT * FROM `wu_category` WHERE ( `status` = 1 ) AND ( `type` = 2 ) ORDER BY `sort` DESC,cate_id DESC LIMIT 8   [ RunTime:0.000000s ]
ERR: 1054:Unknown column 'cate_id' in 'order clause'
 [ SQL语句 ] : SELECT * FROM `wu_category` WHERE ( `status` = 1 ) AND ( `type` = 2 ) ORDER BY `sort` DESC,cate_id DESC LIMIT 8  
NOTIC: [2] Invalid argument supplied for foreach() D:\xampp\htdocs\KE361\Application\Home\Controller\HomeController.class.php 第 133 行.
NOTIC: [8] Undefined variable: article D:\xampp\htdocs\KE361\Application\Home\Controller\HomeController.class.php 第 138 行.
SQL: SHOW COLUMNS FROM `wu_goods` [ RunTime:0.002000s ]
SQL: SELECT * FROM `wu_goods` WHERE ( `goods_id` = 469 ) LIMIT 1   [ RunTime:0.000000s ]
SQL: SHOW COLUMNS FROM `wu_search_keyword` [ RunTime:0.004001s ]
SQL: SELECT * FROM `wu_search_keyword` WHERE ( `isshow` = 1 ) ORDER BY times desc  [ RunTime:0.013000s ]
SQL: SHOW COLUMNS FROM `wu_support` [ RunTime:0.003001s ]
SQL: SELECT * FROM `wu_support` WHERE ( `status` = 1 ) ORDER BY sort desc  [ RunTime:0.007000s ]
SQL: SHOW COLUMNS FROM `wu_goods` [ RunTime:0.004000s ]
SQL: SELECT * FROM `wu_goods` INNER JOIN wu_category_goods ON wu_goods.cate_id = wu_category_goods.id  WHERE ( `goods_id` = 469 ) LIMIT 1   [ RunTime:0.001001s ]
SQL: UPDATE `wu_goods` SET `hits`=hits+1 WHERE ( goods_id=469 ) [ RunTime:0.100005s ]
SQL: SHOW COLUMNS FROM `wu_topic` [ RunTime:0.003000s ]
SQL: SELECT * FROM `wu_topic` WHERE ( `tid` = 1 ) LIMIT 1   [ RunTime:0.001000s ]
SQL: SHOW COLUMNS FROM `wu_goods` [ RunTime:0.003000s ]
SQL: SELECT * FROM `wu_goods` WHERE ( `cate_id` = 13 ) ORDER BY hits DESC,goods_id DESC LIMIT 8   [ RunTime:0.001000s ]
SQL: SHOW COLUMNS FROM `wu_goods_extra` [ RunTime:0.002000s ]
SQL: SELECT * FROM `wu_goods_extra` WHERE ( `goods_id` = 469 ) AND ( `status` = 1 ) ORDER BY sort  [ RunTime:0.032002s ]
SQL: SHOW COLUMNS FROM `wu_tag` [ RunTime:0.004000s ]
SQL: SELECT * FROM `wu_tag` WHERE ( id in (1,2,3) and status = 1 ) ORDER BY sort ASC  [ RunTime:0.036002s ]
INFO: [ view_parse ] --START--
INFO: [ template_filter ] --START--
INFO: Run Behavior\ContentReplace [ RunTime:0.000000s ]
INFO: [ template_filter ] --END-- [ RunTime:0.000000s ]
NOTIC: [8] Undefined variable: ishome D:\xampp\htdocs\KE361\Runtime\Cache\Home\9b88808827438c619ec79eb652477787.php 第 184 行.
NOTIC: [8] Undefined variable: msg D:\xampp\htdocs\KE361\Runtime\Cache\Home\9b88808827438c619ec79eb652477787.php 第 236 行.
NOTIC: [8] Undefined variable: goods_name D:\xampp\htdocs\KE361\Runtime\Cache\Home\9b88808827438c619ec79eb652477787.php 第 252 行.
NOTIC: [8] Undefined variable: articleSort D:\xampp\htdocs\KE361\Runtime\Cache\Home\9b88808827438c619ec79eb652477787.php 第 578 行.
NOTIC: [8] Undefined variable: articleSort D:\xampp\htdocs\KE361\Runtime\Cache\Home\9b88808827438c619ec79eb652477787.php 第 579 行.
NOTIC: [8] Undefined variable: articleSort D:\xampp\htdocs\KE361\Runtime\Cache\Home\9b88808827438c619ec79eb652477787.php 第 583 行.
NOTIC: [8] Undefined variable: articleSort D:\xampp\htdocs\KE361\Runtime\Cache\Home\9b88808827438c619ec79eb652477787.php 第 584 行.
NOTIC: [8] Undefined variable: articleSort D:\xampp\htdocs\KE361\Runtime\Cache\Home\9b88808827438c619ec79eb652477787.php 第 588 行.
NOTIC: [8] Undefined variable: articleSort D:\xampp\htdocs\KE361\Runtime\Cache\Home\9b88808827438c619ec79eb652477787.php 第 589 行.
NOTIC: [8] Undefined variable: articleSort D:\xampp\htdocs\KE361\Runtime\Cache\Home\9b88808827438c619ec79eb652477787.php 第 593 行.
NOTIC: [8] Undefined variable: articleSort D:\xampp\htdocs\KE361\Runtime\Cache\Home\9b88808827438c619ec79eb652477787.php 第 594 行.
INFO: Run Behavior\ParseTemplate [ RunTime:0.280016s ]
INFO: [ view_parse ] --END-- [ RunTime:0.280016s ]
INFO: [ view_filter ] --START--
INFO: Run Behavior\WriteHtmlCache [ RunTime:0.000000s ]
INFO: [ view_filter ] --END-- [ RunTime:0.001000s ]
INFO: [ app_end ] --START--
INFO: Run Behavior\ShowPageTrace [ RunTime:0.001000s ]
INFO: [ app_end ] --END-- [ RunTime:0.001000s ]

