[ 2015-10-01T17:34:39+08:00 ] ::1 /ke361/index.php?s=/Home/Goods/info/id/469.html
NOTIC: [8] Use of undefined constant UID - assumed 'UID' D:\xampp\htdocs\KE361\Application\Home\Controller\HomeController.class.php 第 30 行.
SQL: SHOW COLUMNS FROM `wu_nav` [ RunTime:0.002000s ]
SQL: SELECT * FROM `wu_nav` ORDER BY sort ASC LIMIT 9   [ RunTime:0.000000s ]
SQL: SHOW COLUMNS FROM `wu_friendlink` [ RunTime:0.003000s ]
SQL: SELECT * FROM `wu_friendlink` WHERE ( `state` = 1 ) ORDER BY sort ASC LIMIT 9   [ RunTime:0.000000s ]
SQL: SHOW COLUMNS FROM `wu_category` [ RunTime:0.003000s ]
SQL: SELECT * FROM `wu_category` WHERE ( `status` = 1 ) AND ( `type` = 2 ) ORDER BY `sort` DESC,cate_id DESC LIMIT 8   [ RunTime:0.001000s ]
ERR: 1054:Unknown column 'cate_id' in 'order clause'
 [ SQL语句 ] : SELECT * FROM `wu_category` WHERE ( `status` = 1 ) AND ( `type` = 2 ) ORDER BY `sort` DESC,cate_id DESC LIMIT 8  
NOTIC: [2] Invalid argument supplied for foreach() D:\xampp\htdocs\KE361\Application\Home\Controller\HomeController.class.php 第 133 行.
NOTIC: [8] Undefined variable: article D:\xampp\htdocs\KE361\Application\Home\Controller\HomeController.class.php 第 138 行.
SQL: SHOW COLUMNS FROM `wu_goods` [ RunTime:0.002001s ]
SQL: SELECT * FROM `wu_goods` WHERE ( `goods_id` = 469 ) LIMIT 1   [ RunTime:0.000000s ]
SQL: SHOW COLUMNS FROM `wu_search_keyword` [ RunTime:0.003000s ]
SQL: SELECT * FROM `wu_search_keyword` WHERE ( `isshow` = 1 ) ORDER BY times desc  [ RunTime:0.000000s ]
SQL: SHOW COLUMNS FROM `wu_support` [ RunTime:0.003000s ]
SQL: SELECT * FROM `wu_support` WHERE ( `status` = 1 ) ORDER BY sort desc  [ RunTime:0.000000s ]
SQL: SHOW COLUMNS FROM `wu_goods` [ RunTime:0.002000s ]
SQL: SELECT * FROM `wu_goods` INNER JOIN wu_category_goods ON wu_goods.cate_id = wu_category_goods.id  WHERE ( `goods_id` = 469 ) LIMIT 1   [ RunTime:0.000000s ]
SQL: UPDATE `wu_goods` SET `hits`=hits+1 WHERE ( goods_id=469 ) [ RunTime:0.000000s ]
SQL: SHOW COLUMNS FROM `wu_topic` [ RunTime:0.003000s ]
SQL: SELECT * FROM `wu_topic` WHERE ( `tid` = 1 ) LIMIT 1   [ RunTime:0.000000s ]
SQL: SHOW COLUMNS FROM `wu_goods` [ RunTime:0.002001s ]
SQL: SELECT * FROM `wu_goods` WHERE ( `cate_id` = 13 ) ORDER BY hits DESC,goods_id DESC LIMIT 8   [ RunTime:0.001000s ]
SQL: SHOW COLUMNS FROM `wu_goods_extra` [ RunTime:0.002000s ]
SQL: SELECT * FROM `wu_goods_extra` WHERE ( `goods_id` = 469 ) AND ( `status` = 1 ) ORDER BY sort  [ RunTime:0.000000s ]
SQL: SHOW COLUMNS FROM `wu_tag` [ RunTime:0.003000s ]
SQL: SELECT * FROM `wu_tag` WHERE ( id in (1,2,3) and status = 1 ) ORDER BY sort ASC  [ RunTime:0.000000s ]
INFO: [ view_parse ] --START--
INFO: [ template_filter ] --START--
INFO: Run Behavior\ContentReplace [ RunTime:0.001000s ]
INFO: [ template_filter ] --END-- [ RunTime:0.001000s ]
NOTIC: [8] Undefined variable: ishome D:\xampp\htdocs\KE361\Runtime\Cache\Home\9b88808827438c619ec79eb652477787.php 第 184 行.
NOTIC: [8] Undefined variable: msg D:\xampp\htdocs\KE361\Runtime\Cache\Home\9b88808827438c619ec79eb652477787.php 第 236 行.
NOTIC: [8] Undefined variable: goods_name D:\xampp\htdocs\KE361\Runtime\Cache\Home\9b88808827438c619ec79eb652477787.php 第 252 行.
NOTIC: [8] Undefined variable: articleSort D:\xampp\htdocs\KE361\Runtime\Cache\Home\9b88808827438c619ec79eb652477787.php 第 572 行.
NOTIC: [8] Undefined variable: articleSort D:\xampp\htdocs\KE361\Runtime\Cache\Home\9b88808827438c619ec79eb652477787.php 第 573 行.
NOTIC: [8] Undefined variable: articleSort D:\xampp\htdocs\KE361\Runtime\Cache\Home\9b88808827438c619ec79eb652477787.php 第 577 行.
NOTIC: [8] Undefined variable: articleSort D:\xampp\htdocs\KE361\Runtime\Cache\Home\9b88808827438c619ec79eb652477787.php 第 578 行.
NOTIC: [8] Undefined variable: articleSort D:\xampp\htdocs\KE361\Runtime\Cache\Home\9b88808827438c619ec79eb652477787.php 第 582 行.
NOTIC: [8] Undefined variable: articleSort D:\xampp\htdocs\KE361\Runtime\Cache\Home\9b88808827438c619ec79eb652477787.php 第 583 行.
NOTIC: [8] Undefined variable: articleSort D:\xampp\htdocs\KE361\Runtime\Cache\Home\9b88808827438c619ec79eb652477787.php 第 587 行.
NOTIC: [8] Undefined variable: articleSort D:\xampp\htdocs\KE361\Runtime\Cache\Home\9b88808827438c619ec79eb652477787.php 第 588 行.
INFO: Run Behavior\ParseTemplate [ RunTime:0.031002s ]
INFO: [ view_parse ] --END-- [ RunTime:0.031002s ]
INFO: [ view_filter ] --START--
INFO: Run Behavior\WriteHtmlCache [ RunTime:0.001000s ]
INFO: [ view_filter ] --END-- [ RunTime:0.001000s ]
INFO: [ app_end ] --START--
INFO: Run Behavior\ShowPageTrace [ RunTime:0.001000s ]
INFO: [ app_end ] --END-- [ RunTime:0.001000s ]

