[ 2015-12-04T20:59:19+08:00 ] ::1 /ke361/index.php?s=/Home/Goods/diy.html
NOTIC: [8] Use of undefined constant UID - assumed 'UID' D:\xampp\htdocs\KE361\Application\Home\Controller\HomeController.class.php 第 30 行.
SQL: SHOW COLUMNS FROM `wu_nav` [ RunTime:0.006001s ]
SQL: SELECT * FROM `wu_nav` ORDER BY sort ASC LIMIT 9   [ RunTime:0.038002s ]
SQL: SHOW COLUMNS FROM `wu_friendlink` [ RunTime:0.006000s ]
SQL: SELECT * FROM `wu_friendlink` WHERE ( `state` = 1 ) ORDER BY sort ASC LIMIT 9   [ RunTime:0.010001s ]
SQL: SHOW COLUMNS FROM `wu_category` [ RunTime:0.012000s ]
SQL: SELECT * FROM `wu_category` WHERE ( `status` = 1 ) AND ( `type` = 2 ) ORDER BY `sort` DESC,cate_id DESC LIMIT 8   [ RunTime:0.025002s ]
ERR: 1054:Unknown column 'cate_id' in 'order clause'
 [ SQL语句 ] : SELECT * FROM `wu_category` WHERE ( `status` = 1 ) AND ( `type` = 2 ) ORDER BY `sort` DESC,cate_id DESC LIMIT 8  
NOTIC: [2] Invalid argument supplied for foreach() D:\xampp\htdocs\KE361\Application\Home\Controller\HomeController.class.php 第 133 行.
NOTIC: [8] Undefined variable: article D:\xampp\htdocs\KE361\Application\Home\Controller\HomeController.class.php 第 138 行.
NOTIC: [8] Undefined variable: site_title D:\xampp\htdocs\KE361\Application\Home\Controller\HomeController.class.php 第 102 行.
NOTIC: [8] Undefined variable: site_keyword D:\xampp\htdocs\KE361\Application\Home\Controller\HomeController.class.php 第 103 行.
NOTIC: [8] Undefined variable: site_description D:\xampp\htdocs\KE361\Application\Home\Controller\HomeController.class.php 第 104 行.
SQL: SHOW COLUMNS FROM `wu_search_keyword` [ RunTime:0.010001s ]
SQL: SELECT * FROM `wu_search_keyword` WHERE ( `isshow` = 1 ) ORDER BY times desc  [ RunTime:0.013000s ]
SQL: SHOW COLUMNS FROM `wu_support` [ RunTime:0.004000s ]
SQL: SELECT * FROM `wu_support` WHERE ( `status` = 1 ) ORDER BY sort desc  [ RunTime:0.001001s ]
INFO: [ view_parse ] --START--
INFO: [ template_filter ] --START--
INFO: Run Behavior\ContentReplace [ RunTime:0.000000s ]
INFO: [ template_filter ] --END-- [ RunTime:0.000000s ]
NOTIC: [8] Undefined variable: ishome D:\xampp\htdocs\KE361\Runtime\Cache\Home\f299df19cfc34a1132bbfe2ca3fe518a.php 第 184 行.
NOTIC: [8] Undefined variable: articleSort D:\xampp\htdocs\KE361\Runtime\Cache\Home\f299df19cfc34a1132bbfe2ca3fe518a.php 第 393 行.
NOTIC: [8] Undefined variable: articleSort D:\xampp\htdocs\KE361\Runtime\Cache\Home\f299df19cfc34a1132bbfe2ca3fe518a.php 第 394 行.
NOTIC: [8] Undefined variable: articleSort D:\xampp\htdocs\KE361\Runtime\Cache\Home\f299df19cfc34a1132bbfe2ca3fe518a.php 第 398 行.
NOTIC: [8] Undefined variable: articleSort D:\xampp\htdocs\KE361\Runtime\Cache\Home\f299df19cfc34a1132bbfe2ca3fe518a.php 第 399 行.
NOTIC: [8] Undefined variable: articleSort D:\xampp\htdocs\KE361\Runtime\Cache\Home\f299df19cfc34a1132bbfe2ca3fe518a.php 第 403 行.
NOTIC: [8] Undefined variable: articleSort D:\xampp\htdocs\KE361\Runtime\Cache\Home\f299df19cfc34a1132bbfe2ca3fe518a.php 第 404 行.
NOTIC: [8] Undefined variable: articleSort D:\xampp\htdocs\KE361\Runtime\Cache\Home\f299df19cfc34a1132bbfe2ca3fe518a.php 第 408 行.
NOTIC: [8] Undefined variable: articleSort D:\xampp\htdocs\KE361\Runtime\Cache\Home\f299df19cfc34a1132bbfe2ca3fe518a.php 第 409 行.
INFO: Run Behavior\ParseTemplate [ RunTime:0.275016s ]
INFO: [ view_parse ] --END-- [ RunTime:0.275016s ]
INFO: [ view_filter ] --START--
INFO: Run Behavior\WriteHtmlCache [ RunTime:0.015000s ]
INFO: [ view_filter ] --END-- [ RunTime:0.015000s ]
INFO: [ app_end ] --START--
INFO: Run Behavior\ShowPageTrace [ RunTime:0.003001s ]
INFO: [ app_end ] --END-- [ RunTime:0.003001s ]

