[ 2015-11-16T08:58:35+08:00 ] ::1 /ke361/index.php?s=/Admin/Nav/index.html
SQL: SHOW COLUMNS FROM `wu_menu` [ RunTime:0.121007s ]
SQL: SELECT * FROM `wu_menu` WHERE ( `pid` = 0 ) AND ( `hide` = 0 ) ORDER BY sort asc  [ RunTime:0.044003s ]
SQL: SELECT `id` FROM `wu_menu` WHERE ( url like '%Nav/index%' ) LIMIT 1   [ RunTime:0.001000s ]
SQL: SHOW COLUMNS FROM `wu_menu` [ RunTime:0.009001s ]
SQL: SELECT `id`,`pid`,`title` FROM `wu_menu` WHERE ( id=76 ) LIMIT 1   [ RunTime:0.000000s ]
SQL: SELECT `id`,`pid`,`title` FROM `wu_menu` WHERE ( id=93 ) LIMIT 1   [ RunTime:0.001000s ]
SQL: SELECT DISTINCT  `group` FROM `wu_menu` WHERE ( pid = 93 )  [ RunTime:0.000000s ]
SQL: SELECT `id`,`url` FROM `wu_menu` WHERE ( `pid` = 93 ) AND ( `hide` = 0 )  [ RunTime:0.001000s ]
SQL: SELECT `id`,`pid`,`title`,`url`,`tip` FROM `wu_menu` WHERE ( `group` = '系统设置' ) AND ( `pid` = 93 ) AND ( `hide` = 0 ) ORDER BY sort asc  [ RunTime:0.000000s ]
SQL: SELECT `id`,`pid`,`title`,`url`,`tip` FROM `wu_menu` WHERE ( `group` = '' ) AND ( `pid` = 93 ) AND ( `hide` = 0 ) ORDER BY sort asc  [ RunTime:0.000000s ]
SQL: SHOW COLUMNS FROM `wu_nav` [ RunTime:0.052003s ]
SQL: SELECT * FROM `wu_nav` WHERE ( `status` > -1 ) AND ( `pid` = 0 ) ORDER BY sort asc,id asc  [ RunTime:0.014001s ]
INFO: [ view_parse ] --START--
INFO: [ template_filter ] --START--
INFO: Run Behavior\ContentReplace [ RunTime:0.000000s ]
INFO: [ template_filter ] --END-- [ RunTime:0.000000s ]
INFO: Run Behavior\ParseTemplate [ RunTime:0.180011s ]
INFO: [ view_parse ] --END-- [ RunTime:0.180011s ]
INFO: [ view_filter ] --START--
INFO: Run Behavior\WriteHtmlCache [ RunTime:0.017000s ]
INFO: [ view_filter ] --END-- [ RunTime:0.017000s ]
INFO: [ app_end ] --START--
INFO: Run Behavior\ShowPageTrace [ RunTime:0.054004s ]
INFO: [ app_end ] --END-- [ RunTime:0.054004s ]

[ 2015-11-16T08:58:36+08:00 ] ::1 /ke361/index.php?s=/Home/Goods/diy.html
NOTIC: [8] Use of undefined constant UID - assumed 'UID' D:\xampp\htdocs\KE361\Application\Home\Controller\HomeController.class.php 第 30 行.
SQL: SHOW COLUMNS FROM `wu_nav` [ RunTime:0.007000s ]
SQL: SELECT * FROM `wu_nav` ORDER BY sort ASC LIMIT 9   [ RunTime:0.000000s ]
SQL: SHOW COLUMNS FROM `wu_friendlink` [ RunTime:0.134008s ]
SQL: SELECT * FROM `wu_friendlink` WHERE ( `state` = 1 ) ORDER BY sort ASC LIMIT 9   [ RunTime:0.000000s ]
SQL: SHOW COLUMNS FROM `wu_category` [ RunTime:0.042003s ]
SQL: SELECT * FROM `wu_category` WHERE ( `status` = 1 ) AND ( `type` = 2 ) ORDER BY `sort` DESC,cate_id DESC LIMIT 8   [ RunTime:0.000000s ]
ERR: 1054:Unknown column 'cate_id' in 'order clause'
 [ SQL语句 ] : SELECT * FROM `wu_category` WHERE ( `status` = 1 ) AND ( `type` = 2 ) ORDER BY `sort` DESC,cate_id DESC LIMIT 8  
NOTIC: [2] Invalid argument supplied for foreach() D:\xampp\htdocs\KE361\Application\Home\Controller\HomeController.class.php 第 133 行.
NOTIC: [8] Undefined variable: article D:\xampp\htdocs\KE361\Application\Home\Controller\HomeController.class.php 第 138 行.
NOTIC: [8] Undefined variable: site_title D:\xampp\htdocs\KE361\Application\Home\Controller\HomeController.class.php 第 102 行.
NOTIC: [8] Undefined variable: site_keyword D:\xampp\htdocs\KE361\Application\Home\Controller\HomeController.class.php 第 103 行.
NOTIC: [8] Undefined variable: site_description D:\xampp\htdocs\KE361\Application\Home\Controller\HomeController.class.php 第 104 行.
SQL: SHOW COLUMNS FROM `wu_search_keyword` [ RunTime:0.085004s ]
SQL: SELECT * FROM `wu_search_keyword` WHERE ( `isshow` = 1 ) ORDER BY times desc  [ RunTime:0.000000s ]
SQL: SHOW COLUMNS FROM `wu_support` [ RunTime:0.069004s ]
SQL: SELECT * FROM `wu_support` WHERE ( `status` = 1 ) ORDER BY sort desc  [ RunTime:0.000000s ]
INFO: [ view_parse ] --START--
INFO: [ template_filter ] --START--
INFO: Run Behavior\ContentReplace [ RunTime:0.001000s ]
INFO: [ template_filter ] --END-- [ RunTime:0.001000s ]
NOTIC: [8] Undefined variable: ishome D:\xampp\htdocs\KE361\Runtime\Cache\Home\f299df19cfc34a1132bbfe2ca3fe518a.php 第 184 行.
NOTIC: [8] Undefined variable: articleSort D:\xampp\htdocs\KE361\Runtime\Cache\Home\f299df19cfc34a1132bbfe2ca3fe518a.php 第 393 行.
NOTIC: [8] Undefined variable: articleSort D:\xampp\htdocs\KE361\Runtime\Cache\Home\f299df19cfc34a1132bbfe2ca3fe518a.php 第 394 行.
NOTIC: [8] Undefined variable: articleSort D:\xampp\htdocs\KE361\Runtime\Cache\Home\f299df19cfc34a1132bbfe2ca3fe518a.php 第 398 行.
NOTIC: [8] Undefined variable: articleSort D:\xampp\htdocs\KE361\Runtime\Cache\Home\f299df19cfc34a1132bbfe2ca3fe518a.php 第 399 行.
NOTIC: [8] Undefined variable: articleSort D:\xampp\htdocs\KE361\Runtime\Cache\Home\f299df19cfc34a1132bbfe2ca3fe518a.php 第 403 行.
NOTIC: [8] Undefined variable: articleSort D:\xampp\htdocs\KE361\Runtime\Cache\Home\f299df19cfc34a1132bbfe2ca3fe518a.php 第 404 行.
NOTIC: [8] Undefined variable: articleSort D:\xampp\htdocs\KE361\Runtime\Cache\Home\f299df19cfc34a1132bbfe2ca3fe518a.php 第 408 行.
NOTIC: [8] Undefined variable: articleSort D:\xampp\htdocs\KE361\Runtime\Cache\Home\f299df19cfc34a1132bbfe2ca3fe518a.php 第 409 行.
INFO: Run Behavior\ParseTemplate [ RunTime:0.211012s ]
INFO: [ view_parse ] --END-- [ RunTime:0.212013s ]
INFO: [ view_filter ] --START--
INFO: Run Behavior\WriteHtmlCache [ RunTime:0.000000s ]
INFO: [ view_filter ] --END-- [ RunTime:0.000000s ]
INFO: [ app_end ] --START--
INFO: Run Behavior\ShowPageTrace [ RunTime:0.001000s ]
INFO: [ app_end ] --END-- [ RunTime:0.001000s ]

[ 2015-11-16T17:42:04+08:00 ] ::1 /ke361/index.php?s=/Admin/Config/group.html
SQL: SHOW COLUMNS FROM `wu_menu` [ RunTime:0.031002s ]
SQL: SELECT * FROM `wu_menu` WHERE ( `pid` = 0 ) AND ( `hide` = 0 ) ORDER BY sort asc  [ RunTime:0.008000s ]
SQL: SELECT `id` FROM `wu_menu` WHERE ( url like '%Config/group%' ) LIMIT 1   [ RunTime:0.001000s ]
SQL: SHOW COLUMNS FROM `wu_menu` [ RunTime:0.003000s ]
SQL: SELECT `id`,`pid`,`title` FROM `wu_menu` WHERE ( id=68 ) LIMIT 1   [ RunTime:0.000000s ]
SQL: SELECT DISTINCT  `group` FROM `wu_menu` WHERE ( pid = 68 )  [ RunTime:0.025002s ]
SQL: SELECT `id`,`url` FROM `wu_menu` WHERE ( `pid` = 68 ) AND ( `hide` = 0 )  [ RunTime:0.000000s ]
SQL: SELECT `id`,`pid`,`title`,`url`,`tip` FROM `wu_menu` WHERE ( `group` = '系统设置' ) AND ( `pid` = 68 ) AND ( `hide` = 0 ) ORDER BY sort asc  [ RunTime:0.000000s ]
SQL: SELECT `id`,`pid`,`title`,`url`,`tip` FROM `wu_menu` WHERE ( `group` = '' ) AND ( `pid` = 68 ) AND ( `hide` = 0 ) ORDER BY sort asc  [ RunTime:0.000000s ]
SQL: SELECT `id`,`pid`,`title`,`url`,`tip` FROM `wu_menu` WHERE ( `group` = '数据备份' ) AND ( `pid` = 68 ) AND ( `hide` = 0 ) ORDER BY sort asc  [ RunTime:0.000000s ]
SQL: SHOW COLUMNS FROM `wu_config` [ RunTime:0.004000s ]
SQL: SELECT `id`,`name`,`title`,`extra`,`value`,`remark`,`type` FROM `wu_config` WHERE ( `status` = 1 ) AND ( `group` = 1 ) ORDER BY sort  [ RunTime:0.025001s ]
INFO: [ view_parse ] --START--
INFO: [ template_filter ] --START--
INFO: Run Behavior\ContentReplace [ RunTime:0.001000s ]
INFO: [ template_filter ] --END-- [ RunTime:0.001000s ]
INFO: Run Behavior\ParseTemplate [ RunTime:0.161009s ]
INFO: [ view_parse ] --END-- [ RunTime:0.162009s ]
INFO: [ view_filter ] --START--
INFO: Run Behavior\WriteHtmlCache [ RunTime:0.017001s ]
INFO: [ view_filter ] --END-- [ RunTime:0.018001s ]
INFO: [ app_end ] --START--
INFO: Run Behavior\ShowPageTrace [ RunTime:0.003000s ]
INFO: [ app_end ] --END-- [ RunTime:0.003000s ]

[ 2015-11-16T17:42:06+08:00 ] ::1 /ke361/index.php?s=/Admin/User/index.html
SQL: SHOW COLUMNS FROM `wu_menu` [ RunTime:0.006000s ]
SQL: SELECT * FROM `wu_menu` WHERE ( `pid` = 0 ) AND ( `hide` = 0 ) ORDER BY sort asc  [ RunTime:0.001000s ]
SQL: SELECT `id` FROM `wu_menu` WHERE ( url like '%User/index%' ) LIMIT 1   [ RunTime:0.000000s ]
SQL: SHOW COLUMNS FROM `wu_menu` [ RunTime:0.005000s ]
SQL: SELECT `id`,`pid`,`title` FROM `wu_menu` WHERE ( id=16 ) LIMIT 1   [ RunTime:0.000000s ]
SQL: SELECT DISTINCT  `group` FROM `wu_menu` WHERE ( pid = 16 )  [ RunTime:0.000000s ]
SQL: SELECT `id`,`url` FROM `wu_menu` WHERE ( `pid` = 16 ) AND ( `hide` = 0 )  [ RunTime:0.001000s ]
SQL: SELECT `id`,`pid`,`title`,`url`,`tip` FROM `wu_menu` WHERE ( `group` = '用户管理' ) AND ( `pid` = 16 ) AND ( `hide` = 0 ) ORDER BY sort asc  [ RunTime:0.000000s ]
SQL: SELECT `id`,`pid`,`title`,`url`,`tip` FROM `wu_menu` WHERE ( `group` = '行为管理' ) AND ( `pid` = 16 ) AND ( `hide` = 0 ) ORDER BY sort asc  [ RunTime:0.000000s ]
SQL: SELECT `id`,`pid`,`title`,`url`,`tip` FROM `wu_menu` WHERE ( `group` = '' ) AND ( `pid` = 16 ) AND ( `hide` = 0 ) ORDER BY sort asc  [ RunTime:0.001000s ]
SQL: SHOW COLUMNS FROM `wu_member` [ RunTime:0.188011s ]
SQL: SELECT COUNT(*) AS tp_count FROM `wu_member` WHERE ( `status` >= 0 ) AND ( `nickname` LIKE '%%' ) LIMIT 1   [ RunTime:0.016001s ]
SQL: SELECT `uid`,`nickname`,`avatar`,`sex`,`birthday`,`qq`,`score`,`login`,`reg_ip`,`reg_time`,`last_login_ip`,`last_login_time`,`status` FROM `wu_member` WHERE ( `status` >= 0 ) AND ( `nickname` LIKE '%%' ) ORDER BY uid desc LIMIT 0,10   [ RunTime:0.001000s ]
INFO: [ view_parse ] --START--
INFO: [ template_filter ] --START--
INFO: Run Behavior\ContentReplace [ RunTime:0.000000s ]
INFO: [ template_filter ] --END-- [ RunTime:0.000000s ]
INFO: Run Behavior\ParseTemplate [ RunTime:0.024001s ]
INFO: [ view_parse ] --END-- [ RunTime:0.024001s ]
INFO: [ view_filter ] --START--
INFO: Run Behavior\WriteHtmlCache [ RunTime:0.001000s ]
INFO: [ view_filter ] --END-- [ RunTime:0.001000s ]
INFO: [ app_end ] --START--
INFO: Run Behavior\ShowPageTrace [ RunTime:0.000000s ]
INFO: [ app_end ] --END-- [ RunTime:0.000000s ]

[ 2015-11-16T17:42:07+08:00 ] ::1 /ke361/index.php?s=/Admin/Article/mydocument.html
SQL: SHOW COLUMNS FROM `wu_menu` [ RunTime:0.003001s ]
SQL: SELECT * FROM `wu_menu` WHERE ( `pid` = 0 ) AND ( `hide` = 0 ) ORDER BY sort asc  [ RunTime:0.000000s ]
SQL: SELECT `id` FROM `wu_menu` WHERE ( url like '%Article/mydocument%' ) LIMIT 1   [ RunTime:0.000000s ]
SQL: SHOW COLUMNS FROM `wu_menu` [ RunTime:0.002000s ]
SQL: SELECT `id`,`pid`,`title` FROM `wu_menu` WHERE ( id=2 ) LIMIT 1   [ RunTime:0.000000s ]
SQL: SELECT DISTINCT  `group` FROM `wu_menu` WHERE ( pid = 2 )  [ RunTime:0.001000s ]
SQL: SELECT `id`,`url` FROM `wu_menu` WHERE ( `pid` = 2 ) AND ( `hide` = 0 )  [ RunTime:0.000000s ]
SQL: SELECT `id`,`pid`,`title`,`url`,`tip` FROM `wu_menu` WHERE ( `group` = '内容' ) AND ( `pid` = 2 ) AND ( `hide` = 0 ) ORDER BY sort asc  [ RunTime:0.000000s ]
SQL: SHOW COLUMNS FROM `wu_auth_group_access` [ RunTime:0.029001s ]
SQL: SELECT `extend_id` FROM wu_auth_group_access g INNER JOIN wu_auth_extend c on g.group_id=c.group_id  WHERE ( g.uid='1' and c.type='1' and !isnull(extend_id) )  [ RunTime:0.040002s ]
SQL: SHOW COLUMNS FROM `wu_category` [ RunTime:0.007000s ]
SQL: SELECT `id`,`title`,`pid`,`allow_publish` FROM `wu_category` WHERE ( `status` = 1 ) ORDER BY pid,sort  [ RunTime:0.009000s ]
SQL: SHOW COLUMNS FROM `wu_document` [ RunTime:0.024001s ]
SQL: SELECT * FROM `wu_document` WHERE ( `uid` = 1 ) AND ( `status` IN ('0','1','2') ) AND ( `pid` = 0 ) ORDER BY update_time desc  [ RunTime:0.031002s ]
INFO: [ view_parse ] --START--
INFO: [ template_filter ] --START--
INFO: Run Behavior\ContentReplace [ RunTime:0.000000s ]
INFO: [ template_filter ] --END-- [ RunTime:0.000000s ]
NOTIC: [8] Undefined index: _child D:\xampp\htdocs\KE361\Runtime\Cache\Admin\380b8a59344f33b9ea4667a80abe1cd2.php 第 93 行.
NOTIC: [8] Undefined index: _child D:\xampp\htdocs\KE361\Runtime\Cache\Admin\380b8a59344f33b9ea4667a80abe1cd2.php 第 93 行.
NOTIC: [8] Undefined index: _child D:\xampp\htdocs\KE361\Runtime\Cache\Admin\380b8a59344f33b9ea4667a80abe1cd2.php 第 93 行.
NOTIC: [8] Undefined variable: _total D:\xampp\htdocs\KE361\Runtime\Cache\Admin\380b8a59344f33b9ea4667a80abe1cd2.php 第 165 行.
SQL: SHOW COLUMNS FROM `wu_document` [ RunTime:0.004000s ]
SQL: SELECT COUNT(*) AS tp_count FROM `wu_document` WHERE ( pid=3 ) LIMIT 1   [ RunTime:0.001000s ]
SQL: SELECT `title` FROM `wu_category` WHERE ( id=42 ) LIMIT 1   [ RunTime:0.020001s ]
SQL: SELECT COUNT(*) AS tp_count FROM `wu_document` WHERE ( pid=2 ) LIMIT 1   [ RunTime:0.000000s ]
SQL: SELECT `title` FROM `wu_category` WHERE ( id=41 ) LIMIT 1   [ RunTime:0.000000s ]
SQL: SELECT COUNT(*) AS tp_count FROM `wu_document` WHERE ( pid=4 ) LIMIT 1   [ RunTime:0.000000s ]
SQL: SELECT `title` FROM `wu_category` WHERE ( id=41 ) LIMIT 1   [ RunTime:0.000000s ]
NOTIC: [8] Undefined variable: _page D:\xampp\htdocs\KE361\Runtime\Cache\Admin\380b8a59344f33b9ea4667a80abe1cd2.php 第 253 行.
INFO: Run Behavior\ParseTemplate [ RunTime:0.091005s ]
INFO: [ view_parse ] --END-- [ RunTime:0.091005s ]
INFO: [ view_filter ] --START--
INFO: Run Behavior\WriteHtmlCache [ RunTime:0.000000s ]
INFO: [ view_filter ] --END-- [ RunTime:0.000000s ]
INFO: [ app_end ] --START--
INFO: Run Behavior\ShowPageTrace [ RunTime:0.000000s ]
INFO: [ app_end ] --END-- [ RunTime:0.000000s ]

[ 2015-11-16T17:42:12+08:00 ] ::1 /ke361/index.php?s=/Admin/Article/index/cate_id/39.html
SQL: SHOW COLUMNS FROM `wu_menu` [ RunTime:0.003000s ]
SQL: SELECT * FROM `wu_menu` WHERE ( `pid` = 0 ) AND ( `hide` = 0 ) ORDER BY sort asc  [ RunTime:0.001000s ]
SQL: SELECT `id` FROM `wu_menu` WHERE ( url like '%Article/index%' ) LIMIT 1   [ RunTime:0.000000s ]
SQL: SHOW COLUMNS FROM `wu_menu` [ RunTime:0.003000s ]
SQL: SELECT `id`,`pid`,`title` FROM `wu_menu` WHERE ( id=3 ) LIMIT 1   [ RunTime:0.000000s ]
SQL: SELECT `id`,`pid`,`title` FROM `wu_menu` WHERE ( id=2 ) LIMIT 1   [ RunTime:0.000000s ]
SQL: SELECT DISTINCT  `group` FROM `wu_menu` WHERE ( pid = 2 )  [ RunTime:0.000000s ]
SQL: SELECT `id`,`url` FROM `wu_menu` WHERE ( `pid` = 2 ) AND ( `hide` = 0 )  [ RunTime:0.000000s ]
SQL: SELECT `id`,`pid`,`title`,`url`,`tip` FROM `wu_menu` WHERE ( `group` = '内容' ) AND ( `pid` = 2 ) AND ( `hide` = 0 ) ORDER BY sort asc  [ RunTime:0.000000s ]
SQL: SHOW COLUMNS FROM `wu_auth_group_access` [ RunTime:0.002000s ]
SQL: SELECT `extend_id` FROM wu_auth_group_access g INNER JOIN wu_auth_extend c on g.group_id=c.group_id  WHERE ( g.uid='1' and c.type='1' and !isnull(extend_id) )  [ RunTime:0.000000s ]
SQL: SHOW COLUMNS FROM `wu_category` [ RunTime:0.005000s ]
SQL: SELECT `id`,`title`,`pid`,`allow_publish` FROM `wu_category` WHERE ( `status` = 1 ) ORDER BY pid,sort  [ RunTime:0.001000s ]
SQL: SELECT `id`,`title`,`pid` FROM `wu_category` WHERE ( `status` = 1 ) ORDER BY sort  [ RunTime:0.000000s ]
SQL: SELECT * FROM `wu_category` WHERE ( `id` = 39 ) LIMIT 1   [ RunTime:0.000000s ]
SQL: SHOW COLUMNS FROM `wu_model` [ RunTime:0.037003s ]
SQL: SELECT * FROM `wu_model` WHERE ( `name` = 'document' ) LIMIT 1   [ RunTime:0.000000s ]
SQL: SHOW COLUMNS FROM `wu_document` [ RunTime:0.003000s ]
SQL: SELECT * FROM `wu_document` WHERE ( `status` IN ('-1','0','1','2','3') ) AND ( `pid` = 0 ) AND ( `category_id` = 39 ) ORDER BY level DESC,id DESC  [ RunTime:0.000000s ]
INFO: [ view_parse ] --START--
INFO: [ template_filter ] --START--
INFO: Run Behavior\ContentReplace [ RunTime:0.001000s ]
INFO: [ template_filter ] --END-- [ RunTime:0.001000s ]
NOTIC: [8] Undefined index: _child D:\xampp\htdocs\KE361\Runtime\Cache\Admin\4b91f118d84eadfbcbfcd11c50a2ecef.php 第 93 行.
NOTIC: [8] Undefined index: _child D:\xampp\htdocs\KE361\Runtime\Cache\Admin\4b91f118d84eadfbcbfcd11c50a2ecef.php 第 93 行.
NOTIC: [8] Undefined index: _child D:\xampp\htdocs\KE361\Runtime\Cache\Admin\4b91f118d84eadfbcbfcd11c50a2ecef.php 第 93 行.
NOTIC: [8] Undefined variable: _total D:\xampp\htdocs\KE361\Runtime\Cache\Admin\4b91f118d84eadfbcbfcd11c50a2ecef.php 第 165 行.
NOTIC: [8] Undefined variable: _page D:\xampp\htdocs\KE361\Runtime\Cache\Admin\4b91f118d84eadfbcbfcd11c50a2ecef.php 第 259 行.
INFO: Run Behavior\ParseTemplate [ RunTime:0.050003s ]
INFO: [ view_parse ] --END-- [ RunTime:0.050003s ]
INFO: [ view_filter ] --START--
INFO: Run Behavior\WriteHtmlCache [ RunTime:0.001000s ]
INFO: [ view_filter ] --END-- [ RunTime:0.001000s ]
INFO: [ app_end ] --START--
INFO: Run Behavior\ShowPageTrace [ RunTime:0.001000s ]
INFO: [ app_end ] --END-- [ RunTime:0.001000s ]

[ 2015-11-16T17:42:13+08:00 ] ::1 /ke361/index.php?s=/Admin/Article/index/cate_id/2.html
SQL: SHOW COLUMNS FROM `wu_menu` [ RunTime:0.003000s ]
SQL: SELECT * FROM `wu_menu` WHERE ( `pid` = 0 ) AND ( `hide` = 0 ) ORDER BY sort asc  [ RunTime:0.001000s ]
SQL: SELECT `id` FROM `wu_menu` WHERE ( url like '%Article/index%' ) LIMIT 1   [ RunTime:0.000000s ]
SQL: SHOW COLUMNS FROM `wu_menu` [ RunTime:0.002000s ]
SQL: SELECT `id`,`pid`,`title` FROM `wu_menu` WHERE ( id=3 ) LIMIT 1   [ RunTime:0.000000s ]
SQL: SELECT `id`,`pid`,`title` FROM `wu_menu` WHERE ( id=2 ) LIMIT 1   [ RunTime:0.000000s ]
SQL: SELECT DISTINCT  `group` FROM `wu_menu` WHERE ( pid = 2 )  [ RunTime:0.000000s ]
SQL: SELECT `id`,`url` FROM `wu_menu` WHERE ( `pid` = 2 ) AND ( `hide` = 0 )  [ RunTime:0.000000s ]
SQL: SELECT `id`,`pid`,`title`,`url`,`tip` FROM `wu_menu` WHERE ( `group` = '内容' ) AND ( `pid` = 2 ) AND ( `hide` = 0 ) ORDER BY sort asc  [ RunTime:0.000000s ]
SQL: SHOW COLUMNS FROM `wu_auth_group_access` [ RunTime:0.002001s ]
SQL: SELECT `extend_id` FROM wu_auth_group_access g INNER JOIN wu_auth_extend c on g.group_id=c.group_id  WHERE ( g.uid='1' and c.type='1' and !isnull(extend_id) )  [ RunTime:0.000000s ]
SQL: SHOW COLUMNS FROM `wu_category` [ RunTime:0.002000s ]
SQL: SELECT `id`,`title`,`pid`,`allow_publish` FROM `wu_category` WHERE ( `status` = 1 ) ORDER BY pid,sort  [ RunTime:0.000000s ]
SQL: SELECT `id`,`title`,`pid` FROM `wu_category` WHERE ( `status` = 1 ) ORDER BY sort  [ RunTime:0.000000s ]
SQL: SELECT * FROM `wu_category` WHERE ( `id` = 2 ) LIMIT 1   [ RunTime:0.001000s ]
SQL: SHOW COLUMNS FROM `wu_model` [ RunTime:0.003000s ]
SQL: SELECT * FROM `wu_model` WHERE ( `name` = 'document' ) LIMIT 1   [ RunTime:0.000000s ]
SQL: SHOW COLUMNS FROM `wu_document` [ RunTime:0.003000s ]
SQL: SELECT * FROM `wu_document` WHERE ( `status` IN ('-1','0','1','2','3') ) AND ( `pid` = 0 ) AND ( `category_id` = 2 ) ORDER BY level DESC,id DESC  [ RunTime:0.000000s ]
INFO: [ view_parse ] --START--
INFO: [ template_filter ] --START--
INFO: Run Behavior\ContentReplace [ RunTime:0.001000s ]
INFO: [ template_filter ] --END-- [ RunTime:0.001000s ]
NOTIC: [8] Undefined index: _child D:\xampp\htdocs\KE361\Runtime\Cache\Admin\4b91f118d84eadfbcbfcd11c50a2ecef.php 第 93 行.
NOTIC: [8] Undefined index: _child D:\xampp\htdocs\KE361\Runtime\Cache\Admin\4b91f118d84eadfbcbfcd11c50a2ecef.php 第 93 行.
NOTIC: [8] Undefined index: _child D:\xampp\htdocs\KE361\Runtime\Cache\Admin\4b91f118d84eadfbcbfcd11c50a2ecef.php 第 93 行.
NOTIC: [8] Undefined variable: _total D:\xampp\htdocs\KE361\Runtime\Cache\Admin\4b91f118d84eadfbcbfcd11c50a2ecef.php 第 165 行.
NOTIC: [8] Undefined variable: _page D:\xampp\htdocs\KE361\Runtime\Cache\Admin\4b91f118d84eadfbcbfcd11c50a2ecef.php 第 259 行.
INFO: Run Behavior\ParseTemplate [ RunTime:0.022002s ]
INFO: [ view_parse ] --END-- [ RunTime:0.022002s ]
INFO: [ view_filter ] --START--
INFO: Run Behavior\WriteHtmlCache [ RunTime:0.000000s ]
INFO: [ view_filter ] --END-- [ RunTime:0.000000s ]
INFO: [ app_end ] --START--
INFO: Run Behavior\ShowPageTrace [ RunTime:0.001000s ]
INFO: [ app_end ] --END-- [ RunTime:0.001000s ]

[ 2015-11-16T17:42:14+08:00 ] ::1 /ke361/index.php?s=/Admin/Article/index/cate_id/40.html
SQL: SHOW COLUMNS FROM `wu_menu` [ RunTime:0.003000s ]
SQL: SELECT * FROM `wu_menu` WHERE ( `pid` = 0 ) AND ( `hide` = 0 ) ORDER BY sort asc  [ RunTime:0.001000s ]
SQL: SELECT `id` FROM `wu_menu` WHERE ( url like '%Article/index%' ) LIMIT 1   [ RunTime:0.000000s ]
SQL: SHOW COLUMNS FROM `wu_menu` [ RunTime:0.003000s ]
SQL: SELECT `id`,`pid`,`title` FROM `wu_menu` WHERE ( id=3 ) LIMIT 1   [ RunTime:0.000000s ]
SQL: SELECT `id`,`pid`,`title` FROM `wu_menu` WHERE ( id=2 ) LIMIT 1   [ RunTime:0.000000s ]
SQL: SELECT DISTINCT  `group` FROM `wu_menu` WHERE ( pid = 2 )  [ RunTime:0.000000s ]
SQL: SELECT `id`,`url` FROM `wu_menu` WHERE ( `pid` = 2 ) AND ( `hide` = 0 )  [ RunTime:0.001000s ]
SQL: SELECT `id`,`pid`,`title`,`url`,`tip` FROM `wu_menu` WHERE ( `group` = '内容' ) AND ( `pid` = 2 ) AND ( `hide` = 0 ) ORDER BY sort asc  [ RunTime:0.000000s ]
SQL: SHOW COLUMNS FROM `wu_auth_group_access` [ RunTime:0.002000s ]
SQL: SELECT `extend_id` FROM wu_auth_group_access g INNER JOIN wu_auth_extend c on g.group_id=c.group_id  WHERE ( g.uid='1' and c.type='1' and !isnull(extend_id) )  [ RunTime:0.000000s ]
SQL: SHOW COLUMNS FROM `wu_category` [ RunTime:0.003001s ]
SQL: SELECT `id`,`title`,`pid`,`allow_publish` FROM `wu_category` WHERE ( `status` = 1 ) ORDER BY pid,sort  [ RunTime:0.001000s ]
SQL: SELECT `id`,`title`,`pid` FROM `wu_category` WHERE ( `status` = 1 ) ORDER BY sort  [ RunTime:0.000000s ]
SQL: SHOW COLUMNS FROM `wu_model` [ RunTime:0.003000s ]
SQL: SELECT * FROM `wu_model` WHERE ( `name` = 'document' ) LIMIT 1   [ RunTime:0.000000s ]
SQL: SHOW COLUMNS FROM `wu_document` [ RunTime:0.003000s ]
SQL: SELECT * FROM `wu_document` WHERE ( `status` IN ('-1','0','1','2','3') ) AND ( `pid` = 0 ) AND ( `category_id` = 40 ) ORDER BY level DESC,id DESC  [ RunTime:0.000000s ]
INFO: [ view_parse ] --START--
INFO: [ template_filter ] --START--
INFO: Run Behavior\ContentReplace [ RunTime:0.000000s ]
INFO: [ template_filter ] --END-- [ RunTime:0.000000s ]
NOTIC: [8] Undefined index: _child D:\xampp\htdocs\KE361\Runtime\Cache\Admin\4b91f118d84eadfbcbfcd11c50a2ecef.php 第 93 行.
NOTIC: [8] Undefined index: _child D:\xampp\htdocs\KE361\Runtime\Cache\Admin\4b91f118d84eadfbcbfcd11c50a2ecef.php 第 93 行.
NOTIC: [8] Undefined index: _child D:\xampp\htdocs\KE361\Runtime\Cache\Admin\4b91f118d84eadfbcbfcd11c50a2ecef.php 第 93 行.
NOTIC: [8] Undefined variable: _total D:\xampp\htdocs\KE361\Runtime\Cache\Admin\4b91f118d84eadfbcbfcd11c50a2ecef.php 第 165 行.
NOTIC: [8] Undefined variable: _page D:\xampp\htdocs\KE361\Runtime\Cache\Admin\4b91f118d84eadfbcbfcd11c50a2ecef.php 第 259 行.
INFO: Run Behavior\ParseTemplate [ RunTime:0.021001s ]
INFO: [ view_parse ] --END-- [ RunTime:0.022001s ]
INFO: [ view_filter ] --START--
INFO: Run Behavior\WriteHtmlCache [ RunTime:0.000000s ]
INFO: [ view_filter ] --END-- [ RunTime:0.000000s ]
INFO: [ app_end ] --START--
INFO: Run Behavior\ShowPageTrace [ RunTime:0.001000s ]
INFO: [ app_end ] --END-- [ RunTime:0.001000s ]

[ 2015-11-16T17:42:16+08:00 ] ::1 /ke361/index.php?s=/Admin/Article/index/cate_id/41.html
SQL: SHOW COLUMNS FROM `wu_menu` [ RunTime:0.003001s ]
SQL: SELECT * FROM `wu_menu` WHERE ( `pid` = 0 ) AND ( `hide` = 0 ) ORDER BY sort asc  [ RunTime:0.000000s ]
SQL: SELECT `id` FROM `wu_menu` WHERE ( url like '%Article/index%' ) LIMIT 1   [ RunTime:0.000000s ]
SQL: SHOW COLUMNS FROM `wu_menu` [ RunTime:0.003000s ]
SQL: SELECT `id`,`pid`,`title` FROM `wu_menu` WHERE ( id=3 ) LIMIT 1   [ RunTime:0.000000s ]
SQL: SELECT `id`,`pid`,`title` FROM `wu_menu` WHERE ( id=2 ) LIMIT 1   [ RunTime:0.000000s ]
SQL: SELECT DISTINCT  `group` FROM `wu_menu` WHERE ( pid = 2 )  [ RunTime:0.000000s ]
SQL: SELECT `id`,`url` FROM `wu_menu` WHERE ( `pid` = 2 ) AND ( `hide` = 0 )  [ RunTime:0.000000s ]
SQL: SELECT `id`,`pid`,`title`,`url`,`tip` FROM `wu_menu` WHERE ( `group` = '内容' ) AND ( `pid` = 2 ) AND ( `hide` = 0 ) ORDER BY sort asc  [ RunTime:0.000000s ]
SQL: SHOW COLUMNS FROM `wu_auth_group_access` [ RunTime:0.002000s ]
SQL: SELECT `extend_id` FROM wu_auth_group_access g INNER JOIN wu_auth_extend c on g.group_id=c.group_id  WHERE ( g.uid='1' and c.type='1' and !isnull(extend_id) )  [ RunTime:0.000000s ]
SQL: SHOW COLUMNS FROM `wu_category` [ RunTime:0.003000s ]
SQL: SELECT `id`,`title`,`pid`,`allow_publish` FROM `wu_category` WHERE ( `status` = 1 ) ORDER BY pid,sort  [ RunTime:0.000000s ]
SQL: SELECT `id`,`title`,`pid` FROM `wu_category` WHERE ( `status` = 1 ) ORDER BY sort  [ RunTime:0.000000s ]
SQL: SELECT * FROM `wu_category` WHERE ( `id` = 41 ) LIMIT 1   [ RunTime:0.000000s ]
SQL: SHOW COLUMNS FROM `wu_model` [ RunTime:0.002000s ]
SQL: SELECT * FROM `wu_model` WHERE ( `name` = 'document' ) LIMIT 1   [ RunTime:0.001001s ]
SQL: SHOW COLUMNS FROM `wu_document` [ RunTime:0.002000s ]
SQL: SELECT * FROM `wu_document` WHERE ( `status` IN ('-1','0','1','2','3') ) AND ( `pid` = 0 ) AND ( `category_id` = 41 ) ORDER BY level DESC,id DESC  [ RunTime:0.000000s ]
INFO: [ view_parse ] --START--
INFO: [ template_filter ] --START--
INFO: Run Behavior\ContentReplace [ RunTime:0.000000s ]
INFO: [ template_filter ] --END-- [ RunTime:0.000000s ]
NOTIC: [8] Undefined index: _child D:\xampp\htdocs\KE361\Runtime\Cache\Admin\4b91f118d84eadfbcbfcd11c50a2ecef.php 第 93 行.
NOTIC: [8] Undefined index: _child D:\xampp\htdocs\KE361\Runtime\Cache\Admin\4b91f118d84eadfbcbfcd11c50a2ecef.php 第 93 行.
NOTIC: [8] Undefined index: _child D:\xampp\htdocs\KE361\Runtime\Cache\Admin\4b91f118d84eadfbcbfcd11c50a2ecef.php 第 93 行.
NOTIC: [8] Undefined variable: _total D:\xampp\htdocs\KE361\Runtime\Cache\Admin\4b91f118d84eadfbcbfcd11c50a2ecef.php 第 165 行.
NOTIC: [8] Undefined variable: _page D:\xampp\htdocs\KE361\Runtime\Cache\Admin\4b91f118d84eadfbcbfcd11c50a2ecef.php 第 259 行.
INFO: Run Behavior\ParseTemplate [ RunTime:0.023001s ]
INFO: [ view_parse ] --END-- [ RunTime:0.023001s ]
INFO: [ view_filter ] --START--
INFO: Run Behavior\WriteHtmlCache [ RunTime:0.001000s ]
INFO: [ view_filter ] --END-- [ RunTime:0.001000s ]
INFO: [ app_end ] --START--
INFO: Run Behavior\ShowPageTrace [ RunTime:0.000000s ]
INFO: [ app_end ] --END-- [ RunTime:0.001000s ]

[ 2015-11-16T17:42:18+08:00 ] ::1 /ke361/index.php?s=/Admin/Article/index/cate_id/42.html
SQL: SHOW COLUMNS FROM `wu_menu` [ RunTime:0.002000s ]
SQL: SELECT * FROM `wu_menu` WHERE ( `pid` = 0 ) AND ( `hide` = 0 ) ORDER BY sort asc  [ RunTime:0.000000s ]
SQL: SELECT `id` FROM `wu_menu` WHERE ( url like '%Article/index%' ) LIMIT 1   [ RunTime:0.001001s ]
SQL: SHOW COLUMNS FROM `wu_menu` [ RunTime:0.002000s ]
SQL: SELECT `id`,`pid`,`title` FROM `wu_menu` WHERE ( id=3 ) LIMIT 1   [ RunTime:0.000000s ]
SQL: SELECT `id`,`pid`,`title` FROM `wu_menu` WHERE ( id=2 ) LIMIT 1   [ RunTime:0.000000s ]
SQL: SELECT DISTINCT  `group` FROM `wu_menu` WHERE ( pid = 2 )  [ RunTime:0.000000s ]
SQL: SELECT `id`,`url` FROM `wu_menu` WHERE ( `pid` = 2 ) AND ( `hide` = 0 )  [ RunTime:0.000000s ]
SQL: SELECT `id`,`pid`,`title`,`url`,`tip` FROM `wu_menu` WHERE ( `group` = '内容' ) AND ( `pid` = 2 ) AND ( `hide` = 0 ) ORDER BY sort asc  [ RunTime:0.000000s ]
SQL: SHOW COLUMNS FROM `wu_auth_group_access` [ RunTime:0.002000s ]
SQL: SELECT `extend_id` FROM wu_auth_group_access g INNER JOIN wu_auth_extend c on g.group_id=c.group_id  WHERE ( g.uid='1' and c.type='1' and !isnull(extend_id) )  [ RunTime:0.000000s ]
SQL: SHOW COLUMNS FROM `wu_category` [ RunTime:0.003000s ]
SQL: SELECT `id`,`title`,`pid`,`allow_publish` FROM `wu_category` WHERE ( `status` = 1 ) ORDER BY pid,sort  [ RunTime:0.000000s ]
SQL: SELECT `id`,`title`,`pid` FROM `wu_category` WHERE ( `status` = 1 ) ORDER BY sort  [ RunTime:0.000000s ]
SQL: SHOW COLUMNS FROM `wu_model` [ RunTime:0.002000s ]
SQL: SELECT * FROM `wu_model` WHERE ( `name` = 'document' ) LIMIT 1   [ RunTime:0.001000s ]
SQL: SHOW COLUMNS FROM `wu_document` [ RunTime:0.002000s ]
SQL: SELECT * FROM `wu_document` WHERE ( `status` IN ('-1','0','1','2','3') ) AND ( `pid` = 0 ) AND ( `category_id` = 42 ) ORDER BY level DESC,id DESC  [ RunTime:0.001000s ]
INFO: [ view_parse ] --START--
INFO: [ template_filter ] --START--
INFO: Run Behavior\ContentReplace [ RunTime:0.000000s ]
INFO: [ template_filter ] --END-- [ RunTime:0.000000s ]
NOTIC: [8] Undefined index: _child D:\xampp\htdocs\KE361\Runtime\Cache\Admin\4b91f118d84eadfbcbfcd11c50a2ecef.php 第 93 行.
NOTIC: [8] Undefined index: _child D:\xampp\htdocs\KE361\Runtime\Cache\Admin\4b91f118d84eadfbcbfcd11c50a2ecef.php 第 93 行.
NOTIC: [8] Undefined index: _child D:\xampp\htdocs\KE361\Runtime\Cache\Admin\4b91f118d84eadfbcbfcd11c50a2ecef.php 第 93 行.
NOTIC: [8] Undefined variable: _total D:\xampp\htdocs\KE361\Runtime\Cache\Admin\4b91f118d84eadfbcbfcd11c50a2ecef.php 第 165 行.
NOTIC: [8] Undefined variable: _page D:\xampp\htdocs\KE361\Runtime\Cache\Admin\4b91f118d84eadfbcbfcd11c50a2ecef.php 第 259 行.
INFO: Run Behavior\ParseTemplate [ RunTime:0.023002s ]
INFO: [ view_parse ] --END-- [ RunTime:0.023002s ]
INFO: [ view_filter ] --START--
INFO: Run Behavior\WriteHtmlCache [ RunTime:0.000000s ]
INFO: [ view_filter ] --END-- [ RunTime:0.000000s ]
INFO: [ app_end ] --START--
INFO: Run Behavior\ShowPageTrace [ RunTime:0.001000s ]
INFO: [ app_end ] --END-- [ RunTime:0.001000s ]

